<?xml version="1.0"?>
<testsuite name="PhantomJS 1.9.8 (Mac OS X 0.0.0)" package="unit" timestamp="2015-12-04T23:02:41" id="0" hostname="ad-00019797.ad.wrightexpress.com" tests="1354" errors="0" failures="0" time="-0.426">
  <properties>
    <property name="browser.fullName" value="Mozilla/5.0 (Macintosh; Intel Mac OS X) AppleWebKit/534.34 (KHTML, like Gecko) PhantomJS/1.9.8 Safari/534.34"/>
  </properties>
  <testcase name="should reset the account" time="0.039" classname="PhantomJS_1_9_8_(Mac_OS_X_0_0_0).unit.An Account Manager"/>
  <testcase name="should NOT call AccountsResource.getAccount" time="0.018" classname="PhantomJS_1_9_8_(Mac_OS_X_0_0_0).unit.An Account Manager"/>
  <testcase name="should resolve with the cached account" time="0.009" classname="PhantomJS_1_9_8_(Mac_OS_X_0_0_0).unit.An Account Manager"/>
  <testcase name="should call AccountsResource.getAccount" time="0.012" classname="PhantomJS_1_9_8_(Mac_OS_X_0_0_0).unit.An Account Manager"/>
  <testcase name="should resolve with a model for the account" time="0.009" classname="PhantomJS_1_9_8_(Mac_OS_X_0_0_0).unit.An Account Manager"/>
  <testcase name="should set the cached account to the new account" time="0.007" classname="PhantomJS_1_9_8_(Mac_OS_X_0_0_0).unit.An Account Manager"/>
  <testcase name="should throw an error" time="0.008" classname="PhantomJS_1_9_8_(Mac_OS_X_0_0_0).unit.An Account Manager"/>
  <testcase name="should NOT resolve" time="0.008" classname="PhantomJS_1_9_8_(Mac_OS_X_0_0_0).unit.An Account Manager"/>
  <testcase name="should NOT modify the cached account" time="0.008" classname="PhantomJS_1_9_8_(Mac_OS_X_0_0_0).unit.An Account Manager"/>
  <testcase name="should throw an error" time="0.02" classname="PhantomJS_1_9_8_(Mac_OS_X_0_0_0).unit.An Account Manager"/>
  <testcase name="should NOT resolve" time="0.01" classname="PhantomJS_1_9_8_(Mac_OS_X_0_0_0).unit.An Account Manager"/>
  <testcase name="should NOT modify the cached account" time="0.009" classname="PhantomJS_1_9_8_(Mac_OS_X_0_0_0).unit.An Account Manager"/>
  <testcase name="should return the account passed to setAccount" time="0.009" classname="PhantomJS_1_9_8_(Mac_OS_X_0_0_0).unit.An Account Manager"/>
  <testcase name="should replace the account with the new account" time="0.007" classname="PhantomJS_1_9_8_(Mac_OS_X_0_0_0).unit.An Account Manager"/>
  <testcase name="should set the AccountModel object with the fields from the passed in accountResource object that they have in common" time="0.007" classname="PhantomJS_1_9_8_(Mac_OS_X_0_0_0).unit.An Account Model Service"/>
  <testcase name="should NOT change the AccountModel object fields that the accountResource object does not have" time="0.006" classname="PhantomJS_1_9_8_(Mac_OS_X_0_0_0).unit.An Account Model Service"/>
  <testcase name="should extend the AccountModel object with the fields from the passed in accountResource object that the AccountModel does not have" time="0.006" classname="PhantomJS_1_9_8_(Mac_OS_X_0_0_0).unit.An Account Model Service"/>
  <testcase name="should return true" time="0.007" classname="PhantomJS_1_9_8_(Mac_OS_X_0_0_0).unit.An Account Model Service"/>
  <testcase name="should return false" time="0.006" classname="PhantomJS_1_9_8_(Mac_OS_X_0_0_0).unit.An Account Model Service"/>
  <testcase name="should set the AddressModel object with the fields from the passed in addressResource object that they have in common" time="0.007" classname="PhantomJS_1_9_8_(Mac_OS_X_0_0_0).unit.An Address Model Service"/>
  <testcase name="should NOT change the AddressModel object fields that the addressResource object does not have" time="0.028" classname="PhantomJS_1_9_8_(Mac_OS_X_0_0_0).unit.An Address Model Service"/>
  <testcase name="should extend the AddressModel object with the fields from the passed in addressResource object that the AddressModel does not have" time="0.007" classname="PhantomJS_1_9_8_(Mac_OS_X_0_0_0).unit.An Address Model Service"/>
  <testcase name="should call CommonService.isPoBox with addressLine1" time="0.008" classname="PhantomJS_1_9_8_(Mac_OS_X_0_0_0).unit.An Address Model Service"/>
  <testcase name="should return true" time="0.009" classname="PhantomJS_1_9_8_(Mac_OS_X_0_0_0).unit.An Address Model Service"/>
  <testcase name="should call CommonService.isPoBox with addressLine1" time="0.008" classname="PhantomJS_1_9_8_(Mac_OS_X_0_0_0).unit.An Address Model Service"/>
  <testcase name="should call CommonService.isPoBox with addressLine2" time="0.007" classname="PhantomJS_1_9_8_(Mac_OS_X_0_0_0).unit.An Address Model Service"/>
  <testcase name="should return true" time="0.007" classname="PhantomJS_1_9_8_(Mac_OS_X_0_0_0).unit.An Address Model Service"/>
  <testcase name="should call CommonService.isPoBox with addressLine1" time="0.006" classname="PhantomJS_1_9_8_(Mac_OS_X_0_0_0).unit.An Address Model Service"/>
  <testcase name="should call CommonService.isPoBox with addressLine2" time="0.006" classname="PhantomJS_1_9_8_(Mac_OS_X_0_0_0).unit.An Address Model Service"/>
  <testcase name="should return false" time="0.007" classname="PhantomJS_1_9_8_(Mac_OS_X_0_0_0).unit.An Address Model Service"/>
  <testcase name="should set the ShippingCarrierModel object with the fields from the passed in shippingCarrierResource object that they have in common" time="0.006" classname="PhantomJS_1_9_8_(Mac_OS_X_0_0_0).unit.A Shipping Carrier Model Service"/>
  <testcase name="should NOT change the ShippingCarrierModel object fields that the shippingCarrierResource object does not have" time="0.006" classname="PhantomJS_1_9_8_(Mac_OS_X_0_0_0).unit.A Shipping Carrier Model Service"/>
  <testcase name="should extend the ShippingCarrierModel object with the fields from the passed in shippingCarrierResource object that the ShippingCarrierModel does not have" time="0.007" classname="PhantomJS_1_9_8_(Mac_OS_X_0_0_0).unit.A Shipping Carrier Model Service"/>
  <testcase name="should return the default shipping method" time="0.007" classname="PhantomJS_1_9_8_(Mac_OS_X_0_0_0).unit.A Shipping Carrier Model Service"/>
  <testcase name="should return falsy" time="0.008" classname="PhantomJS_1_9_8_(Mac_OS_X_0_0_0).unit.A Shipping Carrier Model Service"/>
  <testcase name="should return name" time="0.01" classname="PhantomJS_1_9_8_(Mac_OS_X_0_0_0).unit.A Shipping Carrier Model Service"/>
  <testcase name="should set the ShippingMethodModel object with the fields from the passed in shippingMethodResource object that they have in common" time="0.01" classname="PhantomJS_1_9_8_(Mac_OS_X_0_0_0).unit.A Shipping Method Model Service"/>
  <testcase name="should NOT change the ShippingMethodModel object fields that the shippingMethodResource object does not have" time="0.049" classname="PhantomJS_1_9_8_(Mac_OS_X_0_0_0).unit.A Shipping Method Model Service"/>
  <testcase name="should extend the ShippingMethodModel object with the fields from the passed in shippingMethodResource object that the ShippingMethodModel does not have" time="0.008" classname="PhantomJS_1_9_8_(Mac_OS_X_0_0_0).unit.A Shipping Method Model Service"/>
  <testcase name="should reset the active banks" time="0.01" classname="PhantomJS_1_9_8_(Mac_OS_X_0_0_0).unit.A Bank Manager"/>
  <testcase name="should call BanksResource.getActiveBanks" time="0.009" classname="PhantomJS_1_9_8_(Mac_OS_X_0_0_0).unit.A Bank Manager"/>
  <testcase name="should set the active banks" time="0.012" classname="PhantomJS_1_9_8_(Mac_OS_X_0_0_0).unit.A Bank Manager"/>
  <testcase name="should resolve" time="0.011" classname="PhantomJS_1_9_8_(Mac_OS_X_0_0_0).unit.A Bank Manager"/>
  <testcase name="should throw an error" time="0.012" classname="PhantomJS_1_9_8_(Mac_OS_X_0_0_0).unit.A Bank Manager"/>
  <testcase name="should NOT update the active banks" time="0.01" classname="PhantomJS_1_9_8_(Mac_OS_X_0_0_0).unit.A Bank Manager"/>
  <testcase name="should throw an error" time="0.01" classname="PhantomJS_1_9_8_(Mac_OS_X_0_0_0).unit.A Bank Manager"/>
  <testcase name="should NOT update the active banks" time="0.008" classname="PhantomJS_1_9_8_(Mac_OS_X_0_0_0).unit.A Bank Manager"/>
  <testcase name="should return the active banks passed to setActiveBanks" time="0.007" classname="PhantomJS_1_9_8_(Mac_OS_X_0_0_0).unit.A Bank Manager"/>
  <testcase name="should NOT call BanksResource.getActiveBanks" time="0.008" classname="PhantomJS_1_9_8_(Mac_OS_X_0_0_0).unit.A Bank Manager"/>
  <testcase name="should return the correct result" time="0.01" classname="PhantomJS_1_9_8_(Mac_OS_X_0_0_0).unit.A Bank Manager"/>
  <testcase name="should NOT reject" time="0.01" classname="PhantomJS_1_9_8_(Mac_OS_X_0_0_0).unit.A Bank Manager"/>
  <testcase name="should call BanksResource.getActiveBanks" time="0.007" classname="PhantomJS_1_9_8_(Mac_OS_X_0_0_0).unit.A Bank Manager"/>
  <testcase name="should return the correct result" time="0.008" classname="PhantomJS_1_9_8_(Mac_OS_X_0_0_0).unit.A Bank Manager"/>
  <testcase name="should NOT reject" time="0.006" classname="PhantomJS_1_9_8_(Mac_OS_X_0_0_0).unit.A Bank Manager"/>
  <testcase name="should return the correct bank" time="0.008" classname="PhantomJS_1_9_8_(Mac_OS_X_0_0_0).unit.A Bank Manager"/>
  <testcase name="should NOT reject" time="0.019" classname="PhantomJS_1_9_8_(Mac_OS_X_0_0_0).unit.A Bank Manager"/>
  <testcase name="should return the correct bank" time="0.01" classname="PhantomJS_1_9_8_(Mac_OS_X_0_0_0).unit.A Bank Manager"/>
  <testcase name="should NOT reject" time="0.007" classname="PhantomJS_1_9_8_(Mac_OS_X_0_0_0).unit.A Bank Manager"/>
  <testcase name="should return false" time="0.008" classname="PhantomJS_1_9_8_(Mac_OS_X_0_0_0).unit.A Bank Manager"/>
  <testcase name="should NOT reject" time="0.006" classname="PhantomJS_1_9_8_(Mac_OS_X_0_0_0).unit.A Bank Manager"/>
  <testcase name="should return true" time="0.088" classname="PhantomJS_1_9_8_(Mac_OS_X_0_0_0).unit.A Bank Manager"/>
  <testcase name="should NOT reject" time="0.014" classname="PhantomJS_1_9_8_(Mac_OS_X_0_0_0).unit.A Bank Manager"/>
  <testcase name="should update the active banks returned by getActiveBanks" time="0.01" classname="PhantomJS_1_9_8_(Mac_OS_X_0_0_0).unit.A Bank Manager"/>
  <testcase name="should set the BankModel object with the fields from the passed in bankResource object that they have in common" time="0.008" classname="PhantomJS_1_9_8_(Mac_OS_X_0_0_0).unit.A Bank Model Service"/>
  <testcase name="should NOT change the BankModel object fields that the bankResource object does not have" time="0.008" classname="PhantomJS_1_9_8_(Mac_OS_X_0_0_0).unit.A Bank Model Service"/>
  <testcase name="should extend the BankModel object with the fields from the passed in bankResource object that the BankModel does not have" time="0.008" classname="PhantomJS_1_9_8_(Mac_OS_X_0_0_0).unit.A Bank Model Service"/>
  <testcase name="should return the Bank Name + Last Four Digits" time="0.02" classname="PhantomJS_1_9_8_(Mac_OS_X_0_0_0).unit.A Bank Model Service"/>
  <testcase name="should return the Last Four Digits" time="0.014" classname="PhantomJS_1_9_8_(Mac_OS_X_0_0_0).unit.A Bank Model Service"/>
  <testcase name="should return the Last Four Digits" time="0.013" classname="PhantomJS_1_9_8_(Mac_OS_X_0_0_0).unit.A Bank Model Service"/>
  <testcase name="should return the Last Four Digits" time="0.01" classname="PhantomJS_1_9_8_(Mac_OS_X_0_0_0).unit.A Bank Model Service"/>
  <testcase name="should be defined" time="0.028" classname="PhantomJS_1_9_8_(Mac_OS_X_0_0_0).unit.A Card Module Route Config"/>
  <testcase name="should be abstract" time="0.019" classname="PhantomJS_1_9_8_(Mac_OS_X_0_0_0).unit.A Card Module Route Config"/>
  <testcase name="should have the expected URL" time="0.014" classname="PhantomJS_1_9_8_(Mac_OS_X_0_0_0).unit.A Card Module Route Config"/>
  <testcase name="should define a view on the root container" time="0.012" classname="PhantomJS_1_9_8_(Mac_OS_X_0_0_0).unit.A Card Module Route Config"/>
  <testcase name="should be valid" time="0.01" classname="PhantomJS_1_9_8_(Mac_OS_X_0_0_0).unit.A Card Module Route Config"/>
  <testcase name="should not be abstract" time="0.011" classname="PhantomJS_1_9_8_(Mac_OS_X_0_0_0).unit.A Card Module Route Config"/>
  <testcase name="should not be cached" time="0.009" classname="PhantomJS_1_9_8_(Mac_OS_X_0_0_0).unit.A Card Module Route Config"/>
  <testcase name="should have the expected URL" time="0.009" classname="PhantomJS_1_9_8_(Mac_OS_X_0_0_0).unit.A Card Module Route Config"/>
  <testcase name="should respond to the URL" time="0.008" classname="PhantomJS_1_9_8_(Mac_OS_X_0_0_0).unit.A Card Module Route Config"/>
  <testcase name="should transition successfully" time="0.035" classname="PhantomJS_1_9_8_(Mac_OS_X_0_0_0).unit.A Card Module Route Config"/>
  <testcase name="should be valid" time="0.017" classname="PhantomJS_1_9_8_(Mac_OS_X_0_0_0).unit.A Card Module Route Config"/>
  <testcase name="should not be abstract" time="0.012" classname="PhantomJS_1_9_8_(Mac_OS_X_0_0_0).unit.A Card Module Route Config"/>
  <testcase name="should not be cached" time="0.014" classname="PhantomJS_1_9_8_(Mac_OS_X_0_0_0).unit.A Card Module Route Config"/>
  <testcase name="should have the expected URL" time="0.01" classname="PhantomJS_1_9_8_(Mac_OS_X_0_0_0).unit.A Card Module Route Config"/>
  <testcase name="should respond to the URL" time="0.01" classname="PhantomJS_1_9_8_(Mac_OS_X_0_0_0).unit.A Card Module Route Config"/>
  <testcase name="should call CardManager.fetchCard" time="0.02" classname="PhantomJS_1_9_8_(Mac_OS_X_0_0_0).unit.A Card Module Route Config"/>
  <testcase name="should transition successfully" time="0.02" classname="PhantomJS_1_9_8_(Mac_OS_X_0_0_0).unit.A Card Module Route Config"/>
  <testcase name="should resolve the card" time="0.018" classname="PhantomJS_1_9_8_(Mac_OS_X_0_0_0).unit.A Card Module Route Config"/>
  <testcase name="should be defined" time="0.117" classname="PhantomJS_1_9_8_(Mac_OS_X_0_0_0).unit.A Card Module Route Config"/>
  <testcase name="should be abstract" time="0.013" classname="PhantomJS_1_9_8_(Mac_OS_X_0_0_0).unit.A Card Module Route Config"/>
  <testcase name="should have the expected URL" time="0.012" classname="PhantomJS_1_9_8_(Mac_OS_X_0_0_0).unit.A Card Module Route Config"/>
  <testcase name="should resolve the expected card" time="0.018" classname="PhantomJS_1_9_8_(Mac_OS_X_0_0_0).unit.A Card Module Route Config"/>
  <testcase name="should be valid" time="0.013" classname="PhantomJS_1_9_8_(Mac_OS_X_0_0_0).unit.A Card Module Route Config"/>
  <testcase name="should not be abstract" time="0.03" classname="PhantomJS_1_9_8_(Mac_OS_X_0_0_0).unit.A Card Module Route Config"/>
  <testcase name="should not be cached" time="0.015" classname="PhantomJS_1_9_8_(Mac_OS_X_0_0_0).unit.A Card Module Route Config"/>
  <testcase name="should use its parent's URL" time="0.011" classname="PhantomJS_1_9_8_(Mac_OS_X_0_0_0).unit.A Card Module Route Config"/>
  <testcase name="should respond to the URL" time="0.01" classname="PhantomJS_1_9_8_(Mac_OS_X_0_0_0).unit.A Card Module Route Config"/>
  <testcase name="should be valid" time="0.01" classname="PhantomJS_1_9_8_(Mac_OS_X_0_0_0).unit.A Card Module Route Config"/>
  <testcase name="should not be abstract" time="0.012" classname="PhantomJS_1_9_8_(Mac_OS_X_0_0_0).unit.A Card Module Route Config"/>
  <testcase name="should not be cached" time="0.012" classname="PhantomJS_1_9_8_(Mac_OS_X_0_0_0).unit.A Card Module Route Config"/>
  <testcase name="should have the expected URL" time="0.014" classname="PhantomJS_1_9_8_(Mac_OS_X_0_0_0).unit.A Card Module Route Config"/>
  <testcase name="should respond to the URL" time="0.014" classname="PhantomJS_1_9_8_(Mac_OS_X_0_0_0).unit.A Card Module Route Config"/>
  <testcase name="should be defined" time="0.01" classname="PhantomJS_1_9_8_(Mac_OS_X_0_0_0).unit.A Card Module Route Config"/>
  <testcase name="should NOT be cached" time="0.009" classname="PhantomJS_1_9_8_(Mac_OS_X_0_0_0).unit.A Card Module Route Config"/>
  <testcase name="should be abstract" time="0.008" classname="PhantomJS_1_9_8_(Mac_OS_X_0_0_0).unit.A Card Module Route Config"/>
  <testcase name="should have the expected URL" time="0.008" classname="PhantomJS_1_9_8_(Mac_OS_X_0_0_0).unit.A Card Module Route Config"/>
  <testcase name="should define a view in the card view container" time="0.008" classname="PhantomJS_1_9_8_(Mac_OS_X_0_0_0).unit.A Card Module Route Config"/>
  <testcase name="should resolve cardReissueDetails to a new CardReissueModel" time="0.011" classname="PhantomJS_1_9_8_(Mac_OS_X_0_0_0).unit.A Card Module Route Config"/>
  <testcase name="should resolve account to the expected account for the view" time="0.011" classname="PhantomJS_1_9_8_(Mac_OS_X_0_0_0).unit.A Card Module Route Config"/>
  <testcase name="should resolve card to the expected card for the view" time="0.011" classname="PhantomJS_1_9_8_(Mac_OS_X_0_0_0).unit.A Card Module Route Config"/>
  <testcase name="should be valid" time="0.012" classname="PhantomJS_1_9_8_(Mac_OS_X_0_0_0).unit.A Card Module Route Config"/>
  <testcase name="should not be abstract" time="0.008" classname="PhantomJS_1_9_8_(Mac_OS_X_0_0_0).unit.A Card Module Route Config"/>
  <testcase name="should not be cached" time="0.01" classname="PhantomJS_1_9_8_(Mac_OS_X_0_0_0).unit.A Card Module Route Config"/>
  <testcase name="should use its parent's URL" time="0.007" classname="PhantomJS_1_9_8_(Mac_OS_X_0_0_0).unit.A Card Module Route Config"/>
  <testcase name="should respond to the URL" time="0.008" classname="PhantomJS_1_9_8_(Mac_OS_X_0_0_0).unit.A Card Module Route Config"/>
  <testcase name="should be valid" time="0.008" classname="PhantomJS_1_9_8_(Mac_OS_X_0_0_0).unit.A Card Module Route Config"/>
  <testcase name="should not be abstract" time="0.008" classname="PhantomJS_1_9_8_(Mac_OS_X_0_0_0).unit.A Card Module Route Config"/>
  <testcase name="should not be cached" time="0.009" classname="PhantomJS_1_9_8_(Mac_OS_X_0_0_0).unit.A Card Module Route Config"/>
  <testcase name="should have the expected URL" time="0.012" classname="PhantomJS_1_9_8_(Mac_OS_X_0_0_0).unit.A Card Module Route Config"/>
  <testcase name="should respond to the URL" time="0.014" classname="PhantomJS_1_9_8_(Mac_OS_X_0_0_0).unit.A Card Module Route Config"/>
  <testcase name="should be valid" time="0.011" classname="PhantomJS_1_9_8_(Mac_OS_X_0_0_0).unit.A Card Module Route Config"/>
  <testcase name="should not be abstract" time="0.009" classname="PhantomJS_1_9_8_(Mac_OS_X_0_0_0).unit.A Card Module Route Config"/>
  <testcase name="should not be cached" time="0.009" classname="PhantomJS_1_9_8_(Mac_OS_X_0_0_0).unit.A Card Module Route Config"/>
  <testcase name="should have the expected URL" time="0.009" classname="PhantomJS_1_9_8_(Mac_OS_X_0_0_0).unit.A Card Module Route Config"/>
  <testcase name="should respond to the URL" time="0.116" classname="PhantomJS_1_9_8_(Mac_OS_X_0_0_0).unit.A Card Module Route Config"/>
  <testcase name="should be valid" time="0.013" classname="PhantomJS_1_9_8_(Mac_OS_X_0_0_0).unit.A Card Module Route Config"/>
  <testcase name="should not be abstract" time="0.026" classname="PhantomJS_1_9_8_(Mac_OS_X_0_0_0).unit.A Card Module Route Config"/>
  <testcase name="should not be cached" time="0.02" classname="PhantomJS_1_9_8_(Mac_OS_X_0_0_0).unit.A Card Module Route Config"/>
  <testcase name="should have the expected URL" time="0.02" classname="PhantomJS_1_9_8_(Mac_OS_X_0_0_0).unit.A Card Module Route Config"/>
  <testcase name="should respond to the URL" time="0.013" classname="PhantomJS_1_9_8_(Mac_OS_X_0_0_0).unit.A Card Module Route Config"/>
  <testcase name="should set card to the given card object" time="0.013" classname="PhantomJS_1_9_8_(Mac_OS_X_0_0_0).unit.A Card Change Status Controller"/>
  <testcase name="should set cardStatuses to the expected constant values" time="0.01" classname="PhantomJS_1_9_8_(Mac_OS_X_0_0_0).unit.A Card Change Status Controller"/>
  <testcase name="should set config to the expected constant values" time="0.01" classname="PhantomJS_1_9_8_(Mac_OS_X_0_0_0).unit.A Card Change Status Controller"/>
  <testcase name="should call CommonService.displayConfirm with the expected values" time="0.011" classname="PhantomJS_1_9_8_(Mac_OS_X_0_0_0).unit.A Card Change Status Controller"/>
  <testcase name="should call CommonService.loadingBegin" time="0.011" classname="PhantomJS_1_9_8_(Mac_OS_X_0_0_0).unit.A Card Change Status Controller"/>
  <testcase name="should call CardManager.updateStatus with the expected values" time="0.013" classname="PhantomJS_1_9_8_(Mac_OS_X_0_0_0).unit.A Card Change Status Controller"/>
  <testcase name="should redirect to card.changeStatus.confirmation" time="0.014" classname="PhantomJS_1_9_8_(Mac_OS_X_0_0_0).unit.A Card Change Status Controller"/>
  <testcase name="should call CommonService.loadingComplete" time="0.011" classname="PhantomJS_1_9_8_(Mac_OS_X_0_0_0).unit.A Card Change Status Controller"/>
  <testcase name="should NOT redirect to card.changeStatus.confirmation" time="0.011" classname="PhantomJS_1_9_8_(Mac_OS_X_0_0_0).unit.A Card Change Status Controller"/>
  <testcase name="should call CommonService.loadingComplete" time="0.011" classname="PhantomJS_1_9_8_(Mac_OS_X_0_0_0).unit.A Card Change Status Controller"/>
  <testcase name="should NOT call CardManager.updateStatus" time="0.022" classname="PhantomJS_1_9_8_(Mac_OS_X_0_0_0).unit.A Card Change Status Controller"/>
  <testcase name="should NOT redirect to card.changeStatus.confirmation" time="0.014" classname="PhantomJS_1_9_8_(Mac_OS_X_0_0_0).unit.A Card Change Status Controller"/>
  <testcase name="should set card to the given card object" time="0.009" classname="PhantomJS_1_9_8_(Mac_OS_X_0_0_0).unit.A CardChangeStatusConfirmationController"/>
  <testcase name="should set config to the expected constant values" time="0.01" classname="PhantomJS_1_9_8_(Mac_OS_X_0_0_0).unit.A CardChangeStatusConfirmationController"/>
  <testcase name="should return the expected message" time="0.01" classname="PhantomJS_1_9_8_(Mac_OS_X_0_0_0).unit.A CardChangeStatusConfirmationController"/>
  <testcase name="should return the expected message" time="0.011" classname="PhantomJS_1_9_8_(Mac_OS_X_0_0_0).unit.A CardChangeStatusConfirmationController"/>
  <testcase name="should return an empty string" time="0.008" classname="PhantomJS_1_9_8_(Mac_OS_X_0_0_0).unit.A CardChangeStatusConfirmationController"/>
  <testcase name="should return an empty string" time="0.007" classname="PhantomJS_1_9_8_(Mac_OS_X_0_0_0).unit.A CardChangeStatusConfirmationController"/>
  <testcase name="should return an empty string" time="0.008" classname="PhantomJS_1_9_8_(Mac_OS_X_0_0_0).unit.A CardChangeStatusConfirmationController"/>
  <testcase name="should return an empty string" time="0.007" classname="PhantomJS_1_9_8_(Mac_OS_X_0_0_0).unit.A CardChangeStatusConfirmationController"/>
  <testcase name="should return an empty string" time="0.018" classname="PhantomJS_1_9_8_(Mac_OS_X_0_0_0).unit.A CardChangeStatusConfirmationController"/>
  <testcase name="should set the card" time="0.014" classname="PhantomJS_1_9_8_(Mac_OS_X_0_0_0).unit.A Card Detail Controller"/>
  <testcase name="should NOT set loadingComplete to false" time="0.013" classname="PhantomJS_1_9_8_(Mac_OS_X_0_0_0).unit.A Card List Controller"/>
  <testcase name="should NOT set currentPage to 0" time="0" classname="PhantomJS_1_9_8_(Mac_OS_X_0_0_0).unit.A Card List Controller">
    <skipped/>
  </testcase>
  <testcase name="should NOT set cards to an empty array" time="0.012" classname="PhantomJS_1_9_8_(Mac_OS_X_0_0_0).unit.A Card List Controller"/>
  <testcase name="should NOT remove the existing items from the DOM list" time="0.01" classname="PhantomJS_1_9_8_(Mac_OS_X_0_0_0).unit.A Card List Controller"/>
  <testcase name="should NOT call checkBounds on the infinite scroll's controller" time="0.009" classname="PhantomJS_1_9_8_(Mac_OS_X_0_0_0).unit.A Card List Controller"/>
  <testcase name="should set the active filter to the search filter" time="0.01" classname="PhantomJS_1_9_8_(Mac_OS_X_0_0_0).unit.A Card List Controller"/>
  <testcase name="should set loadingComplete to false" time="0.009" classname="PhantomJS_1_9_8_(Mac_OS_X_0_0_0).unit.A Card List Controller"/>
  <testcase name="should set currentPage to 0" time="0" classname="PhantomJS_1_9_8_(Mac_OS_X_0_0_0).unit.A Card List Controller">
    <skipped/>
  </testcase>
  <testcase name="should set cards to an empty array" time="0.01" classname="PhantomJS_1_9_8_(Mac_OS_X_0_0_0).unit.A Card List Controller"/>
  <testcase name="should remove the existing items from the DOM list" time="0.01" classname="PhantomJS_1_9_8_(Mac_OS_X_0_0_0).unit.A Card List Controller"/>
  <testcase name="should call checkBounds on the infinite scroll's controller" time="0.012" classname="PhantomJS_1_9_8_(Mac_OS_X_0_0_0).unit.A Card List Controller"/>
  <testcase name="should return the active search filter" time="0" classname="PhantomJS_1_9_8_(Mac_OS_X_0_0_0).unit.A Card List Controller">
    <skipped/>
  </testcase>
  <testcase name="should call CommonService.loadingBegin" time="0.015" classname="PhantomJS_1_9_8_(Mac_OS_X_0_0_0).unit.A Card List Controller"/>
  <testcase name="should call CardManager.fetchCards with the expected values" time="0.012" classname="PhantomJS_1_9_8_(Mac_OS_X_0_0_0).unit.A Card List Controller"/>
  <testcase name="should resolve with a value of true" time="0.018" classname="PhantomJS_1_9_8_(Mac_OS_X_0_0_0).unit.A Card List Controller"/>
  <testcase name="should set loadingComplete to true" time="0.014" classname="PhantomJS_1_9_8_(Mac_OS_X_0_0_0).unit.A Card List Controller"/>
  <testcase name="should NOT reject" time="0.012" classname="PhantomJS_1_9_8_(Mac_OS_X_0_0_0).unit.A Card List Controller"/>
  <testcase name="should call CommonService.loadingComplete" time="0.009" classname="PhantomJS_1_9_8_(Mac_OS_X_0_0_0).unit.A Card List Controller"/>
  <testcase name="should add the cards to the list" time="0.011" classname="PhantomJS_1_9_8_(Mac_OS_X_0_0_0).unit.A Card List Controller"/>
  <testcase name="should increment the current page" time="0" classname="PhantomJS_1_9_8_(Mac_OS_X_0_0_0).unit.A Card List Controller">
    <skipped/>
  </testcase>
  <testcase name="should resolve with a value of false" time="0.01" classname="PhantomJS_1_9_8_(Mac_OS_X_0_0_0).unit.A Card List Controller"/>
  <testcase name="should set loadingComplete to false" time="0.011" classname="PhantomJS_1_9_8_(Mac_OS_X_0_0_0).unit.A Card List Controller"/>
  <testcase name="should NOT reject" time="0.011" classname="PhantomJS_1_9_8_(Mac_OS_X_0_0_0).unit.A Card List Controller"/>
  <testcase name="should call CommonService.loadingComplete" time="0.009" classname="PhantomJS_1_9_8_(Mac_OS_X_0_0_0).unit.A Card List Controller"/>
  <testcase name="should throw an error" time="0.16" classname="PhantomJS_1_9_8_(Mac_OS_X_0_0_0).unit.A Card List Controller"/>
  <testcase name="should resolve with a value of true" time="0.015" classname="PhantomJS_1_9_8_(Mac_OS_X_0_0_0).unit.A Card List Controller"/>
  <testcase name="should call CommonService.loadingComplete" time="0.014" classname="PhantomJS_1_9_8_(Mac_OS_X_0_0_0).unit.A Card List Controller"/>
  <testcase name="should set firstPageLoaded to truer" time="0" classname="PhantomJS_1_9_8_(Mac_OS_X_0_0_0).unit.A Card List Controller">
    <skipped/>
  </testcase>
  <testcase name="should reset the cards" time="0.018" classname="PhantomJS_1_9_8_(Mac_OS_X_0_0_0).unit.A Card Manager"/>
  <testcase name="should return the expected card" time="0.016" classname="PhantomJS_1_9_8_(Mac_OS_X_0_0_0).unit.A Card Manager"/>
  <testcase name="should NOT reject" time="0.013" classname="PhantomJS_1_9_8_(Mac_OS_X_0_0_0).unit.A Card Manager"/>
  <testcase name="should return undefined" time="0.019" classname="PhantomJS_1_9_8_(Mac_OS_X_0_0_0).unit.A Card Manager"/>
  <testcase name="should NOT reject" time="0.017" classname="PhantomJS_1_9_8_(Mac_OS_X_0_0_0).unit.A Card Manager"/>
  <testcase name="should return undefined" time="0.014" classname="PhantomJS_1_9_8_(Mac_OS_X_0_0_0).unit.A Card Manager"/>
  <testcase name="should NOT reject" time="0.011" classname="PhantomJS_1_9_8_(Mac_OS_X_0_0_0).unit.A Card Manager"/>
  <testcase name="should call CardsResource.getCards" time="0.011" classname="PhantomJS_1_9_8_(Mac_OS_X_0_0_0).unit.A Card Manager"/>
  <testcase name="should resolve" time="0.016" classname="PhantomJS_1_9_8_(Mac_OS_X_0_0_0).unit.A Card Manager"/>
  <testcase name="should reset cards to an array of models set from the data" time="0.013" classname="PhantomJS_1_9_8_(Mac_OS_X_0_0_0).unit.A Card Manager"/>
  <testcase name="should resolve" time="0.03" classname="PhantomJS_1_9_8_(Mac_OS_X_0_0_0).unit.A Card Manager"/>
  <testcase name="should add only the uncached cards from the data to cards" time="0.018" classname="PhantomJS_1_9_8_(Mac_OS_X_0_0_0).unit.A Card Manager"/>
  <testcase name="should resolve" time="0.016" classname="PhantomJS_1_9_8_(Mac_OS_X_0_0_0).unit.A Card Manager"/>
  <testcase name="should add all of the fetched cards to cards" time="0.017" classname="PhantomJS_1_9_8_(Mac_OS_X_0_0_0).unit.A Card Manager"/>
  <testcase name="should throw an error" time="0.012" classname="PhantomJS_1_9_8_(Mac_OS_X_0_0_0).unit.A Card Manager"/>
  <testcase name="should NOT modify cards" time="0.012" classname="PhantomJS_1_9_8_(Mac_OS_X_0_0_0).unit.A Card Manager"/>
  <testcase name="should throw an error" time="0.011" classname="PhantomJS_1_9_8_(Mac_OS_X_0_0_0).unit.A Card Manager"/>
  <testcase name="should return the cards passed to setCards" time="0.011" classname="PhantomJS_1_9_8_(Mac_OS_X_0_0_0).unit.A Card Manager"/>
  <testcase name="should update the cards returned by getCards" time="0.011" classname="PhantomJS_1_9_8_(Mac_OS_X_0_0_0).unit.A Card Manager"/>
  <testcase name="should call CardsResource.postStatusChange with the expected values" time="0.01" classname="PhantomJS_1_9_8_(Mac_OS_X_0_0_0).unit.A Card Manager"/>
  <testcase name="should update the cached card with the new card's fields" time="0.023" classname="PhantomJS_1_9_8_(Mac_OS_X_0_0_0).unit.A Card Manager"/>
  <testcase name="should resolve with the updated cached card" time="0.017" classname="PhantomJS_1_9_8_(Mac_OS_X_0_0_0).unit.A Card Manager"/>
  <testcase name="should resolve with the updated card" time="0.017" classname="PhantomJS_1_9_8_(Mac_OS_X_0_0_0).unit.A Card Manager"/>
  <testcase name="should NOT modify cards" time="0.014" classname="PhantomJS_1_9_8_(Mac_OS_X_0_0_0).unit.A Card Manager"/>
  <testcase name="should throw an error" time="0.017" classname="PhantomJS_1_9_8_(Mac_OS_X_0_0_0).unit.A Card Manager"/>
  <testcase name="should NOT modify cards" time="0.012" classname="PhantomJS_1_9_8_(Mac_OS_X_0_0_0).unit.A Card Manager"/>
  <testcase name="should throw an error" time="0.012" classname="PhantomJS_1_9_8_(Mac_OS_X_0_0_0).unit.A Card Manager"/>
  <testcase name="should call CardsResource.postUpdate with the expected values" time="0.011" classname="PhantomJS_1_9_8_(Mac_OS_X_0_0_0).unit.A Card Manager"/>
  <testcase name="should update the cached card with the new card's fields" time="0.011" classname="PhantomJS_1_9_8_(Mac_OS_X_0_0_0).unit.A Card Manager"/>
  <testcase name="should resolve with the updated cached card" time="0.011" classname="PhantomJS_1_9_8_(Mac_OS_X_0_0_0).unit.A Card Manager"/>
  <testcase name="should resolve with the reissued card" time="0.012" classname="PhantomJS_1_9_8_(Mac_OS_X_0_0_0).unit.A Card Manager"/>
  <testcase name="should clear the cards cache" time="0.011" classname="PhantomJS_1_9_8_(Mac_OS_X_0_0_0).unit.A Card Manager"/>
  <testcase name="should throw an error" time="0.016" classname="PhantomJS_1_9_8_(Mac_OS_X_0_0_0).unit.A Card Manager"/>
  <testcase name="should NOT modify cards" time="0.012" classname="PhantomJS_1_9_8_(Mac_OS_X_0_0_0).unit.A Card Manager"/>
  <testcase name="should throw an error" time="0.011" classname="PhantomJS_1_9_8_(Mac_OS_X_0_0_0).unit.A Card Manager"/>
  <testcase name="should set the CardModel object with the fields from the passed in cardResource object that they have in common" time="0.008" classname="PhantomJS_1_9_8_(Mac_OS_X_0_0_0).unit.A Card Model Service"/>
  <testcase name="should NOT change the CardModel object fields that the cardResource object does not have" time="0.009" classname="PhantomJS_1_9_8_(Mac_OS_X_0_0_0).unit.A Card Model Service"/>
  <testcase name="should extend the CardModel object with the fields from the passed in cardResource object that the CardModel does not have" time="0.007" classname="PhantomJS_1_9_8_(Mac_OS_X_0_0_0).unit.A Card Model Service"/>
  <testcase name="should return 'Active'" time="0.007" classname="PhantomJS_1_9_8_(Mac_OS_X_0_0_0).unit.A Card Model Service"/>
  <testcase name="should return 'Suspended'" time="0.007" classname="PhantomJS_1_9_8_(Mac_OS_X_0_0_0).unit.A Card Model Service"/>
  <testcase name="should return 'Terminated'" time="0.008" classname="PhantomJS_1_9_8_(Mac_OS_X_0_0_0).unit.A Card Model Service"/>
  <testcase name="should return 'Unknown'" time="0.018" classname="PhantomJS_1_9_8_(Mac_OS_X_0_0_0).unit.A Card Model Service"/>
  <testcase name="should return 'Unknown'" time="0.011" classname="PhantomJS_1_9_8_(Mac_OS_X_0_0_0).unit.A Card Model Service"/>
  <testcase name="should return 'Unknown'" time="0.007" classname="PhantomJS_1_9_8_(Mac_OS_X_0_0_0).unit.A Card Model Service"/>
  <testcase name="should return 'Unknown'" time="0.008" classname="PhantomJS_1_9_8_(Mac_OS_X_0_0_0).unit.A Card Model Service"/>
  <testcase name="should return 'Unknown'" time="0.008" classname="PhantomJS_1_9_8_(Mac_OS_X_0_0_0).unit.A Card Model Service"/>
  <testcase name="should return true" time="0.011" classname="PhantomJS_1_9_8_(Mac_OS_X_0_0_0).unit.A Card Model Service"/>
  <testcase name="should return false" time="0.01" classname="PhantomJS_1_9_8_(Mac_OS_X_0_0_0).unit.A Card Model Service"/>
  <testcase name="should return false" time="0.01" classname="PhantomJS_1_9_8_(Mac_OS_X_0_0_0).unit.A Card Model Service"/>
  <testcase name="should return false" time="0.011" classname="PhantomJS_1_9_8_(Mac_OS_X_0_0_0).unit.A Card Model Service"/>
  <testcase name="should return false" time="0.015" classname="PhantomJS_1_9_8_(Mac_OS_X_0_0_0).unit.A Card Model Service"/>
  <testcase name="should return false" time="0.012" classname="PhantomJS_1_9_8_(Mac_OS_X_0_0_0).unit.A Card Model Service"/>
  <testcase name="should return false" time="0.011" classname="PhantomJS_1_9_8_(Mac_OS_X_0_0_0).unit.A Card Model Service"/>
  <testcase name="should return false" time="0.009" classname="PhantomJS_1_9_8_(Mac_OS_X_0_0_0).unit.A Card Model Service"/>
  <testcase name="should return true" time="0.007" classname="PhantomJS_1_9_8_(Mac_OS_X_0_0_0).unit.A Card Model Service"/>
  <testcase name="should return false" time="0.009" classname="PhantomJS_1_9_8_(Mac_OS_X_0_0_0).unit.A Card Model Service"/>
  <testcase name="should return false" time="0.007" classname="PhantomJS_1_9_8_(Mac_OS_X_0_0_0).unit.A Card Model Service"/>
  <testcase name="should return false" time="0.007" classname="PhantomJS_1_9_8_(Mac_OS_X_0_0_0).unit.A Card Model Service"/>
  <testcase name="should return false" time="0.007" classname="PhantomJS_1_9_8_(Mac_OS_X_0_0_0).unit.A Card Model Service"/>
  <testcase name="should return false" time="0.007" classname="PhantomJS_1_9_8_(Mac_OS_X_0_0_0).unit.A Card Model Service"/>
  <testcase name="should return false" time="0.01" classname="PhantomJS_1_9_8_(Mac_OS_X_0_0_0).unit.A Card Model Service"/>
  <testcase name="should return false" time="0.007" classname="PhantomJS_1_9_8_(Mac_OS_X_0_0_0).unit.A Card Model Service"/>
  <testcase name="should return true" time="0.22" classname="PhantomJS_1_9_8_(Mac_OS_X_0_0_0).unit.A Card Model Service"/>
  <testcase name="should return false" time="0.015" classname="PhantomJS_1_9_8_(Mac_OS_X_0_0_0).unit.A Card Model Service"/>
  <testcase name="should return false" time="0.011" classname="PhantomJS_1_9_8_(Mac_OS_X_0_0_0).unit.A Card Model Service"/>
  <testcase name="should return false" time="0.009" classname="PhantomJS_1_9_8_(Mac_OS_X_0_0_0).unit.A Card Model Service"/>
  <testcase name="should return false" time="0.01" classname="PhantomJS_1_9_8_(Mac_OS_X_0_0_0).unit.A Card Model Service"/>
  <testcase name="should set the expected account on cardReissueDetails" time="0.01" classname="PhantomJS_1_9_8_(Mac_OS_X_0_0_0).unit.A Card Reissue Controller"/>
  <testcase name="should set the expected card on cardReissueDetails" time="0.012" classname="PhantomJS_1_9_8_(Mac_OS_X_0_0_0).unit.A Card Reissue Controller"/>
  <testcase name="should set reissuedCard to be falsy" time="0.011" classname="PhantomJS_1_9_8_(Mac_OS_X_0_0_0).unit.A Card Reissue Controller"/>
  <testcase name="should set the expected shippingAddress on cardReissueDetails" time="0.021" classname="PhantomJS_1_9_8_(Mac_OS_X_0_0_0).unit.A Card Reissue Controller"/>
  <testcase name="should set the expected reissueReason on cardReissueDetails" time="0.012" classname="PhantomJS_1_9_8_(Mac_OS_X_0_0_0).unit.A Card Reissue Controller"/>
  <testcase name="should set the expected selectedShippingMethod on cardReissueDetails" time="0.013" classname="PhantomJS_1_9_8_(Mac_OS_X_0_0_0).unit.A Card Reissue Controller"/>
  <testcase name="should set the expected shippingMethods on cardReissueDetails" time="0.011" classname="PhantomJS_1_9_8_(Mac_OS_X_0_0_0).unit.A Card Reissue Controller"/>
  <testcase name="should set the expected account on cardReissueDetails" time="0.01" classname="PhantomJS_1_9_8_(Mac_OS_X_0_0_0).unit.A Card Reissue Controller"/>
  <testcase name="should set the expected card on cardReissueDetails" time="0.009" classname="PhantomJS_1_9_8_(Mac_OS_X_0_0_0).unit.A Card Reissue Controller"/>
  <testcase name="should set reissuedCard to be falsy" time="0.01" classname="PhantomJS_1_9_8_(Mac_OS_X_0_0_0).unit.A Card Reissue Controller"/>
  <testcase name="should set the expected shippingAddress on cardReissueDetails" time="0.01" classname="PhantomJS_1_9_8_(Mac_OS_X_0_0_0).unit.A Card Reissue Controller"/>
  <testcase name="should set the expected reissueReason on cardReissueDetails" time="0.01" classname="PhantomJS_1_9_8_(Mac_OS_X_0_0_0).unit.A Card Reissue Controller"/>
  <testcase name="should set the expected account on cardReissueDetails" time="0.009" classname="PhantomJS_1_9_8_(Mac_OS_X_0_0_0).unit.A Card Reissue Controller"/>
  <testcase name="should set the expected card on cardReissueDetails" time="0.012" classname="PhantomJS_1_9_8_(Mac_OS_X_0_0_0).unit.A Card Reissue Controller"/>
  <testcase name="should set reissuedCard to be falsy" time="0.013" classname="PhantomJS_1_9_8_(Mac_OS_X_0_0_0).unit.A Card Reissue Controller"/>
  <testcase name="should set the expected shippingAddress on cardReissueDetails" time="0.012" classname="PhantomJS_1_9_8_(Mac_OS_X_0_0_0).unit.A Card Reissue Controller"/>
  <testcase name="should set the expected reissueReason on cardReissueDetails" time="0.011" classname="PhantomJS_1_9_8_(Mac_OS_X_0_0_0).unit.A Card Reissue Controller"/>
  <testcase name="should set the expected selectedShippingMethod on cardReissueDetails" time="0.01" classname="PhantomJS_1_9_8_(Mac_OS_X_0_0_0).unit.A Card Reissue Controller"/>
  <testcase name="should move the regular shipping method to the front of the shipping methods array" time="0.01" classname="PhantomJS_1_9_8_(Mac_OS_X_0_0_0).unit.A Card Reissue Controller"/>
  <testcase name="should set the expected account on cardReissueDetails" time="0.021" classname="PhantomJS_1_9_8_(Mac_OS_X_0_0_0).unit.A Card Reissue Controller"/>
  <testcase name="should set the expected card on cardReissueDetails" time="0.013" classname="PhantomJS_1_9_8_(Mac_OS_X_0_0_0).unit.A Card Reissue Controller"/>
  <testcase name="should set reissuedCard to be falsy" time="0.011" classname="PhantomJS_1_9_8_(Mac_OS_X_0_0_0).unit.A Card Reissue Controller"/>
  <testcase name="should set the expected shippingAddress on cardReissueDetails" time="0.01" classname="PhantomJS_1_9_8_(Mac_OS_X_0_0_0).unit.A Card Reissue Controller"/>
  <testcase name="should set the expected reissueReason on cardReissueDetails" time="0.01" classname="PhantomJS_1_9_8_(Mac_OS_X_0_0_0).unit.A Card Reissue Controller"/>
  <testcase name="should set the expected selectedShippingMethod on cardReissueDetails" time="0.01" classname="PhantomJS_1_9_8_(Mac_OS_X_0_0_0).unit.A Card Reissue Controller"/>
  <testcase name="should set card to the given card object" time="0.01" classname="PhantomJS_1_9_8_(Mac_OS_X_0_0_0).unit.A Card Reissue Confirmation Controller"/>
  <testcase name="should set config to the expected constant values" time="0.01" classname="PhantomJS_1_9_8_(Mac_OS_X_0_0_0).unit.A Card Reissue Confirmation Controller"/>
  <testcase name="should set card to the given card object" time="0.01" classname="PhantomJS_1_9_8_(Mac_OS_X_0_0_0).unit.A Card Reissue Form Controller"/>
  <testcase name="should set config to the expected constant values" time="0.013" classname="PhantomJS_1_9_8_(Mac_OS_X_0_0_0).unit.A Card Reissue Form Controller"/>
  <testcase name="should return false" time="0.011" classname="PhantomJS_1_9_8_(Mac_OS_X_0_0_0).unit.A Card Reissue Form Controller"/>
  <testcase name="should return false" time="0.009" classname="PhantomJS_1_9_8_(Mac_OS_X_0_0_0).unit.A Card Reissue Form Controller"/>
  <testcase name="should return false" time="0.022" classname="PhantomJS_1_9_8_(Mac_OS_X_0_0_0).unit.A Card Reissue Form Controller"/>
  <testcase name="should return false" time="0.014" classname="PhantomJS_1_9_8_(Mac_OS_X_0_0_0).unit.A Card Reissue Form Controller"/>
  <testcase name="should return false" time="0.01" classname="PhantomJS_1_9_8_(Mac_OS_X_0_0_0).unit.A Card Reissue Form Controller"/>
  <testcase name="should return false" time="0.01" classname="PhantomJS_1_9_8_(Mac_OS_X_0_0_0).unit.A Card Reissue Form Controller"/>
  <testcase name="should return false" time="0.008" classname="PhantomJS_1_9_8_(Mac_OS_X_0_0_0).unit.A Card Reissue Form Controller"/>
  <testcase name="should return false" time="0.008" classname="PhantomJS_1_9_8_(Mac_OS_X_0_0_0).unit.A Card Reissue Form Controller"/>
  <testcase name="should return false" time="0.01" classname="PhantomJS_1_9_8_(Mac_OS_X_0_0_0).unit.A Card Reissue Form Controller"/>
  <testcase name="should return true" time="0.01" classname="PhantomJS_1_9_8_(Mac_OS_X_0_0_0).unit.A Card Reissue Form Controller"/>
  <testcase name="should call CommonService.displayConfirm with the expected values" time="0.008" classname="PhantomJS_1_9_8_(Mac_OS_X_0_0_0).unit.A Card Reissue Form Controller"/>
  <testcase name="should call CommonService.loadingBegin" time="0.009" classname="PhantomJS_1_9_8_(Mac_OS_X_0_0_0).unit.A Card Reissue Form Controller"/>
  <testcase name="should call CardManager.reissue with the expected values" time="0.009" classname="PhantomJS_1_9_8_(Mac_OS_X_0_0_0).unit.A Card Reissue Form Controller"/>
  <testcase name="should set reissuedCard to the updated card" time="0.022" classname="PhantomJS_1_9_8_(Mac_OS_X_0_0_0).unit.A Card Reissue Form Controller"/>
  <testcase name="should redirect to card.reissue.confirmation" time="0.013" classname="PhantomJS_1_9_8_(Mac_OS_X_0_0_0).unit.A Card Reissue Form Controller"/>
  <testcase name="should call CommonService.loadingComplete" time="0.01" classname="PhantomJS_1_9_8_(Mac_OS_X_0_0_0).unit.A Card Reissue Form Controller"/>
  <testcase name="should NOT redirect to card.changeStatus.confirmation" time="0.01" classname="PhantomJS_1_9_8_(Mac_OS_X_0_0_0).unit.A Card Reissue Form Controller"/>
  <testcase name="should call CommonService.loadingComplete" time="0.009" classname="PhantomJS_1_9_8_(Mac_OS_X_0_0_0).unit.A Card Reissue Form Controller"/>
  <testcase name="should NOT call CardManager.reissue" time="0.012" classname="PhantomJS_1_9_8_(Mac_OS_X_0_0_0).unit.A Card Reissue Form Controller"/>
  <testcase name="should NOT redirect to card.reissue.confirmation" time="0.012" classname="PhantomJS_1_9_8_(Mac_OS_X_0_0_0).unit.A Card Reissue Form Controller"/>
  <testcase name="should set the CardReissueModel object with the fields from the passed in cardReissueResource object that they have in common" time="0.009" classname="PhantomJS_1_9_8_(Mac_OS_X_0_0_0).unit.A Card Reissue Model Service"/>
  <testcase name="should NOT change the CardReissueModel object fields that the cardReissueResource object does not have" time="0.008" classname="PhantomJS_1_9_8_(Mac_OS_X_0_0_0).unit.A Card Reissue Model Service"/>
  <testcase name="should extend the CardReissueModel object with the fields from the passed in cardReissueResource object that the CardReissueModel does not have" time="0.008" classname="PhantomJS_1_9_8_(Mac_OS_X_0_0_0).unit.A Card Reissue Model Service"/>
  <testcase name="should return true when account.cardShippingCarrier.accountDefault is true" time="0.007" classname="PhantomJS_1_9_8_(Mac_OS_X_0_0_0).unit.A Card Reissue Model Service"/>
  <testcase name="should return false when account.cardShippingCarrier.accountDefault is false" time="0.008" classname="PhantomJS_1_9_8_(Mac_OS_X_0_0_0).unit.A Card Reissue Model Service"/>
  <testcase name="should return the expected value" time="0.019" classname="PhantomJS_1_9_8_(Mac_OS_X_0_0_0).unit.A Card Reissue Model Service"/>
  <testcase name="should return the expected value" time="0.011" classname="PhantomJS_1_9_8_(Mac_OS_X_0_0_0).unit.A Card Reissue Model Service"/>
  <testcase name="should return the expected value" time="0.009" classname="PhantomJS_1_9_8_(Mac_OS_X_0_0_0).unit.A Card Reissue Model Service"/>
  <testcase name="should use the selected shipping method" time="0.007" classname="PhantomJS_1_9_8_(Mac_OS_X_0_0_0).unit.A Card Reissue Model Service"/>
  <testcase name="should return the expected display mapping" time="0.007" classname="PhantomJS_1_9_8_(Mac_OS_X_0_0_0).unit.A Card Reissue Model Service"/>
  <testcase name="should return unknown" time="0.007" classname="PhantomJS_1_9_8_(Mac_OS_X_0_0_0).unit.A Card Reissue Model Service"/>
  <testcase name="should return the display mapping for the current reissue reason" time="0.009" classname="PhantomJS_1_9_8_(Mac_OS_X_0_0_0).unit.A Card Reissue Model Service"/>
  <testcase name="should return the display mapping for the current reissue reason" time="0.009" classname="PhantomJS_1_9_8_(Mac_OS_X_0_0_0).unit.A Card Reissue Model Service"/>
  <testcase name="should return the display mapping for the current reissue reason" time="0.012" classname="PhantomJS_1_9_8_(Mac_OS_X_0_0_0).unit.A Card Reissue Model Service"/>
  <testcase name="should return the display mapping for the current reissue reason" time="0.012" classname="PhantomJS_1_9_8_(Mac_OS_X_0_0_0).unit.A Card Reissue Model Service"/>
  <testcase name="should return the default shipping method" time="0.008" classname="PhantomJS_1_9_8_(Mac_OS_X_0_0_0).unit.A Card Reissue Model Service"/>
  <testcase name="should return the regular shipping method" time="0.008" classname="PhantomJS_1_9_8_(Mac_OS_X_0_0_0).unit.A Card Reissue Model Service"/>
  <testcase name="should return the first shipping method" time="0.007" classname="PhantomJS_1_9_8_(Mac_OS_X_0_0_0).unit.A Card Reissue Model Service"/>
  <testcase name="should return null" time="0.007" classname="PhantomJS_1_9_8_(Mac_OS_X_0_0_0).unit.A Card Reissue Model Service"/>
  <testcase name="should return true" time="0.009" classname="PhantomJS_1_9_8_(Mac_OS_X_0_0_0).unit.A Card Reissue Model Service"/>
  <testcase name="should return false" time="0.007" classname="PhantomJS_1_9_8_(Mac_OS_X_0_0_0).unit.A Card Reissue Model Service"/>
  <testcase name="should set card to the given card object" time="0.01" classname="PhantomJS_1_9_8_(Mac_OS_X_0_0_0).unit.A Card Reissue Reason Input Controller"/>
  <testcase name="should set config to the expected constant values" time="0.008" classname="PhantomJS_1_9_8_(Mac_OS_X_0_0_0).unit.A Card Reissue Reason Input Controller"/>
  <testcase name="should set cardReissueDetails.reissueReason to the given reissue reason" time="0.01" classname="PhantomJS_1_9_8_(Mac_OS_X_0_0_0).unit.A Card Reissue Reason Input Controller"/>
  <testcase name="should call $ionicHistory.goBack" time="0.008" classname="PhantomJS_1_9_8_(Mac_OS_X_0_0_0).unit.A Card Reissue Reason Input Controller"/>
  <testcase name="should set card to the given card object" time="0.008" classname="PhantomJS_1_9_8_(Mac_OS_X_0_0_0).unit.A Card Reissue Shipping Method Input Controller"/>
  <testcase name="should set config to the expected constant values" time="0.008" classname="PhantomJS_1_9_8_(Mac_OS_X_0_0_0).unit.A Card Reissue Shipping Method Input Controller"/>
  <testcase name="should set cardReissueDetails.selectedShippingMethod to the given shipping method" time="0.009" classname="PhantomJS_1_9_8_(Mac_OS_X_0_0_0).unit.A Card Reissue Shipping Method Input Controller"/>
  <testcase name="should call $ionicHistory.goBack" time="0.008" classname="PhantomJS_1_9_8_(Mac_OS_X_0_0_0).unit.A Card Reissue Shipping Method Input Controller"/>
  <testcase name="should be valid" time="0.007" classname="PhantomJS_1_9_8_(Mac_OS_X_0_0_0).unit.A Contact Us Module Route Config"/>
  <testcase name="should not be abstract" time="0.006" classname="PhantomJS_1_9_8_(Mac_OS_X_0_0_0).unit.A Contact Us Module Route Config"/>
  <testcase name="should not be cached" time="0.017" classname="PhantomJS_1_9_8_(Mac_OS_X_0_0_0).unit.A Contact Us Module Route Config"/>
  <testcase name="should have the expected URL" time="0.009" classname="PhantomJS_1_9_8_(Mac_OS_X_0_0_0).unit.A Contact Us Module Route Config"/>
  <testcase name="should define a view on the root view container" time="0.007" classname="PhantomJS_1_9_8_(Mac_OS_X_0_0_0).unit.A Contact Us Module Route Config"/>
  <testcase name="should respond to the URL" time="0.006" classname="PhantomJS_1_9_8_(Mac_OS_X_0_0_0).unit.A Contact Us Module Route Config"/>
  <testcase name="should set the default route to the expected value" time="0.011" classname="PhantomJS_1_9_8_(Mac_OS_X_0_0_0).unit.A Core Module config"/>
  <testcase name="should set the back button text to the expected value" time="0.01" classname="PhantomJS_1_9_8_(Mac_OS_X_0_0_0).unit.A Core Module config"/>
  <testcase name="should set the previous title text to be false" time="0.009" classname="PhantomJS_1_9_8_(Mac_OS_X_0_0_0).unit.A Core Module config"/>
  <testcase name="should set the app to fullscreen with a status bar" time="0.009" classname="PhantomJS_1_9_8_(Mac_OS_X_0_0_0).unit.A Core Module run block"/>
  <testcase name="should be set on the $stateChangeStart event" time="0" classname="PhantomJS_1_9_8_(Mac_OS_X_0_0_0).unit.A Core Module run block">
    <skipped/>
  </testcase>
  <testcase name="should continue to the page" time="0.012" classname="PhantomJS_1_9_8_(Mac_OS_X_0_0_0).unit.A Core Module run block"/>
  <testcase name="should continue to the state" time="0.011" classname="PhantomJS_1_9_8_(Mac_OS_X_0_0_0).unit.A Core Module run block"/>
  <testcase name="should continue to the page" time="0" classname="PhantomJS_1_9_8_(Mac_OS_X_0_0_0).unit.A Core Module run block">
    <skipped/>
  </testcase>
  <testcase name="should continue to the page" time="0.014" classname="PhantomJS_1_9_8_(Mac_OS_X_0_0_0).unit.A Core Module run block"/>
  <testcase name="should continue to the state" time="0.012" classname="PhantomJS_1_9_8_(Mac_OS_X_0_0_0).unit.A Core Module run block"/>
  <testcase name="should redirect to the login page" time="0.015" classname="PhantomJS_1_9_8_(Mac_OS_X_0_0_0).unit.A Core Module run block"/>
  <testcase name="should redirect to the login page" time="0.012" classname="PhantomJS_1_9_8_(Mac_OS_X_0_0_0).unit.A Core Module run block"/>
  <testcase name="should log out the User" time="0.336" classname="PhantomJS_1_9_8_(Mac_OS_X_0_0_0).unit.A Core Module run block"/>
  <testcase name="should close any popups" time="0.014" classname="PhantomJS_1_9_8_(Mac_OS_X_0_0_0).unit.A Core Module run block"/>
  <testcase name="should redirect to the login page" time="0.015" classname="PhantomJS_1_9_8_(Mac_OS_X_0_0_0).unit.A Core Module run block"/>
  <testcase name="should call logOut" time="0.015" classname="PhantomJS_1_9_8_(Mac_OS_X_0_0_0).unit.A Core Module run block"/>
  <testcase name="should be registered with $ionicPlatform.registerBackButtonAction with the expected priority" time="0" classname="PhantomJS_1_9_8_(Mac_OS_X_0_0_0).unit.A Core Module run block">
    <skipped/>
  </testcase>
  <testcase name="should call CommonService.goToBackState" time="0" classname="PhantomJS_1_9_8_(Mac_OS_X_0_0_0).unit.A Core Module run block">
    <skipped/>
  </testcase>
  <testcase name="should reset the invoice summary" time="0.012" classname="PhantomJS_1_9_8_(Mac_OS_X_0_0_0).unit.An Invoice Manager"/>
  <testcase name="should call InvoicesResource.getCurrentInvoiceSummary" time="0.025" classname="PhantomJS_1_9_8_(Mac_OS_X_0_0_0).unit.An Invoice Manager"/>
  <testcase name="should set the invoice summary" time="0.018" classname="PhantomJS_1_9_8_(Mac_OS_X_0_0_0).unit.An Invoice Manager"/>
  <testcase name="should resolve" time="0.013" classname="PhantomJS_1_9_8_(Mac_OS_X_0_0_0).unit.An Invoice Manager"/>
  <testcase name="should throw an error" time="0.011" classname="PhantomJS_1_9_8_(Mac_OS_X_0_0_0).unit.An Invoice Manager"/>
  <testcase name="should NOT update the invoice summary" time="0.01" classname="PhantomJS_1_9_8_(Mac_OS_X_0_0_0).unit.An Invoice Manager"/>
  <testcase name="should throw an error" time="0.01" classname="PhantomJS_1_9_8_(Mac_OS_X_0_0_0).unit.An Invoice Manager"/>
  <testcase name="should NOT update the invoice summary" time="0.01" classname="PhantomJS_1_9_8_(Mac_OS_X_0_0_0).unit.An Invoice Manager"/>
  <testcase name="should return the invoice summary passed to setInvoiceSummary" time="0.009" classname="PhantomJS_1_9_8_(Mac_OS_X_0_0_0).unit.An Invoice Manager"/>
  <testcase name="should update the invoice summary returned by getInvoiceSummary" time="0.01" classname="PhantomJS_1_9_8_(Mac_OS_X_0_0_0).unit.An Invoice Manager"/>
  <testcase name="should set the InvoiceSummaryModel object with the fields from the passed in invoiceSummaryResource object that they have in common" time="0.009" classname="PhantomJS_1_9_8_(Mac_OS_X_0_0_0).unit.An Invoice Summary Model Service"/>
  <testcase name="should NOT change the InvoiceSummaryModel object fields that the invoiceSummaryResource object does not have" time="0.011" classname="PhantomJS_1_9_8_(Mac_OS_X_0_0_0).unit.An Invoice Summary Model Service"/>
  <testcase name="should extend the InvoiceSummaryModel object with the fields from the passed in invoiceSummaryResource object that the InvoiceSummaryModel does not have" time="0.02" classname="PhantomJS_1_9_8_(Mac_OS_X_0_0_0).unit.An Invoice Summary Model Service"/>
  <testcase name="should return true" time="0.012" classname="PhantomJS_1_9_8_(Mac_OS_X_0_0_0).unit.An Invoice Summary Model Service"/>
  <testcase name="should return true" time="0.009" classname="PhantomJS_1_9_8_(Mac_OS_X_0_0_0).unit.An Invoice Summary Model Service"/>
  <testcase name="should return false" time="0.008" classname="PhantomJS_1_9_8_(Mac_OS_X_0_0_0).unit.An Invoice Summary Model Service"/>
  <testcase name="should return true" time="0.008" classname="PhantomJS_1_9_8_(Mac_OS_X_0_0_0).unit.An Invoice Summary Model Service"/>
  <testcase name="should return false" time="0.007" classname="PhantomJS_1_9_8_(Mac_OS_X_0_0_0).unit.An Invoice Summary Model Service"/>
  <testcase name="should return false" time="0.008" classname="PhantomJS_1_9_8_(Mac_OS_X_0_0_0).unit.An Invoice Summary Model Service"/>
  <testcase name="should set the user" time="0.015" classname="PhantomJS_1_9_8_(Mac_OS_X_0_0_0).unit.A Landing Controller"/>
  <testcase name="should set the invoice summary" time="0.013" classname="PhantomJS_1_9_8_(Mac_OS_X_0_0_0).unit.A Landing Controller"/>
  <testcase name="should set the scheduled payments count" time="0.013" classname="PhantomJS_1_9_8_(Mac_OS_X_0_0_0).unit.A Landing Controller"/>
  <testcase name="should clear the navigation history" time="0.023" classname="PhantomJS_1_9_8_(Mac_OS_X_0_0_0).unit.A Landing Controller"/>
  <testcase name="should set the chart options" time="0.016" classname="PhantomJS_1_9_8_(Mac_OS_X_0_0_0).unit.A Landing Controller"/>
  <testcase name="should be valid" time="0.009" classname="PhantomJS_1_9_8_(Mac_OS_X_0_0_0).unit.A Landing Module Route Config"/>
  <testcase name="should not be abstract" time="0.008" classname="PhantomJS_1_9_8_(Mac_OS_X_0_0_0).unit.A Landing Module Route Config"/>
  <testcase name="should have the expected URL" time="0.01" classname="PhantomJS_1_9_8_(Mac_OS_X_0_0_0).unit.A Landing Module Route Config"/>
  <testcase name="should define a view on the root view container" time="0.008" classname="PhantomJS_1_9_8_(Mac_OS_X_0_0_0).unit.A Landing Module Route Config"/>
  <testcase name="should respond to the URL" time="0.008" classname="PhantomJS_1_9_8_(Mac_OS_X_0_0_0).unit.A Landing Module Route Config"/>
  <testcase name="should call InvoiceManager.fetchCurrentInvoiceSummary with the correct account id" time="0.013" classname="PhantomJS_1_9_8_(Mac_OS_X_0_0_0).unit.A Landing Module Route Config"/>
  <testcase name="should call PaymentManager.fetchScheduledPaymentsCount with the correct account id" time="0.013" classname="PhantomJS_1_9_8_(Mac_OS_X_0_0_0).unit.A Landing Module Route Config"/>
  <testcase name="should transition successfully" time="0.01" classname="PhantomJS_1_9_8_(Mac_OS_X_0_0_0).unit.A Landing Module Route Config"/>
  <testcase name="should resolve the currentInvoiceSummary" time="0.011" classname="PhantomJS_1_9_8_(Mac_OS_X_0_0_0).unit.A Landing Module Route Config"/>
  <testcase name="should resolve the scheduledPaymentsCount" time="0.011" classname="PhantomJS_1_9_8_(Mac_OS_X_0_0_0).unit.A Landing Module Route Config"/>
  <testcase name="should log out the User" time="0.012" classname="PhantomJS_1_9_8_(Mac_OS_X_0_0_0).unit.A Menu Controller"/>
  <testcase name="should navigate to the login page" time="0.012" classname="PhantomJS_1_9_8_(Mac_OS_X_0_0_0).unit.A Menu Controller"/>
  <testcase name="should close the menu" time="0.022" classname="PhantomJS_1_9_8_(Mac_OS_X_0_0_0).unit.A Menu Controller"/>
  <testcase name="should be defined" time="0.014" classname="PhantomJS_1_9_8_(Mac_OS_X_0_0_0).unit.A Payment Module Route Config"/>
  <testcase name="should be abstract" time="0.011" classname="PhantomJS_1_9_8_(Mac_OS_X_0_0_0).unit.A Payment Module Route Config"/>
  <testcase name="should have the expected URL" time="0.011" classname="PhantomJS_1_9_8_(Mac_OS_X_0_0_0).unit.A Payment Module Route Config"/>
  <testcase name="should have the expected template" time="0.016" classname="PhantomJS_1_9_8_(Mac_OS_X_0_0_0).unit.A Payment Module Route Config"/>
  <testcase name="should be valid" time="0.012" classname="PhantomJS_1_9_8_(Mac_OS_X_0_0_0).unit.A Payment Module Route Config"/>
  <testcase name="should be abstract" time="0.016" classname="PhantomJS_1_9_8_(Mac_OS_X_0_0_0).unit.A Payment Module Route Config"/>
  <testcase name="should have the expected URL" time="0.014" classname="PhantomJS_1_9_8_(Mac_OS_X_0_0_0).unit.A Payment Module Route Config"/>
  <testcase name="should define a payment view" time="0.012" classname="PhantomJS_1_9_8_(Mac_OS_X_0_0_0).unit.A Payment Module Route Config"/>
  <testcase name="should respond to the URL" time="0.011" classname="PhantomJS_1_9_8_(Mac_OS_X_0_0_0).unit.A Payment Module Route Config"/>
  <testcase name="should be valid" time="0.01" classname="PhantomJS_1_9_8_(Mac_OS_X_0_0_0).unit.A Payment Module Route Config"/>
  <testcase name="should not be abstract" time="0.01" classname="PhantomJS_1_9_8_(Mac_OS_X_0_0_0).unit.A Payment Module Route Config"/>
  <testcase name="should not be cached" time="0.011" classname="PhantomJS_1_9_8_(Mac_OS_X_0_0_0).unit.A Payment Module Route Config"/>
  <testcase name="should have the expected URL" time="0.011" classname="PhantomJS_1_9_8_(Mac_OS_X_0_0_0).unit.A Payment Module Route Config"/>
  <testcase name="should respond to the URL" time="0.013" classname="PhantomJS_1_9_8_(Mac_OS_X_0_0_0).unit.A Payment Module Route Config"/>
  <testcase name="should call PaymentManager.fetchPayments" time="0.017" classname="PhantomJS_1_9_8_(Mac_OS_X_0_0_0).unit.A Payment Module Route Config"/>
  <testcase name="should transition successfully" time="0.024" classname="PhantomJS_1_9_8_(Mac_OS_X_0_0_0).unit.A Payment Module Route Config"/>
  <testcase name="should be valid" time="0.012" classname="PhantomJS_1_9_8_(Mac_OS_X_0_0_0).unit.A Payment Module Route Config"/>
  <testcase name="should not be abstract" time="0.011" classname="PhantomJS_1_9_8_(Mac_OS_X_0_0_0).unit.A Payment Module Route Config"/>
  <testcase name="should not be cached" time="0.009" classname="PhantomJS_1_9_8_(Mac_OS_X_0_0_0).unit.A Payment Module Route Config"/>
  <testcase name="should have the expected URL" time="0.01" classname="PhantomJS_1_9_8_(Mac_OS_X_0_0_0).unit.A Payment Module Route Config"/>
  <testcase name="should define a view@payment" time="0.01" classname="PhantomJS_1_9_8_(Mac_OS_X_0_0_0).unit.A Payment Module Route Config"/>
  <testcase name="should respond to the URL" time="0.01" classname="PhantomJS_1_9_8_(Mac_OS_X_0_0_0).unit.A Payment Module Route Config"/>
  <testcase name="should call PaymentManager.fetchPayment" time="0.018" classname="PhantomJS_1_9_8_(Mac_OS_X_0_0_0).unit.A Payment Module Route Config"/>
  <testcase name="should call PaymentManager.isPaymentEditable" time="0.016" classname="PhantomJS_1_9_8_(Mac_OS_X_0_0_0).unit.A Payment Module Route Config"/>
  <testcase name="should transition successfully" time="0.013" classname="PhantomJS_1_9_8_(Mac_OS_X_0_0_0).unit.A Payment Module Route Config"/>
  <testcase name="should resolve the payment" time="0.012" classname="PhantomJS_1_9_8_(Mac_OS_X_0_0_0).unit.A Payment Module Route Config"/>
  <testcase name="should resolve isPaymentEditable" time="0.014" classname="PhantomJS_1_9_8_(Mac_OS_X_0_0_0).unit.A Payment Module Route Config"/>
  <testcase name="should be defined" time="0.011" classname="PhantomJS_1_9_8_(Mac_OS_X_0_0_0).unit.A Payment Module Route Config"/>
  <testcase name="should NOT be abstract" time="0.011" classname="PhantomJS_1_9_8_(Mac_OS_X_0_0_0).unit.A Payment Module Route Config"/>
  <testcase name="should have the expected URL" time="0.009" classname="PhantomJS_1_9_8_(Mac_OS_X_0_0_0).unit.A Payment Module Route Config"/>
  <testcase name="should transition to the payment.maintenance.form page in the add state" time="0.014" classname="PhantomJS_1_9_8_(Mac_OS_X_0_0_0).unit.A Payment Module Route Config"/>
  <testcase name="should be defined" time="0.015" classname="PhantomJS_1_9_8_(Mac_OS_X_0_0_0).unit.A Payment Module Route Config"/>
  <testcase name="should NOT be abstract" time="0.014" classname="PhantomJS_1_9_8_(Mac_OS_X_0_0_0).unit.A Payment Module Route Config"/>
  <testcase name="should have the expected URL" time="0.014" classname="PhantomJS_1_9_8_(Mac_OS_X_0_0_0).unit.A Payment Module Route Config"/>
  <testcase name="should transition to the payment.maintenance.form page in the update state" time="0.016" classname="PhantomJS_1_9_8_(Mac_OS_X_0_0_0).unit.A Payment Module Route Config"/>
  <testcase name="should be defined" time="0.012" classname="PhantomJS_1_9_8_(Mac_OS_X_0_0_0).unit.A Payment Module Route Config"/>
  <testcase name="should NOT be cached" time="0.011" classname="PhantomJS_1_9_8_(Mac_OS_X_0_0_0).unit.A Payment Module Route Config"/>
  <testcase name="should be abstract" time="0.013" classname="PhantomJS_1_9_8_(Mac_OS_X_0_0_0).unit.A Payment Module Route Config"/>
  <testcase name="should have the expected URL" time="0.01" classname="PhantomJS_1_9_8_(Mac_OS_X_0_0_0).unit.A Payment Module Route Config"/>
  <testcase name="should resolve a maintenance object with the expected values" time="0.015" classname="PhantomJS_1_9_8_(Mac_OS_X_0_0_0).unit.A Payment Module Route Config"/>
  <testcase name="should resolve a payment object as a new PaymentModel" time="0.015" classname="PhantomJS_1_9_8_(Mac_OS_X_0_0_0).unit.A Payment Module Route Config"/>
  <testcase name="should resolve defaultBank to the expected bank for the view" time="0.015" classname="PhantomJS_1_9_8_(Mac_OS_X_0_0_0).unit.A Payment Module Route Config"/>
  <testcase name="should transition to the expected maintenance state" time="0.016" classname="PhantomJS_1_9_8_(Mac_OS_X_0_0_0).unit.A Payment Module Route Config"/>
  <testcase name="should resolve a maintenance object with the expected values" time="0.014" classname="PhantomJS_1_9_8_(Mac_OS_X_0_0_0).unit.A Payment Module Route Config"/>
  <testcase name="should resolve a payment object as a copy of the payment to update" time="0.013" classname="PhantomJS_1_9_8_(Mac_OS_X_0_0_0).unit.A Payment Module Route Config"/>
  <testcase name="should resolve defaultBank to the expected bank for the view" time="0.024" classname="PhantomJS_1_9_8_(Mac_OS_X_0_0_0).unit.A Payment Module Route Config"/>
  <testcase name="should transition to the expected maintenance state" time="0.022" classname="PhantomJS_1_9_8_(Mac_OS_X_0_0_0).unit.A Payment Module Route Config"/>
  <testcase name="should be valid" time="0.009" classname="PhantomJS_1_9_8_(Mac_OS_X_0_0_0).unit.A Payment Module Route Config"/>
  <testcase name="should not be abstract" time="0.008" classname="PhantomJS_1_9_8_(Mac_OS_X_0_0_0).unit.A Payment Module Route Config"/>
  <testcase name="should not be cached" time="0.009" classname="PhantomJS_1_9_8_(Mac_OS_X_0_0_0).unit.A Payment Module Route Config"/>
  <testcase name="should have the expected URL" time="0.01" classname="PhantomJS_1_9_8_(Mac_OS_X_0_0_0).unit.A Payment Module Route Config"/>
  <testcase name="should define a view@payment.maintenance" time="0.009" classname="PhantomJS_1_9_8_(Mac_OS_X_0_0_0).unit.A Payment Module Route Config"/>
  <testcase name="should respond to the URL" time="0.009" classname="PhantomJS_1_9_8_(Mac_OS_X_0_0_0).unit.A Payment Module Route Config"/>
  <testcase name="should call BankManager.hasMultipleBanks" time="0.013" classname="PhantomJS_1_9_8_(Mac_OS_X_0_0_0).unit.A Payment Module Route Config"/>
  <testcase name="should transition successfully" time="0.012" classname="PhantomJS_1_9_8_(Mac_OS_X_0_0_0).unit.A Payment Module Route Config"/>
  <testcase name="should be valid" time="0.01" classname="PhantomJS_1_9_8_(Mac_OS_X_0_0_0).unit.A Payment Module Route Config"/>
  <testcase name="should not be abstract" time="0.009" classname="PhantomJS_1_9_8_(Mac_OS_X_0_0_0).unit.A Payment Module Route Config"/>
  <testcase name="should not be cached" time="0.009" classname="PhantomJS_1_9_8_(Mac_OS_X_0_0_0).unit.A Payment Module Route Config"/>
  <testcase name="should have the expected URL" time="0.009" classname="PhantomJS_1_9_8_(Mac_OS_X_0_0_0).unit.A Payment Module Route Config"/>
  <testcase name="should define a view@payment.maintenance" time="0.02" classname="PhantomJS_1_9_8_(Mac_OS_X_0_0_0).unit.A Payment Module Route Config"/>
  <testcase name="should respond to the URL" time="0.014" classname="PhantomJS_1_9_8_(Mac_OS_X_0_0_0).unit.A Payment Module Route Config"/>
  <testcase name="should be valid" time="0.016" classname="PhantomJS_1_9_8_(Mac_OS_X_0_0_0).unit.A Payment Module Route Config"/>
  <testcase name="should not be abstract" time="0.012" classname="PhantomJS_1_9_8_(Mac_OS_X_0_0_0).unit.A Payment Module Route Config"/>
  <testcase name="should not be cached" time="0.012" classname="PhantomJS_1_9_8_(Mac_OS_X_0_0_0).unit.A Payment Module Route Config"/>
  <testcase name="should have the expected URL" time="0.012" classname="PhantomJS_1_9_8_(Mac_OS_X_0_0_0).unit.A Payment Module Route Config"/>
  <testcase name="should define a view@payment.maintenance" time="0.012" classname="PhantomJS_1_9_8_(Mac_OS_X_0_0_0).unit.A Payment Module Route Config"/>
  <testcase name="should respond to the URL" time="0.01" classname="PhantomJS_1_9_8_(Mac_OS_X_0_0_0).unit.A Payment Module Route Config"/>
  <testcase name="should be defined" time="0.008" classname="PhantomJS_1_9_8_(Mac_OS_X_0_0_0).unit.A Payment Module Route Config"/>
  <testcase name="should be abstract" time="0.011" classname="PhantomJS_1_9_8_(Mac_OS_X_0_0_0).unit.A Payment Module Route Config"/>
  <testcase name="should NOT be cached" time="0.009" classname="PhantomJS_1_9_8_(Mac_OS_X_0_0_0).unit.A Payment Module Route Config"/>
  <testcase name="should have the expected URL" time="0.01" classname="PhantomJS_1_9_8_(Mac_OS_X_0_0_0).unit.A Payment Module Route Config"/>
  <testcase name="should be valid" time="0.01" classname="PhantomJS_1_9_8_(Mac_OS_X_0_0_0).unit.A Payment Module Route Config"/>
  <testcase name="should NOT be abstract" time="0.01" classname="PhantomJS_1_9_8_(Mac_OS_X_0_0_0).unit.A Payment Module Route Config"/>
  <testcase name="should NOT be cached" time="0.014" classname="PhantomJS_1_9_8_(Mac_OS_X_0_0_0).unit.A Payment Module Route Config"/>
  <testcase name="should have the expected URL" time="0.01" classname="PhantomJS_1_9_8_(Mac_OS_X_0_0_0).unit.A Payment Module Route Config"/>
  <testcase name="should define a view on the payment.maintenance view container" time="0.011" classname="PhantomJS_1_9_8_(Mac_OS_X_0_0_0).unit.A Payment Module Route Config"/>
  <testcase name="should respond to the URL" time="0.022" classname="PhantomJS_1_9_8_(Mac_OS_X_0_0_0).unit.A Payment Module Route Config"/>
  <testcase name="should transition successfully" time="0.022" classname="PhantomJS_1_9_8_(Mac_OS_X_0_0_0).unit.A Payment Module Route Config"/>
  <testcase name="should resolve invoiceSummary to the expected value" time="0.022" classname="PhantomJS_1_9_8_(Mac_OS_X_0_0_0).unit.A Payment Module Route Config"/>
  <testcase name="should be valid" time="0.012" classname="PhantomJS_1_9_8_(Mac_OS_X_0_0_0).unit.A Payment Module Route Config"/>
  <testcase name="should NOT be abstract" time="0.009" classname="PhantomJS_1_9_8_(Mac_OS_X_0_0_0).unit.A Payment Module Route Config"/>
  <testcase name="should NOT be cached" time="0.011" classname="PhantomJS_1_9_8_(Mac_OS_X_0_0_0).unit.A Payment Module Route Config"/>
  <testcase name="should have the expected URL" time="0.539" classname="PhantomJS_1_9_8_(Mac_OS_X_0_0_0).unit.A Payment Module Route Config"/>
  <testcase name="should define a view on the payment.maintenance view container" time="0.013" classname="PhantomJS_1_9_8_(Mac_OS_X_0_0_0).unit.A Payment Module Route Config"/>
  <testcase name="should respond to the URL" time="0.016" classname="PhantomJS_1_9_8_(Mac_OS_X_0_0_0).unit.A Payment Module Route Config"/>
  <testcase name="should call BankManager.getActiveBanks" time="0.021" classname="PhantomJS_1_9_8_(Mac_OS_X_0_0_0).unit.A Payment Module Route Config"/>
  <testcase name="should transition successfully" time="0.021" classname="PhantomJS_1_9_8_(Mac_OS_X_0_0_0).unit.A Payment Module Route Config"/>
  <testcase name="should resolve the bankAccounts" time="0.021" classname="PhantomJS_1_9_8_(Mac_OS_X_0_0_0).unit.A Payment Module Route Config"/>
  <testcase name="should resolve the bankAccounts" time="0.021" classname="PhantomJS_1_9_8_(Mac_OS_X_0_0_0).unit.A Payment Module Route Config"/>
  <testcase name="should resolve the bankAccounts" time="0.021" classname="PhantomJS_1_9_8_(Mac_OS_X_0_0_0).unit.A Payment Module Route Config"/>
  <testcase name="should call PaymentManager.fetchPaymentAddAvailability" time="0.025" classname="PhantomJS_1_9_8_(Mac_OS_X_0_0_0).unit.A Payment Module Route Config"/>
  <testcase name="should redirect to the payment list" time="0.02" classname="PhantomJS_1_9_8_(Mac_OS_X_0_0_0).unit.A Payment Module Route Config"/>
  <testcase name="should call CommonService.displayAlert" time="0.017" classname="PhantomJS_1_9_8_(Mac_OS_X_0_0_0).unit.A Payment Module Route Config"/>
  <testcase name="should call PaymentManager.fetchPaymentAddAvailability" time="0.021" classname="PhantomJS_1_9_8_(Mac_OS_X_0_0_0).unit.A Payment Module Route Config"/>
  <testcase name="should redirect to the payment list" time="0.019" classname="PhantomJS_1_9_8_(Mac_OS_X_0_0_0).unit.A Payment Module Route Config"/>
  <testcase name="should set an event listener for $stateChangeSuccess to display the alert popup" time="0.021" classname="PhantomJS_1_9_8_(Mac_OS_X_0_0_0).unit.A Payment Module Route Config"/>
  <testcase name="should call CommonService.displayAlert" time="0.019" classname="PhantomJS_1_9_8_(Mac_OS_X_0_0_0).unit.A Payment Module Route Config"/>
  <testcase name="should call PaymentManager.fetchPaymentAddAvailability" time="0.02" classname="PhantomJS_1_9_8_(Mac_OS_X_0_0_0).unit.A Payment Module Route Config"/>
  <testcase name="should redirect to the payment list" time="0.017" classname="PhantomJS_1_9_8_(Mac_OS_X_0_0_0).unit.A Payment Module Route Config"/>
  <testcase name="should call CommonService.displayAlert" time="0.017" classname="PhantomJS_1_9_8_(Mac_OS_X_0_0_0).unit.A Payment Module Route Config"/>
  <testcase name="should call PaymentManager.fetchPaymentAddAvailability" time="0.019" classname="PhantomJS_1_9_8_(Mac_OS_X_0_0_0).unit.A Payment Module Route Config"/>
  <testcase name="should redirect to the payment list" time="0.023" classname="PhantomJS_1_9_8_(Mac_OS_X_0_0_0).unit.A Payment Module Route Config"/>
  <testcase name="should set an event listener for $stateChangeSuccess to display the alert popup" time="0.019" classname="PhantomJS_1_9_8_(Mac_OS_X_0_0_0).unit.A Payment Module Route Config"/>
  <testcase name="should call CommonService.displayAlert" time="0.019" classname="PhantomJS_1_9_8_(Mac_OS_X_0_0_0).unit.A Payment Module Route Config"/>
  <testcase name="should call PaymentManager.fetchPaymentAddAvailability" time="0.017" classname="PhantomJS_1_9_8_(Mac_OS_X_0_0_0).unit.A Payment Module Route Config"/>
  <testcase name="should redirect to the payment list" time="0.016" classname="PhantomJS_1_9_8_(Mac_OS_X_0_0_0).unit.A Payment Module Route Config"/>
  <testcase name="should call CommonService.displayAlert" time="0.016" classname="PhantomJS_1_9_8_(Mac_OS_X_0_0_0).unit.A Payment Module Route Config"/>
  <testcase name="should call PaymentManager.fetchPaymentAddAvailability" time="0.017" classname="PhantomJS_1_9_8_(Mac_OS_X_0_0_0).unit.A Payment Module Route Config"/>
  <testcase name="should redirect to the payment list" time="0.017" classname="PhantomJS_1_9_8_(Mac_OS_X_0_0_0).unit.A Payment Module Route Config"/>
  <testcase name="should set an event listener for $stateChangeSuccess to display the alert popup" time="0.017" classname="PhantomJS_1_9_8_(Mac_OS_X_0_0_0).unit.A Payment Module Route Config"/>
  <testcase name="should call CommonService.displayAlert" time="0.018" classname="PhantomJS_1_9_8_(Mac_OS_X_0_0_0).unit.A Payment Module Route Config"/>
  <testcase name="should call PaymentManager.fetchPaymentAddAvailability" time="0.016" classname="PhantomJS_1_9_8_(Mac_OS_X_0_0_0).unit.A Payment Module Route Config"/>
  <testcase name="should redirect to the payment list" time="0.021" classname="PhantomJS_1_9_8_(Mac_OS_X_0_0_0).unit.A Payment Module Route Config"/>
  <testcase name="should call CommonService.displayAlert" time="0.016" classname="PhantomJS_1_9_8_(Mac_OS_X_0_0_0).unit.A Payment Module Route Config"/>
  <testcase name="should call PaymentManager.fetchPaymentAddAvailability" time="0.016" classname="PhantomJS_1_9_8_(Mac_OS_X_0_0_0).unit.A Payment Module Route Config"/>
  <testcase name="should redirect to the payment list" time="0.016" classname="PhantomJS_1_9_8_(Mac_OS_X_0_0_0).unit.A Payment Module Route Config"/>
  <testcase name="should set an event listener for $stateChangeSuccess to display the alert popup" time="0.027" classname="PhantomJS_1_9_8_(Mac_OS_X_0_0_0).unit.A Payment Module Route Config"/>
  <testcase name="should call CommonService.displayAlert" time="0.018" classname="PhantomJS_1_9_8_(Mac_OS_X_0_0_0).unit.A Payment Module Route Config"/>
  <testcase name="should call PaymentManager.fetchPaymentAddAvailability" time="0.018" classname="PhantomJS_1_9_8_(Mac_OS_X_0_0_0).unit.A Payment Module Route Config"/>
  <testcase name="should redirect to the payment add state" time="0.022" classname="PhantomJS_1_9_8_(Mac_OS_X_0_0_0).unit.A Payment Module Route Config"/>
  <testcase name="should NOT call CommonService.displayAlert" time="0.023" classname="PhantomJS_1_9_8_(Mac_OS_X_0_0_0).unit.A Payment Module Route Config"/>
  <testcase name="should call PaymentManager.fetchPaymentAddAvailability" time="0.018" classname="PhantomJS_1_9_8_(Mac_OS_X_0_0_0).unit.A Payment Module Route Config"/>
  <testcase name="should NOT set an event listener for $stateChangeSuccess to display the alert popup" time="0.018" classname="PhantomJS_1_9_8_(Mac_OS_X_0_0_0).unit.A Payment Module Route Config"/>
  <testcase name="should redirect to the payment add state" time="0.02" classname="PhantomJS_1_9_8_(Mac_OS_X_0_0_0).unit.A Payment Module Route Config"/>
  <testcase name="should NOT call CommonService.displayAlert" time="0.022" classname="PhantomJS_1_9_8_(Mac_OS_X_0_0_0).unit.A Payment Module Route Config"/>
  <testcase name="should call PaymentManager.fetchPaymentAddAvailability" time="0.016" classname="PhantomJS_1_9_8_(Mac_OS_X_0_0_0).unit.A Payment Module Route Config"/>
  <testcase name="should log the error" time="0.015" classname="PhantomJS_1_9_8_(Mac_OS_X_0_0_0).unit.A Payment Module Route Config"/>
  <testcase name="should redirect to the payment list" time="0.013" classname="PhantomJS_1_9_8_(Mac_OS_X_0_0_0).unit.A Payment Module Route Config"/>
  <testcase name="should set the PaymentAddAvailabilityModel object with the fields from the passed in paymentAddAvailabilityResource object that they have in common" time="0.016" classname="PhantomJS_1_9_8_(Mac_OS_X_0_0_0).unit.A Payment Add Availability Model Service"/>
  <testcase name="should NOT change the PaymentAddAvailabilityModel object fields that the paymentAddAvailabilityResource object does not have" time="0.01" classname="PhantomJS_1_9_8_(Mac_OS_X_0_0_0).unit.A Payment Add Availability Model Service"/>
  <testcase name="should extend the PaymentAddAvailabilityModel object with the fields from the passed in paymentAddAvailabilityResource object that the PaymentAddAvailabilityModel does not have" time="0.01" classname="PhantomJS_1_9_8_(Mac_OS_X_0_0_0).unit.A Payment Add Availability Model Service"/>
  <testcase name="should set the payment" time="0.012" classname="PhantomJS_1_9_8_(Mac_OS_X_0_0_0).unit.A Payment View Controller"/>
  <testcase name="should set the is payment editable indicator" time="0.015" classname="PhantomJS_1_9_8_(Mac_OS_X_0_0_0).unit.A Payment View Controller"/>
  <testcase name="should call CommonService.displayConfirm with the expected values" time="0.011" classname="PhantomJS_1_9_8_(Mac_OS_X_0_0_0).unit.A Payment View Controller"/>
  <testcase name="should call PaymentManager.removePayment with the expected values" time="0.01" classname="PhantomJS_1_9_8_(Mac_OS_X_0_0_0).unit.A Payment View Controller"/>
  <testcase name="should redirect to payment.list.view" time="0.01" classname="PhantomJS_1_9_8_(Mac_OS_X_0_0_0).unit.A Payment View Controller"/>
  <testcase name="should NOT redirect to payment.list.view" time="0.01" classname="PhantomJS_1_9_8_(Mac_OS_X_0_0_0).unit.A Payment View Controller"/>
  <testcase name="should NOT call PaymentManager.removePayment" time="0.01" classname="PhantomJS_1_9_8_(Mac_OS_X_0_0_0).unit.A Payment View Controller"/>
  <testcase name="should NOT redirect to payment.list.view" time="0.011" classname="PhantomJS_1_9_8_(Mac_OS_X_0_0_0).unit.A Payment View Controller"/>
  <testcase name="should navigate to the payment.update flow with the expected paymentId" time="0.016" classname="PhantomJS_1_9_8_(Mac_OS_X_0_0_0).unit.A Payment View Controller"/>
  <testcase name="should set the completed payments" time="0.02" classname="PhantomJS_1_9_8_(Mac_OS_X_0_0_0).unit.A Payment List Controller"/>
  <testcase name="should set the scheduled payments" time="0.013" classname="PhantomJS_1_9_8_(Mac_OS_X_0_0_0).unit.A Payment List Controller"/>
  <testcase name="should set payment.amount to the expected value" time="0.008" classname="PhantomJS_1_9_8_(Mac_OS_X_0_0_0).unit.A Payment Maintenance Controller"/>
  <testcase name="should set payment.scheduledDate to the expected value" time="0.009" classname="PhantomJS_1_9_8_(Mac_OS_X_0_0_0).unit.A Payment Maintenance Controller"/>
  <testcase name="should set payment.bankAccount to the expected value" time="0.009" classname="PhantomJS_1_9_8_(Mac_OS_X_0_0_0).unit.A Payment Maintenance Controller"/>
  <testcase name="should NOT modify payment" time="0" classname="PhantomJS_1_9_8_(Mac_OS_X_0_0_0).unit.A Payment Maintenance Controller"/>
  <testcase name="should set the amount to the display payment amount" time="0" classname="PhantomJS_1_9_8_(Mac_OS_X_0_0_0).unit.A Payment Maintenance Amount Input Controller"/>
  <testcase name="should set the amount to 0" time="0" classname="PhantomJS_1_9_8_(Mac_OS_X_0_0_0).unit.A Payment Maintenance Amount Input Controller"/>
  <testcase name="should set the amount to the number" time="0" classname="PhantomJS_1_9_8_(Mac_OS_X_0_0_0).unit.A Payment Maintenance Amount Input Controller"/>
  <testcase name="should not modify the amount the second time" time="0" classname="PhantomJS_1_9_8_(Mac_OS_X_0_0_0).unit.A Payment Maintenance Amount Input Controller"/>
  <testcase name="should show the expected error" time="0" classname="PhantomJS_1_9_8_(Mac_OS_X_0_0_0).unit.A Payment Maintenance Amount Input Controller"/>
  <testcase name="should NOT go back to the previous page" time="0" classname="PhantomJS_1_9_8_(Mac_OS_X_0_0_0).unit.A Payment Maintenance Amount Input Controller"/>
  <testcase name="should show the expected error" time="0" classname="PhantomJS_1_9_8_(Mac_OS_X_0_0_0).unit.A Payment Maintenance Amount Input Controller"/>
  <testcase name="should NOT go back to the previous page" time="0" classname="PhantomJS_1_9_8_(Mac_OS_X_0_0_0).unit.A Payment Maintenance Amount Input Controller"/>
  <testcase name="should NOT show an error" time="0" classname="PhantomJS_1_9_8_(Mac_OS_X_0_0_0).unit.A Payment Maintenance Amount Input Controller"/>
  <testcase name="should go back to the previous page" time="0" classname="PhantomJS_1_9_8_(Mac_OS_X_0_0_0).unit.A Payment Maintenance Amount Input Controller"/>
  <testcase name="should NOT show an error" time="0" classname="PhantomJS_1_9_8_(Mac_OS_X_0_0_0).unit.A Payment Maintenance Amount Input Controller"/>
  <testcase name="should go back to the previous page" time="0" classname="PhantomJS_1_9_8_(Mac_OS_X_0_0_0).unit.A Payment Maintenance Amount Input Controller"/>
  <testcase name="should set the bank accounts" time="0" classname="PhantomJS_1_9_8_(Mac_OS_X_0_0_0).unit.A Payment Maintenance Bank Account Input Controller"/>
  <testcase name="should update the payment with the selected bank" time="0" classname="PhantomJS_1_9_8_(Mac_OS_X_0_0_0).unit.A Payment Maintenance Bank Account Input Controller"/>
  <testcase name="should go back to the previous page" time="0" classname="PhantomJS_1_9_8_(Mac_OS_X_0_0_0).unit.A Payment Maintenance Bank Account Input Controller"/>
  <testcase name="should set the config to the expected value" time="0" classname="PhantomJS_1_9_8_(Mac_OS_X_0_0_0).unit.A Payment Maintenance Confirmation Controller"/>
  <testcase name="should set payment to the expected value" time="0" classname="PhantomJS_1_9_8_(Mac_OS_X_0_0_0).unit.A Payment Maintenance Confirmation Controller"/>
  <testcase name="should set the config to the expected value" time="0" classname="PhantomJS_1_9_8_(Mac_OS_X_0_0_0).unit.A Payment Maintenance Form Controller"/>
  <testcase name="should set backStateOverride to the expected value" time="0" classname="PhantomJS_1_9_8_(Mac_OS_X_0_0_0).unit.A Payment Maintenance Form Controller"/>
  <testcase name="should set the min date range to yesterday" time="0.261" classname="PhantomJS_1_9_8_(Mac_OS_X_0_0_0).unit.A Payment Maintenance Form Controller"/>
  <testcase name="should set the max date range to the expected time in the future" time="0.012" classname="PhantomJS_1_9_8_(Mac_OS_X_0_0_0).unit.A Payment Maintenance Form Controller"/>
  <testcase name="should set hasMultipleBanks" time="0.012" classname="PhantomJS_1_9_8_(Mac_OS_X_0_0_0).unit.A Payment Maintenance Form Controller"/>
  <testcase name="should set the payment" time="0.009" classname="PhantomJS_1_9_8_(Mac_OS_X_0_0_0).unit.A Payment Maintenance Form Controller"/>
  <testcase name="should set the billing company" time="0.01" classname="PhantomJS_1_9_8_(Mac_OS_X_0_0_0).unit.A Payment Maintenance Form Controller"/>
  <testcase name="should set the invoice summary" time="0.01" classname="PhantomJS_1_9_8_(Mac_OS_X_0_0_0).unit.A Payment Maintenance Form Controller"/>
  <testcase name="should set the config to the expected value" time="0" classname="PhantomJS_1_9_8_(Mac_OS_X_0_0_0).unit.A Payment Maintenance Summary Controller"/>
  <testcase name="should set the payment" time="0" classname="PhantomJS_1_9_8_(Mac_OS_X_0_0_0).unit.A Payment Maintenance Summary Controller"/>
  <testcase name="should NOT have any warnings" time="0" classname="PhantomJS_1_9_8_(Mac_OS_X_0_0_0).unit.A Payment Maintenance Summary Controller"/>
  <testcase name="should NOT have any warnings" time="0" classname="PhantomJS_1_9_8_(Mac_OS_X_0_0_0).unit.A Payment Maintenance Summary Controller"/>
  <testcase name="should only have a payment amount warning" time="0" classname="PhantomJS_1_9_8_(Mac_OS_X_0_0_0).unit.A Payment Maintenance Summary Controller"/>
  <testcase name="should only have a payment date warning" time="0" classname="PhantomJS_1_9_8_(Mac_OS_X_0_0_0).unit.A Payment Maintenance Summary Controller"/>
  <testcase name="should have a payment amount warning and a payment date warning" time="0" classname="PhantomJS_1_9_8_(Mac_OS_X_0_0_0).unit.A Payment Maintenance Summary Controller"/>
  <testcase name="should process the Payment" time="0" classname="PhantomJS_1_9_8_(Mac_OS_X_0_0_0).unit.A Payment Maintenance Summary Controller"/>
  <testcase name="should set the payment" time="0" classname="PhantomJS_1_9_8_(Mac_OS_X_0_0_0).unit.A Payment Maintenance Summary Controller"/>
  <testcase name="should disable the back button for the confirmation page" time="0" classname="PhantomJS_1_9_8_(Mac_OS_X_0_0_0).unit.A Payment Maintenance Summary Controller"/>
  <testcase name="should navigate to the payment maintenance confirmation page" time="0" classname="PhantomJS_1_9_8_(Mac_OS_X_0_0_0).unit.A Payment Maintenance Summary Controller"/>
  <testcase name="should NOT set the payment" time="0" classname="PhantomJS_1_9_8_(Mac_OS_X_0_0_0).unit.A Payment Maintenance Summary Controller"/>
  <testcase name="should NOT navigate away from the current page" time="0" classname="PhantomJS_1_9_8_(Mac_OS_X_0_0_0).unit.A Payment Maintenance Summary Controller"/>
  <testcase name="should reset the payment add availability" time="0" classname="PhantomJS_1_9_8_(Mac_OS_X_0_0_0).unit.A Payment Manager"/>
  <testcase name="should reset the payments" time="0" classname="PhantomJS_1_9_8_(Mac_OS_X_0_0_0).unit.A Payment Manager"/>
  <testcase name="should call PaymentsResource.addPayment" time="0" classname="PhantomJS_1_9_8_(Mac_OS_X_0_0_0).unit.A Payment Manager"/>
  <testcase name="should resolve" time="0" classname="PhantomJS_1_9_8_(Mac_OS_X_0_0_0).unit.A Payment Manager"/>
  <testcase name="should throw an error" time="0" classname="PhantomJS_1_9_8_(Mac_OS_X_0_0_0).unit.A Payment Manager"/>
  <testcase name="should throw an error" time="0" classname="PhantomJS_1_9_8_(Mac_OS_X_0_0_0).unit.A Payment Manager"/>
  <testcase name="should return the expected payment" time="0" classname="PhantomJS_1_9_8_(Mac_OS_X_0_0_0).unit.A Payment Manager"/>
  <testcase name="should NOT reject" time="0" classname="PhantomJS_1_9_8_(Mac_OS_X_0_0_0).unit.A Payment Manager"/>
  <testcase name="should return undefined" time="0" classname="PhantomJS_1_9_8_(Mac_OS_X_0_0_0).unit.A Payment Manager"/>
  <testcase name="should NOT reject" time="0" classname="PhantomJS_1_9_8_(Mac_OS_X_0_0_0).unit.A Payment Manager"/>
  <testcase name="should return undefined" time="0" classname="PhantomJS_1_9_8_(Mac_OS_X_0_0_0).unit.A Payment Manager"/>
  <testcase name="should NOT reject" time="0" classname="PhantomJS_1_9_8_(Mac_OS_X_0_0_0).unit.A Payment Manager"/>
  <testcase name="should call PaymentsResource.getPaymentAddAvailability" time="0" classname="PhantomJS_1_9_8_(Mac_OS_X_0_0_0).unit.A Payment Manager"/>
  <testcase name="should set the payment add availability" time="0" classname="PhantomJS_1_9_8_(Mac_OS_X_0_0_0).unit.A Payment Manager"/>
  <testcase name="should resolve" time="0" classname="PhantomJS_1_9_8_(Mac_OS_X_0_0_0).unit.A Payment Manager"/>
  <testcase name="should throw an error" time="0" classname="PhantomJS_1_9_8_(Mac_OS_X_0_0_0).unit.A Payment Manager"/>
  <testcase name="should NOT update the payment add availability" time="0" classname="PhantomJS_1_9_8_(Mac_OS_X_0_0_0).unit.A Payment Manager"/>
  <testcase name="should throw an error" time="0" classname="PhantomJS_1_9_8_(Mac_OS_X_0_0_0).unit.A Payment Manager"/>
  <testcase name="should NOT update the payment add availability" time="0" classname="PhantomJS_1_9_8_(Mac_OS_X_0_0_0).unit.A Payment Manager"/>
  <testcase name="should call PaymentsResource.getPayments" time="0" classname="PhantomJS_1_9_8_(Mac_OS_X_0_0_0).unit.A Payment Manager"/>
  <testcase name="should set the payments" time="0" classname="PhantomJS_1_9_8_(Mac_OS_X_0_0_0).unit.A Payment Manager"/>
  <testcase name="should resolve" time="0" classname="PhantomJS_1_9_8_(Mac_OS_X_0_0_0).unit.A Payment Manager"/>
  <testcase name="should throw an error" time="0" classname="PhantomJS_1_9_8_(Mac_OS_X_0_0_0).unit.A Payment Manager"/>
  <testcase name="should throw an error" time="0" classname="PhantomJS_1_9_8_(Mac_OS_X_0_0_0).unit.A Payment Manager"/>
  <testcase name="should call PaymentsResource.getPayments with the expected values" time="0" classname="PhantomJS_1_9_8_(Mac_OS_X_0_0_0).unit.A Payment Manager"/>
  <testcase name="should resolve with the expected value" time="0" classname="PhantomJS_1_9_8_(Mac_OS_X_0_0_0).unit.A Payment Manager"/>
  <testcase name="should resolve with 0" time="0" classname="PhantomJS_1_9_8_(Mac_OS_X_0_0_0).unit.A Payment Manager"/>
  <testcase name="should throw an error" time="0" classname="PhantomJS_1_9_8_(Mac_OS_X_0_0_0).unit.A Payment Manager"/>
  <testcase name="should throw an error" time="0" classname="PhantomJS_1_9_8_(Mac_OS_X_0_0_0).unit.A Payment Manager"/>
  <testcase name="should return the payments passed to setPayments" time="0" classname="PhantomJS_1_9_8_(Mac_OS_X_0_0_0).unit.A Payment Manager"/>
  <testcase name="should return the payment add availability passed to setPaymentAddAvailability" time="0" classname="PhantomJS_1_9_8_(Mac_OS_X_0_0_0).unit.A Payment Manager"/>
  <testcase name="should NOT call PaymentsResource.getPayments" time="0" classname="PhantomJS_1_9_8_(Mac_OS_X_0_0_0).unit.A Payment Manager"/>
  <testcase name="should resolve with false" time="0" classname="PhantomJS_1_9_8_(Mac_OS_X_0_0_0).unit.A Payment Manager"/>
  <testcase name="should call PaymentsResource.getPayments with the expected values" time="0" classname="PhantomJS_1_9_8_(Mac_OS_X_0_0_0).unit.A Payment Manager"/>
  <testcase name="should resolve with false" time="0" classname="PhantomJS_1_9_8_(Mac_OS_X_0_0_0).unit.A Payment Manager"/>
  <testcase name="should resolve with true" time="0" classname="PhantomJS_1_9_8_(Mac_OS_X_0_0_0).unit.A Payment Manager"/>
  <testcase name="should return false" time="0" classname="PhantomJS_1_9_8_(Mac_OS_X_0_0_0).unit.A Payment Manager"/>
  <testcase name="should update the payment add availability returned by getPaymentAddAvailability" time="0" classname="PhantomJS_1_9_8_(Mac_OS_X_0_0_0).unit.A Payment Manager"/>
  <testcase name="should update the payments returned by getPayments" time="0" classname="PhantomJS_1_9_8_(Mac_OS_X_0_0_0).unit.A Payment Manager"/>
  <testcase name="should call PaymentsResource.postPayment" time="0" classname="PhantomJS_1_9_8_(Mac_OS_X_0_0_0).unit.A Payment Manager"/>
  <testcase name="should resolve" time="0" classname="PhantomJS_1_9_8_(Mac_OS_X_0_0_0).unit.A Payment Manager"/>
  <testcase name="should throw an error" time="0" classname="PhantomJS_1_9_8_(Mac_OS_X_0_0_0).unit.A Payment Manager"/>
  <testcase name="should throw an error" time="0" classname="PhantomJS_1_9_8_(Mac_OS_X_0_0_0).unit.A Payment Manager"/>
  <testcase name="should call PaymentsResource.deletePayment" time="0" classname="PhantomJS_1_9_8_(Mac_OS_X_0_0_0).unit.A Payment Manager"/>
  <testcase name="should resolve" time="0" classname="PhantomJS_1_9_8_(Mac_OS_X_0_0_0).unit.A Payment Manager"/>
  <testcase name="should remove the payment from the collection" time="0" classname="PhantomJS_1_9_8_(Mac_OS_X_0_0_0).unit.A Payment Manager"/>
  <testcase name="should throw an error" time="0" classname="PhantomJS_1_9_8_(Mac_OS_X_0_0_0).unit.A Payment Manager"/>
  <testcase name="should NOT remove the payment from the collection" time="0" classname="PhantomJS_1_9_8_(Mac_OS_X_0_0_0).unit.A Payment Manager"/>
  <testcase name="should set the PaymentModel object with the fields from the passed in paymentResource object that they have in common" time="0" classname="PhantomJS_1_9_8_(Mac_OS_X_0_0_0).unit.A Payment Model Service"/>
  <testcase name="should NOT change the PaymentModel object fields that the paymentResource object does not have" time="0" classname="PhantomJS_1_9_8_(Mac_OS_X_0_0_0).unit.A Payment Model Service"/>
  <testcase name="should extend the PaymentModel object with the fields from the passed in paymentResource object that the PaymentModel does not have" time="0" classname="PhantomJS_1_9_8_(Mac_OS_X_0_0_0).unit.A Payment Model Service"/>
  <testcase name="should return 'N/A'" time="0" classname="PhantomJS_1_9_8_(Mac_OS_X_0_0_0).unit.A Payment Model Service"/>
  <testcase name="should return the bank account's display name" time="0" classname="PhantomJS_1_9_8_(Mac_OS_X_0_0_0).unit.A Payment Model Service"/>
  <testcase name="should return 'N/A'" time="0" classname="PhantomJS_1_9_8_(Mac_OS_X_0_0_0).unit.A Payment Model Service"/>
  <testcase name="should return the bank account's display name" time="0" classname="PhantomJS_1_9_8_(Mac_OS_X_0_0_0).unit.A Payment Model Service"/>
  <testcase name="should return 'N/A'" time="0" classname="PhantomJS_1_9_8_(Mac_OS_X_0_0_0).unit.A Payment Model Service"/>
  <testcase name="should return the bank account's display name" time="0" classname="PhantomJS_1_9_8_(Mac_OS_X_0_0_0).unit.A Payment Model Service"/>
  <testcase name="should return the bank account's display name" time="0" classname="PhantomJS_1_9_8_(Mac_OS_X_0_0_0).unit.A Payment Model Service"/>
  <testcase name="should return the bank account's display name" time="0" classname="PhantomJS_1_9_8_(Mac_OS_X_0_0_0).unit.A Payment Model Service"/>
  <testcase name="should return the bank account's display name" time="0" classname="PhantomJS_1_9_8_(Mac_OS_X_0_0_0).unit.A Payment Model Service"/>
  <testcase name="should return false" time="0" classname="PhantomJS_1_9_8_(Mac_OS_X_0_0_0).unit.A Payment Model Service"/>
  <testcase name="should return false" time="0" classname="PhantomJS_1_9_8_(Mac_OS_X_0_0_0).unit.A Payment Model Service"/>
  <testcase name="should return false" time="0" classname="PhantomJS_1_9_8_(Mac_OS_X_0_0_0).unit.A Payment Model Service"/>
  <testcase name="should return true" time="0" classname="PhantomJS_1_9_8_(Mac_OS_X_0_0_0).unit.A Payment Model Service"/>
  <testcase name="should return false" time="0" classname="PhantomJS_1_9_8_(Mac_OS_X_0_0_0).unit.A Payment Model Service"/>
  <testcase name="should return false" time="0" classname="PhantomJS_1_9_8_(Mac_OS_X_0_0_0).unit.A Payment Model Service"/>
  <testcase name="should return false" time="0" classname="PhantomJS_1_9_8_(Mac_OS_X_0_0_0).unit.A Payment Model Service"/>
  <testcase name="should return false" time="0" classname="PhantomJS_1_9_8_(Mac_OS_X_0_0_0).unit.A Payment Model Service"/>
  <testcase name="should return false" time="0" classname="PhantomJS_1_9_8_(Mac_OS_X_0_0_0).unit.A Payment Model Service"/>
  <testcase name="should return false" time="0" classname="PhantomJS_1_9_8_(Mac_OS_X_0_0_0).unit.A Payment Model Service"/>
  <testcase name="should return true" time="0" classname="PhantomJS_1_9_8_(Mac_OS_X_0_0_0).unit.A Payment Model Service"/>
  <testcase name="should return false" time="0" classname="PhantomJS_1_9_8_(Mac_OS_X_0_0_0).unit.A Payment Model Service"/>
  <testcase name="should return false" time="0" classname="PhantomJS_1_9_8_(Mac_OS_X_0_0_0).unit.A Payment Model Service"/>
  <testcase name="should return false" time="0" classname="PhantomJS_1_9_8_(Mac_OS_X_0_0_0).unit.A Payment Model Service"/>
  <testcase name="should return false" time="0" classname="PhantomJS_1_9_8_(Mac_OS_X_0_0_0).unit.A Payment Model Service"/>
  <testcase name="should return false" time="0" classname="PhantomJS_1_9_8_(Mac_OS_X_0_0_0).unit.A Payment Model Service"/>
  <testcase name="should return 'Direct Debit'" time="0" classname="PhantomJS_1_9_8_(Mac_OS_X_0_0_0).unit.A Payment Model Service"/>
  <testcase name="should return 'Online Payment'" time="0" classname="PhantomJS_1_9_8_(Mac_OS_X_0_0_0).unit.A Payment Model Service"/>
  <testcase name="should return 'Check'" time="0" classname="PhantomJS_1_9_8_(Mac_OS_X_0_0_0).unit.A Payment Model Service"/>
  <testcase name="should return 'Phone Payment'" time="0" classname="PhantomJS_1_9_8_(Mac_OS_X_0_0_0).unit.A Payment Model Service"/>
  <testcase name="should return 'Unknown'" time="0" classname="PhantomJS_1_9_8_(Mac_OS_X_0_0_0).unit.A Payment Model Service"/>
  <testcase name="should return 'Unknown'" time="0" classname="PhantomJS_1_9_8_(Mac_OS_X_0_0_0).unit.A Payment Model Service"/>
  <testcase name="should return 'Unknown'" time="0" classname="PhantomJS_1_9_8_(Mac_OS_X_0_0_0).unit.A Payment Model Service"/>
  <testcase name="should return 'Unknown'" time="0" classname="PhantomJS_1_9_8_(Mac_OS_X_0_0_0).unit.A Payment Model Service"/>
  <testcase name="should return 'Unknown'" time="0" classname="PhantomJS_1_9_8_(Mac_OS_X_0_0_0).unit.A Payment Model Service"/>
  <testcase name="should be valid" time="0" classname="PhantomJS_1_9_8_(Mac_OS_X_0_0_0).unit.A Terms Module Route Config"/>
  <testcase name="should not be abstract" time="0" classname="PhantomJS_1_9_8_(Mac_OS_X_0_0_0).unit.A Terms Module Route Config"/>
  <testcase name="should not be cached" time="0" classname="PhantomJS_1_9_8_(Mac_OS_X_0_0_0).unit.A Terms Module Route Config"/>
  <testcase name="should have the expected URL" time="0" classname="PhantomJS_1_9_8_(Mac_OS_X_0_0_0).unit.A Terms Module Route Config"/>
  <testcase name="should define a view on the root view container" time="0" classname="PhantomJS_1_9_8_(Mac_OS_X_0_0_0).unit.A Terms Module Route Config"/>
  <testcase name="should respond to the URL" time="0" classname="PhantomJS_1_9_8_(Mac_OS_X_0_0_0).unit.A Terms Module Route Config"/>
  <testcase name="should set the posted transaction" time="0" classname="PhantomJS_1_9_8_(Mac_OS_X_0_0_0).unit.A Posted Transaction Detail Controller"/>
  <testcase name="should set the PostedTransactionModel object with the fields from the passed in postedTransactionResource object that they have in common" time="0" classname="PhantomJS_1_9_8_(Mac_OS_X_0_0_0).unit.A Posted Transaction Model Service"/>
  <testcase name="should NOT change the PostedTransactionModel object fields that the postedTransactionResource object does not have" time="0" classname="PhantomJS_1_9_8_(Mac_OS_X_0_0_0).unit.A Posted Transaction Model Service"/>
  <testcase name="should extend the PostedTransactionModel object with the fields from the passed in postedTransactionResource object that the PostedTransactionModel does not have" time="0" classname="PhantomJS_1_9_8_(Mac_OS_X_0_0_0).unit.A Posted Transaction Model Service"/>
  <testcase name="should be defined" time="0" classname="PhantomJS_1_9_8_(Mac_OS_X_0_0_0).unit.A Transaction Module Route Config"/>
  <testcase name="should be abstract" time="0" classname="PhantomJS_1_9_8_(Mac_OS_X_0_0_0).unit.A Transaction Module Route Config"/>
  <testcase name="should have the expected URL" time="0" classname="PhantomJS_1_9_8_(Mac_OS_X_0_0_0).unit.A Transaction Module Route Config"/>
  <testcase name="should define a view on the root container" time="0" classname="PhantomJS_1_9_8_(Mac_OS_X_0_0_0).unit.A Transaction Module Route Config"/>
  <testcase name="should be valid" time="0" classname="PhantomJS_1_9_8_(Mac_OS_X_0_0_0).unit.A Transaction Module Route Config"/>
  <testcase name="should not be abstract" time="0" classname="PhantomJS_1_9_8_(Mac_OS_X_0_0_0).unit.A Transaction Module Route Config"/>
  <testcase name="should not be cached" time="0" classname="PhantomJS_1_9_8_(Mac_OS_X_0_0_0).unit.A Transaction Module Route Config"/>
  <testcase name="should have the expected URL" time="0" classname="PhantomJS_1_9_8_(Mac_OS_X_0_0_0).unit.A Transaction Module Route Config"/>
  <testcase name="should respond to the URL" time="0" classname="PhantomJS_1_9_8_(Mac_OS_X_0_0_0).unit.A Transaction Module Route Config"/>
  <testcase name="should transition successfully" time="0" classname="PhantomJS_1_9_8_(Mac_OS_X_0_0_0).unit.A Transaction Module Route Config"/>
  <testcase name="should be valid" time="0" classname="PhantomJS_1_9_8_(Mac_OS_X_0_0_0).unit.A Transaction Module Route Config"/>
  <testcase name="should be abstract" time="0" classname="PhantomJS_1_9_8_(Mac_OS_X_0_0_0).unit.A Transaction Module Route Config"/>
  <testcase name="should have the expected URL" time="0" classname="PhantomJS_1_9_8_(Mac_OS_X_0_0_0).unit.A Transaction Module Route Config"/>
  <testcase name="should define a transaction view" time="0" classname="PhantomJS_1_9_8_(Mac_OS_X_0_0_0).unit.A Transaction Module Route Config"/>
  <testcase name="should respond to the URL" time="0" classname="PhantomJS_1_9_8_(Mac_OS_X_0_0_0).unit.A Transaction Module Route Config"/>
  <testcase name="should be valid" time="0" classname="PhantomJS_1_9_8_(Mac_OS_X_0_0_0).unit.A Transaction Module Route Config"/>
  <testcase name="should not be abstract" time="0" classname="PhantomJS_1_9_8_(Mac_OS_X_0_0_0).unit.A Transaction Module Route Config"/>
  <testcase name="should not be cached" time="0" classname="PhantomJS_1_9_8_(Mac_OS_X_0_0_0).unit.A Transaction Module Route Config"/>
  <testcase name="should have the expected URL" time="0" classname="PhantomJS_1_9_8_(Mac_OS_X_0_0_0).unit.A Transaction Module Route Config"/>
  <testcase name="should respond to the URL" time="0" classname="PhantomJS_1_9_8_(Mac_OS_X_0_0_0).unit.A Transaction Module Route Config"/>
  <testcase name="should call TransactionManager.fetchPostedTransaction" time="0" classname="PhantomJS_1_9_8_(Mac_OS_X_0_0_0).unit.A Transaction Module Route Config"/>
  <testcase name="should transition successfully" time="0" classname="PhantomJS_1_9_8_(Mac_OS_X_0_0_0).unit.A Transaction Module Route Config"/>
  <testcase name="should resolve the postedTransaction" time="0" classname="PhantomJS_1_9_8_(Mac_OS_X_0_0_0).unit.A Transaction Module Route Config"/>
  <testcase name="should call CommonService.loadingBegin" time="0" classname="PhantomJS_1_9_8_(Mac_OS_X_0_0_0).unit.A Transaction List Controller"/>
  <testcase name="should call TransactionManager.fetchPostedTransactions with the expected values" time="0" classname="PhantomJS_1_9_8_(Mac_OS_X_0_0_0).unit.A Transaction List Controller"/>
  <testcase name="should resolve with a value of true" time="0" classname="PhantomJS_1_9_8_(Mac_OS_X_0_0_0).unit.A Transaction List Controller"/>
  <testcase name="should NOT reject" time="0" classname="PhantomJS_1_9_8_(Mac_OS_X_0_0_0).unit.A Transaction List Controller"/>
  <testcase name="should call CommonService.loadingComplete" time="0" classname="PhantomJS_1_9_8_(Mac_OS_X_0_0_0).unit.A Transaction List Controller"/>
  <testcase name="should add the transactions to the list" time="0" classname="PhantomJS_1_9_8_(Mac_OS_X_0_0_0).unit.A Transaction List Controller"/>
  <testcase name="should increment the current page" time="0" classname="PhantomJS_1_9_8_(Mac_OS_X_0_0_0).unit.A Transaction List Controller">
    <skipped/>
  </testcase>
  <testcase name="should resolve with a value of false" time="0" classname="PhantomJS_1_9_8_(Mac_OS_X_0_0_0).unit.A Transaction List Controller"/>
  <testcase name="should NOT reject" time="0" classname="PhantomJS_1_9_8_(Mac_OS_X_0_0_0).unit.A Transaction List Controller"/>
  <testcase name="should call CommonService.loadingComplete" time="0" classname="PhantomJS_1_9_8_(Mac_OS_X_0_0_0).unit.A Transaction List Controller"/>
  <testcase name="should throw an error" time="0" classname="PhantomJS_1_9_8_(Mac_OS_X_0_0_0).unit.A Transaction List Controller"/>
  <testcase name="should resolve with a value of true" time="0" classname="PhantomJS_1_9_8_(Mac_OS_X_0_0_0).unit.A Transaction List Controller"/>
  <testcase name="should call CommonService.loadingComplete" time="0" classname="PhantomJS_1_9_8_(Mac_OS_X_0_0_0).unit.A Transaction List Controller"/>
  <testcase name="should set firstPageLoaded to truer" time="0" classname="PhantomJS_1_9_8_(Mac_OS_X_0_0_0).unit.A Transaction List Controller">
    <skipped/>
  </testcase>
  <testcase name="should reset the cached posted transactions" time="0" classname="PhantomJS_1_9_8_(Mac_OS_X_0_0_0).unit.A Transaction Manager"/>
  <testcase name="should return the expected posted transaction" time="0" classname="PhantomJS_1_9_8_(Mac_OS_X_0_0_0).unit.A Transaction Manager"/>
  <testcase name="should NOT reject" time="0" classname="PhantomJS_1_9_8_(Mac_OS_X_0_0_0).unit.A Transaction Manager"/>
  <testcase name="should return undefined" time="0" classname="PhantomJS_1_9_8_(Mac_OS_X_0_0_0).unit.A Transaction Manager"/>
  <testcase name="should NOT reject" time="0" classname="PhantomJS_1_9_8_(Mac_OS_X_0_0_0).unit.A Transaction Manager"/>
  <testcase name="should return undefined" time="0" classname="PhantomJS_1_9_8_(Mac_OS_X_0_0_0).unit.A Transaction Manager"/>
  <testcase name="should NOT reject" time="0" classname="PhantomJS_1_9_8_(Mac_OS_X_0_0_0).unit.A Transaction Manager"/>
  <testcase name="should call TransactionsResource.getPostedTransactions" time="0" classname="PhantomJS_1_9_8_(Mac_OS_X_0_0_0).unit.A Transaction Manager"/>
  <testcase name="should resolve" time="0" classname="PhantomJS_1_9_8_(Mac_OS_X_0_0_0).unit.A Transaction Manager"/>
  <testcase name="should reset postedTransactions to an array of models set from the data" time="0" classname="PhantomJS_1_9_8_(Mac_OS_X_0_0_0).unit.A Transaction Manager"/>
  <testcase name="should resolve" time="0" classname="PhantomJS_1_9_8_(Mac_OS_X_0_0_0).unit.A Transaction Manager"/>
  <testcase name="should add only the uncached transactions from the data to postedTransactions" time="0" classname="PhantomJS_1_9_8_(Mac_OS_X_0_0_0).unit.A Transaction Manager"/>
  <testcase name="should resolve" time="0" classname="PhantomJS_1_9_8_(Mac_OS_X_0_0_0).unit.A Transaction Manager"/>
  <testcase name="should add all of the fetched transactions to postedTransactions" time="0" classname="PhantomJS_1_9_8_(Mac_OS_X_0_0_0).unit.A Transaction Manager"/>
  <testcase name="should throw an error" time="0" classname="PhantomJS_1_9_8_(Mac_OS_X_0_0_0).unit.A Transaction Manager"/>
  <testcase name="should NOT modify postedTransactions" time="0" classname="PhantomJS_1_9_8_(Mac_OS_X_0_0_0).unit.A Transaction Manager"/>
  <testcase name="should throw an error" time="0" classname="PhantomJS_1_9_8_(Mac_OS_X_0_0_0).unit.A Transaction Manager"/>
  <testcase name="should return the posted transactions passed to setPostedTransactions" time="0" classname="PhantomJS_1_9_8_(Mac_OS_X_0_0_0).unit.A Transaction Manager"/>
  <testcase name="should update the posted transactions returned by getPostedTransactions" time="0" classname="PhantomJS_1_9_8_(Mac_OS_X_0_0_0).unit.A Transaction Manager"/>
  <testcase name="should be valid" time="0" classname="PhantomJS_1_9_8_(Mac_OS_X_0_0_0).unit.A User Auth Module Route Config"/>
  <testcase name="should be abstract" time="0" classname="PhantomJS_1_9_8_(Mac_OS_X_0_0_0).unit.A User Auth Module Route Config"/>
  <testcase name="should have the expected URL" time="0" classname="PhantomJS_1_9_8_(Mac_OS_X_0_0_0).unit.A User Auth Module Route Config"/>
  <testcase name="should be valid" time="0" classname="PhantomJS_1_9_8_(Mac_OS_X_0_0_0).unit.A User Auth Module Route Config"/>
  <testcase name="should not be abstract" time="0" classname="PhantomJS_1_9_8_(Mac_OS_X_0_0_0).unit.A User Auth Module Route Config"/>
  <testcase name="should have the expected URL" time="0" classname="PhantomJS_1_9_8_(Mac_OS_X_0_0_0).unit.A User Auth Module Route Config"/>
  <testcase name="should define a view on the user view container" time="0" classname="PhantomJS_1_9_8_(Mac_OS_X_0_0_0).unit.A User Auth Module Route Config"/>
  <testcase name="should respond to the URL" time="0" classname="PhantomJS_1_9_8_(Mac_OS_X_0_0_0).unit.A User Auth Module Route Config"/>
  <testcase name="should transition successfully" time="0" classname="PhantomJS_1_9_8_(Mac_OS_X_0_0_0).unit.A User Auth Module Route Config"/>
  <testcase name="should log the user out" time="0" classname="PhantomJS_1_9_8_(Mac_OS_X_0_0_0).unit.A User Auth Module Route Config"/>
  <testcase name="should clear the ionic history" time="0" classname="PhantomJS_1_9_8_(Mac_OS_X_0_0_0).unit.A Login Controller"/>
  <testcase name="should set the error" time="0" classname="PhantomJS_1_9_8_(Mac_OS_X_0_0_0).unit.A Login Controller"/>
  <testcase name="should clear the ionic history" time="0" classname="PhantomJS_1_9_8_(Mac_OS_X_0_0_0).unit.A Login Controller"/>
  <testcase name="should clear previous error" time="0" classname="PhantomJS_1_9_8_(Mac_OS_X_0_0_0).unit.A Login Controller"/>
  <testcase name="should clear the ionic history" time="0" classname="PhantomJS_1_9_8_(Mac_OS_X_0_0_0).unit.A Login Controller"/>
  <testcase name="should clear previous error" time="0" classname="PhantomJS_1_9_8_(Mac_OS_X_0_0_0).unit.A Login Controller"/>
  <testcase name="should clear the ionic history" time="0" classname="PhantomJS_1_9_8_(Mac_OS_X_0_0_0).unit.A Login Controller"/>
  <testcase name="should clear previous error" time="0" classname="PhantomJS_1_9_8_(Mac_OS_X_0_0_0).unit.A Login Controller"/>
  <testcase name="should clear the ionic history" time="0" classname="PhantomJS_1_9_8_(Mac_OS_X_0_0_0).unit.A Login Controller"/>
  <testcase name="should clear previous error" time="0" classname="PhantomJS_1_9_8_(Mac_OS_X_0_0_0).unit.A Login Controller"/>
  <testcase name="should authenticate the User" time="0" classname="PhantomJS_1_9_8_(Mac_OS_X_0_0_0).unit.A Login Controller"/>
  <testcase name="should call disable backing up to the login page" time="0" classname="PhantomJS_1_9_8_(Mac_OS_X_0_0_0).unit.A Login Controller"/>
  <testcase name="should NOT have an error message" time="0" classname="PhantomJS_1_9_8_(Mac_OS_X_0_0_0).unit.A Login Controller"/>
  <testcase name="should navigate to the landing page" time="0" classname="PhantomJS_1_9_8_(Mac_OS_X_0_0_0).unit.A Login Controller"/>
  <testcase name="should call CommonService.logOut" time="0" classname="PhantomJS_1_9_8_(Mac_OS_X_0_0_0).unit.A Login Controller"/>
  <testcase name="should have an error message" time="0" classname="PhantomJS_1_9_8_(Mac_OS_X_0_0_0).unit.A Login Controller"/>
  <testcase name="should NOT navigate away from the login page" time="0" classname="PhantomJS_1_9_8_(Mac_OS_X_0_0_0).unit.A Login Controller"/>
  <testcase name="should NOT call UserManager.fetchCurrentUserDetails" time="0" classname="PhantomJS_1_9_8_(Mac_OS_X_0_0_0).unit.A Login Controller"/>
  <testcase name="should call CommonService.logOut" time="0" classname="PhantomJS_1_9_8_(Mac_OS_X_0_0_0).unit.A Login Controller"/>
  <testcase name="should have an error message" time="0" classname="PhantomJS_1_9_8_(Mac_OS_X_0_0_0).unit.A Login Controller"/>
  <testcase name="should NOT navigate away from the login page" time="0" classname="PhantomJS_1_9_8_(Mac_OS_X_0_0_0).unit.A Login Controller"/>
  <testcase name="should NOT call UserManager.fetchCurrentUserDetails" time="0" classname="PhantomJS_1_9_8_(Mac_OS_X_0_0_0).unit.A Login Controller"/>
  <testcase name="should call CommonService.logOut" time="0" classname="PhantomJS_1_9_8_(Mac_OS_X_0_0_0).unit.A Login Controller"/>
  <testcase name="should have an error message" time="0" classname="PhantomJS_1_9_8_(Mac_OS_X_0_0_0).unit.A Login Controller"/>
  <testcase name="should NOT navigate away from the login page" time="0" classname="PhantomJS_1_9_8_(Mac_OS_X_0_0_0).unit.A Login Controller"/>
  <testcase name="should NOT call UserManager.fetchCurrentUserDetails" time="0" classname="PhantomJS_1_9_8_(Mac_OS_X_0_0_0).unit.A Login Controller"/>
  <testcase name="should call CommonService.logOut" time="0" classname="PhantomJS_1_9_8_(Mac_OS_X_0_0_0).unit.A Login Controller"/>
  <testcase name="should have an error message" time="0" classname="PhantomJS_1_9_8_(Mac_OS_X_0_0_0).unit.A Login Controller"/>
  <testcase name="should NOT navigate away from the login page" time="0" classname="PhantomJS_1_9_8_(Mac_OS_X_0_0_0).unit.A Login Controller"/>
  <testcase name="should NOT call UserManager.fetchCurrentUserDetails" time="0" classname="PhantomJS_1_9_8_(Mac_OS_X_0_0_0).unit.A Login Controller"/>
  <testcase name="should call CommonService.logOut" time="0" classname="PhantomJS_1_9_8_(Mac_OS_X_0_0_0).unit.A Login Controller"/>
  <testcase name="should have an error message" time="0" classname="PhantomJS_1_9_8_(Mac_OS_X_0_0_0).unit.A Login Controller"/>
  <testcase name="should NOT navigate away from the login page" time="0" classname="PhantomJS_1_9_8_(Mac_OS_X_0_0_0).unit.A Login Controller"/>
  <testcase name="should NOT call UserManager.fetchCurrentUserDetails" time="0" classname="PhantomJS_1_9_8_(Mac_OS_X_0_0_0).unit.A Login Controller"/>
  <testcase name="should call CommonService.logOut" time="0" classname="PhantomJS_1_9_8_(Mac_OS_X_0_0_0).unit.A Login Controller"/>
  <testcase name="should have an error message" time="0" classname="PhantomJS_1_9_8_(Mac_OS_X_0_0_0).unit.A Login Controller"/>
  <testcase name="should NOT navigate away from the login page" time="0" classname="PhantomJS_1_9_8_(Mac_OS_X_0_0_0).unit.A Login Controller"/>
  <testcase name="should NOT call UserManager.fetchCurrentUserDetails" time="0" classname="PhantomJS_1_9_8_(Mac_OS_X_0_0_0).unit.A Login Controller"/>
  <testcase name="should call CommonService.logOut" time="0" classname="PhantomJS_1_9_8_(Mac_OS_X_0_0_0).unit.A Login Controller"/>
  <testcase name="should have an error message" time="0" classname="PhantomJS_1_9_8_(Mac_OS_X_0_0_0).unit.A Login Controller"/>
  <testcase name="should NOT navigate away from the login page" time="0" classname="PhantomJS_1_9_8_(Mac_OS_X_0_0_0).unit.A Login Controller"/>
  <testcase name="should NOT call UserManager.fetchCurrentUserDetails" time="0" classname="PhantomJS_1_9_8_(Mac_OS_X_0_0_0).unit.A Login Controller"/>
  <testcase name="should call CommonService.logOut" time="0" classname="PhantomJS_1_9_8_(Mac_OS_X_0_0_0).unit.A Login Controller"/>
  <testcase name="should have an error message" time="0" classname="PhantomJS_1_9_8_(Mac_OS_X_0_0_0).unit.A Login Controller"/>
  <testcase name="should NOT navigate away from the login page" time="0" classname="PhantomJS_1_9_8_(Mac_OS_X_0_0_0).unit.A Login Controller"/>
  <testcase name="should be defined" time="0" classname="PhantomJS_1_9_8_(Mac_OS_X_0_0_0).unit.A User Module Route Config"/>
  <testcase name="should be abstract" time="0" classname="PhantomJS_1_9_8_(Mac_OS_X_0_0_0).unit.A User Module Route Config"/>
  <testcase name="should have the expected URL" time="0" classname="PhantomJS_1_9_8_(Mac_OS_X_0_0_0).unit.A User Module Route Config"/>
  <testcase name="should define a view on the root container" time="0" classname="PhantomJS_1_9_8_(Mac_OS_X_0_0_0).unit.A User Module Route Config"/>
  <testcase name="should set the UserAccountModel object with the fields from the passed in userAccountResource object that they have in common" time="0" classname="PhantomJS_1_9_8_(Mac_OS_X_0_0_0).unit.A User Account Model Service"/>
  <testcase name="should NOT change the UserAccountModel object fields that the userAccountResource object does not have" time="0" classname="PhantomJS_1_9_8_(Mac_OS_X_0_0_0).unit.A User Account Model Service"/>
  <testcase name="should extend the AccountModel object with the fields from the passed in userAccountResource object that the AccountModel does not have" time="0" classname="PhantomJS_1_9_8_(Mac_OS_X_0_0_0).unit.A User Account Model Service"/>
  <testcase name="should reset the user" time="0" classname="PhantomJS_1_9_8_(Mac_OS_X_0_0_0).unit.A User Manager"/>
  <testcase name="should call UsersResource.getDetails" time="0" classname="PhantomJS_1_9_8_(Mac_OS_X_0_0_0).unit.A User Manager"/>
  <testcase name="should set the user" time="0" classname="PhantomJS_1_9_8_(Mac_OS_X_0_0_0).unit.A User Manager"/>
  <testcase name="should resolve" time="0" classname="PhantomJS_1_9_8_(Mac_OS_X_0_0_0).unit.A User Manager"/>
  <testcase name="should throw an error" time="0" classname="PhantomJS_1_9_8_(Mac_OS_X_0_0_0).unit.A User Manager"/>
  <testcase name="should NOT update the user" time="0" classname="PhantomJS_1_9_8_(Mac_OS_X_0_0_0).unit.A User Manager"/>
  <testcase name="should throw an error" time="0" classname="PhantomJS_1_9_8_(Mac_OS_X_0_0_0).unit.A User Manager"/>
  <testcase name="should NOT update the user" time="0" classname="PhantomJS_1_9_8_(Mac_OS_X_0_0_0).unit.A User Manager"/>
  <testcase name="should return the user passed to setUser" time="0" classname="PhantomJS_1_9_8_(Mac_OS_X_0_0_0).unit.A User Manager"/>
  <testcase name="should update the user returned by getUser" time="0" classname="PhantomJS_1_9_8_(Mac_OS_X_0_0_0).unit.A User Manager"/>
  <testcase name="should set the UserModel object with the fields from the passed in userResource object that they have in common" time="0" classname="PhantomJS_1_9_8_(Mac_OS_X_0_0_0).unit.A User Model Service"/>
  <testcase name="should NOT change the UserModel object fields that the userResource object does not have" time="0" classname="PhantomJS_1_9_8_(Mac_OS_X_0_0_0).unit.A User Model Service"/>
  <testcase name="should extend the UserModel object with the fields from the passed in userResource object that the UserModel does not have" time="0" classname="PhantomJS_1_9_8_(Mac_OS_X_0_0_0).unit.A User Model Service"/>
  <testcase name="should return the accountNumber" time="0" classname="PhantomJS_1_9_8_(Mac_OS_X_0_0_0).unit.A User Model Service"/>
  <testcase name="should return the wexAccountNumber" time="0" classname="PhantomJS_1_9_8_(Mac_OS_X_0_0_0).unit.A User Model Service"/>
  <testcase name="should return the accountNumber" time="0" classname="PhantomJS_1_9_8_(Mac_OS_X_0_0_0).unit.A User Model Service"/>
  <testcase name="should return the accountNumber" time="0" classname="PhantomJS_1_9_8_(Mac_OS_X_0_0_0).unit.A User Model Service"/>
  <testcase name="should return the accountNumber" time="0" classname="PhantomJS_1_9_8_(Mac_OS_X_0_0_0).unit.A User Model Service"/>
  <testcase name="should return the accountNumber" time="0" classname="PhantomJS_1_9_8_(Mac_OS_X_0_0_0).unit.A User Model Service"/>
  <testcase name="should NOT try to close the alert" time="0" classname="PhantomJS_1_9_8_(Mac_OS_X_0_0_0).unit.A Common Service"/>
  <testcase name="should call close the alert" time="0" classname="PhantomJS_1_9_8_(Mac_OS_X_0_0_0).unit.A Common Service"/>
  <testcase name="should NOT try to close the confirm" time="0" classname="PhantomJS_1_9_8_(Mac_OS_X_0_0_0).unit.A Common Service"/>
  <testcase name="should call close the confirm" time="0" classname="PhantomJS_1_9_8_(Mac_OS_X_0_0_0).unit.A Common Service"/>
  <testcase name="should NOT try to close the alert" time="0" classname="PhantomJS_1_9_8_(Mac_OS_X_0_0_0).unit.A Common Service"/>
  <testcase name="should call close the alert" time="0" classname="PhantomJS_1_9_8_(Mac_OS_X_0_0_0).unit.A Common Service"/>
  <testcase name="should NOT try to close the confirm" time="0" classname="PhantomJS_1_9_8_(Mac_OS_X_0_0_0).unit.A Common Service"/>
  <testcase name="should call close the confirm" time="0" classname="PhantomJS_1_9_8_(Mac_OS_X_0_0_0).unit.A Common Service"/>
  <testcase name="should call $ionicPopup.alert with the default cssClass" time="0" classname="PhantomJS_1_9_8_(Mac_OS_X_0_0_0).unit.A Common Service"/>
  <testcase name="should call $ionicPopup.alert with the correct options" time="0" classname="PhantomJS_1_9_8_(Mac_OS_X_0_0_0).unit.A Common Service"/>
  <testcase name="should call $ionicPopup.alert with the correct options" time="0" classname="PhantomJS_1_9_8_(Mac_OS_X_0_0_0).unit.A Common Service"/>
  <testcase name="should call $ionicPopup.alert with the correct options" time="0" classname="PhantomJS_1_9_8_(Mac_OS_X_0_0_0).unit.A Common Service"/>
  <testcase name="should call $ionicPopup.alert with the correct options" time="0" classname="PhantomJS_1_9_8_(Mac_OS_X_0_0_0).unit.A Common Service"/>
  <testcase name="should call $ionicPopup.alert with the correct options" time="0" classname="PhantomJS_1_9_8_(Mac_OS_X_0_0_0).unit.A Common Service"/>
  <testcase name="should call $ionicPopup.alert with the correct options" time="0" classname="PhantomJS_1_9_8_(Mac_OS_X_0_0_0).unit.A Common Service"/>
  <testcase name="should call $ionicPopup.alert with the correct options" time="0" classname="PhantomJS_1_9_8_(Mac_OS_X_0_0_0).unit.A Common Service"/>
  <testcase name="should call $ionicPopup.confirm with the default cssClass" time="0" classname="PhantomJS_1_9_8_(Mac_OS_X_0_0_0).unit.A Common Service"/>
  <testcase name="should call $ionicPopup.alert with the correct options" time="0" classname="PhantomJS_1_9_8_(Mac_OS_X_0_0_0).unit.A Common Service"/>
  <testcase name="should call $ionicPopup.confirm with the correct options" time="0" classname="PhantomJS_1_9_8_(Mac_OS_X_0_0_0).unit.A Common Service"/>
  <testcase name="should call $ionicPopup.confirm with the correct options" time="0" classname="PhantomJS_1_9_8_(Mac_OS_X_0_0_0).unit.A Common Service"/>
  <testcase name="should call $ionicPopup.confirm with the correct options" time="0" classname="PhantomJS_1_9_8_(Mac_OS_X_0_0_0).unit.A Common Service"/>
  <testcase name="should call $ionicPopup.confirm with the correct options" time="0" classname="PhantomJS_1_9_8_(Mac_OS_X_0_0_0).unit.A Common Service"/>
  <testcase name="should call $ionicPopup.confirm with the correct options" time="0" classname="PhantomJS_1_9_8_(Mac_OS_X_0_0_0).unit.A Common Service"/>
  <testcase name="should call $ionicPopup.confirm with the correct options" time="0" classname="PhantomJS_1_9_8_(Mac_OS_X_0_0_0).unit.A Common Service"/>
  <testcase name="should call $ionicPopup.confirm with the correct options" time="0" classname="PhantomJS_1_9_8_(Mac_OS_X_0_0_0).unit.A Common Service"/>
  <testcase name="should call $ionicPopup.confirm with the correct options" time="0" classname="PhantomJS_1_9_8_(Mac_OS_X_0_0_0).unit.A Common Service"/>
  <testcase name="should return a properly formatted Account Number" time="0" classname="PhantomJS_1_9_8_(Mac_OS_X_0_0_0).unit.A Common Service"/>
  <testcase name="should return an empty string" time="0" classname="PhantomJS_1_9_8_(Mac_OS_X_0_0_0).unit.A Common Service"/>
  <testcase name="should return an empty string" time="0" classname="PhantomJS_1_9_8_(Mac_OS_X_0_0_0).unit.A Common Service"/>
  <testcase name="should return an empty string" time="0" classname="PhantomJS_1_9_8_(Mac_OS_X_0_0_0).unit.A Common Service"/>
  <testcase name="should broadcast the app:loadingBegin event when the first call is made." time="0" classname="PhantomJS_1_9_8_(Mac_OS_X_0_0_0).unit.A Common Service"/>
  <testcase name="should not emit the app:loadingBegin event when subsequent calls are made" time="0" classname="PhantomJS_1_9_8_(Mac_OS_X_0_0_0).unit.A Common Service"/>
  <testcase name="should not emit the app:loadingComplete event when multiple calls to loadingBegin were made" time="0" classname="PhantomJS_1_9_8_(Mac_OS_X_0_0_0).unit.A Common Service"/>
  <testcase name="should emit the app:loadingComplete event when the number of loadingComplete calls equals the number of loadingBegin calls" time="0" classname="PhantomJS_1_9_8_(Mac_OS_X_0_0_0).unit.A Common Service"/>
  <testcase name="should emit an app:logout event" time="0" classname="PhantomJS_1_9_8_(Mac_OS_X_0_0_0).unit.A Common Service"/>
  <testcase name="should return false" time="0" classname="PhantomJS_1_9_8_(Mac_OS_X_0_0_0).unit.A Common Service"/>
  <testcase name="should return false" time="0" classname="PhantomJS_1_9_8_(Mac_OS_X_0_0_0).unit.A Common Service"/>
  <testcase name="should return false" time="0" classname="PhantomJS_1_9_8_(Mac_OS_X_0_0_0).unit.A Common Service"/>
  <testcase name="should return false" time="0" classname="PhantomJS_1_9_8_(Mac_OS_X_0_0_0).unit.A Common Service"/>
  <testcase name="should return false" time="0" classname="PhantomJS_1_9_8_(Mac_OS_X_0_0_0).unit.A Common Service"/>
  <testcase name="should return true" time="0" classname="PhantomJS_1_9_8_(Mac_OS_X_0_0_0).unit.A Common Service"/>
  <testcase name="should return the error object param" time="0" classname="PhantomJS_1_9_8_(Mac_OS_X_0_0_0).unit.A Common Service"/>
  <testcase name="should return the message property in the error object" time="0" classname="PhantomJS_1_9_8_(Mac_OS_X_0_0_0).unit.A Common Service"/>
  <testcase name="should return the error property in the error object" time="0" classname="PhantomJS_1_9_8_(Mac_OS_X_0_0_0).unit.A Common Service"/>
  <testcase name="should return the error_description property in the error object" time="0" classname="PhantomJS_1_9_8_(Mac_OS_X_0_0_0).unit.A Common Service"/>
  <testcase name="should return an Unknown Exception error message" time="0" classname="PhantomJS_1_9_8_(Mac_OS_X_0_0_0).unit.A Common Service"/>
  <testcase name="should return an Unknown Exception error message" time="0" classname="PhantomJS_1_9_8_(Mac_OS_X_0_0_0).unit.A Common Service"/>
  <testcase name="should return false" time="0" classname="PhantomJS_1_9_8_(Mac_OS_X_0_0_0).unit.A Common Service"/>
  <testcase name="should return true" time="0" classname="PhantomJS_1_9_8_(Mac_OS_X_0_0_0).unit.A Common Service"/>
  <testcase name="should return false" time="0" classname="PhantomJS_1_9_8_(Mac_OS_X_0_0_0).unit.A Common Service"/>
  <testcase name="should return the nav view" time="0" classname="PhantomJS_1_9_8_(Mac_OS_X_0_0_0).unit.A Common Service"/>
  <testcase name="should return null" time="0" classname="PhantomJS_1_9_8_(Mac_OS_X_0_0_0).unit.A Common Service"/>
  <testcase name="should return null" time="0" classname="PhantomJS_1_9_8_(Mac_OS_X_0_0_0).unit.A Common Service"/>
  <testcase name="should return an empty array" time="0" classname="PhantomJS_1_9_8_(Mac_OS_X_0_0_0).unit.A Common Service"/>
  <testcase name="should return null" time="0" classname="PhantomJS_1_9_8_(Mac_OS_X_0_0_0).unit.A Common Service"/>
  <testcase name="should return an empty array" time="0" classname="PhantomJS_1_9_8_(Mac_OS_X_0_0_0).unit.A Common Service"/>
  <testcase name="should return the view" time="0" classname="PhantomJS_1_9_8_(Mac_OS_X_0_0_0).unit.A Common Service"/>
  <testcase name="should return an array containing the view" time="0" classname="PhantomJS_1_9_8_(Mac_OS_X_0_0_0).unit.A Common Service"/>
  <testcase name="should return the specified view" time="0" classname="PhantomJS_1_9_8_(Mac_OS_X_0_0_0).unit.A Common Service"/>
  <testcase name="should return an array containing only the specified view" time="0" classname="PhantomJS_1_9_8_(Mac_OS_X_0_0_0).unit.A Common Service"/>
  <testcase name="should return the embedded view" time="0" classname="PhantomJS_1_9_8_(Mac_OS_X_0_0_0).unit.A Common Service"/>
  <testcase name="should return an array containing the embedded view" time="0" classname="PhantomJS_1_9_8_(Mac_OS_X_0_0_0).unit.A Common Service"/>
  <testcase name="should return the specified view" time="0" classname="PhantomJS_1_9_8_(Mac_OS_X_0_0_0).unit.A Common Service"/>
  <testcase name="should return an array containing only the specified view" time="0" classname="PhantomJS_1_9_8_(Mac_OS_X_0_0_0).unit.A Common Service"/>
  <testcase name="should return null" time="0" classname="PhantomJS_1_9_8_(Mac_OS_X_0_0_0).unit.A Common Service"/>
  <testcase name="should return an empty array" time="0" classname="PhantomJS_1_9_8_(Mac_OS_X_0_0_0).unit.A Common Service"/>
  <testcase name="should return the view" time="0" classname="PhantomJS_1_9_8_(Mac_OS_X_0_0_0).unit.A Common Service"/>
  <testcase name="should return an array containing the view" time="0" classname="PhantomJS_1_9_8_(Mac_OS_X_0_0_0).unit.A Common Service"/>
  <testcase name="should return null" time="0" classname="PhantomJS_1_9_8_(Mac_OS_X_0_0_0).unit.A Common Service"/>
  <testcase name="should return an empty array" time="0" classname="PhantomJS_1_9_8_(Mac_OS_X_0_0_0).unit.A Common Service"/>
  <testcase name="should return null" time="0" classname="PhantomJS_1_9_8_(Mac_OS_X_0_0_0).unit.A Common Service"/>
  <testcase name="should return an empty array" time="0" classname="PhantomJS_1_9_8_(Mac_OS_X_0_0_0).unit.A Common Service"/>
  <testcase name="should return the view" time="0" classname="PhantomJS_1_9_8_(Mac_OS_X_0_0_0).unit.A Common Service"/>
  <testcase name="should return an array containing the view" time="0" classname="PhantomJS_1_9_8_(Mac_OS_X_0_0_0).unit.A Common Service"/>
  <testcase name="should return the specified view" time="0" classname="PhantomJS_1_9_8_(Mac_OS_X_0_0_0).unit.A Common Service"/>
  <testcase name="should return an array containing only the specified view" time="0" classname="PhantomJS_1_9_8_(Mac_OS_X_0_0_0).unit.A Common Service"/>
  <testcase name="should return the embedded view" time="0" classname="PhantomJS_1_9_8_(Mac_OS_X_0_0_0).unit.A Common Service"/>
  <testcase name="should return an array containing the embedded view" time="0" classname="PhantomJS_1_9_8_(Mac_OS_X_0_0_0).unit.A Common Service"/>
  <testcase name="should return the specified view" time="0" classname="PhantomJS_1_9_8_(Mac_OS_X_0_0_0).unit.A Common Service"/>
  <testcase name="should return an array containing only the specified view" time="0" classname="PhantomJS_1_9_8_(Mac_OS_X_0_0_0).unit.A Common Service"/>
  <testcase name="should return null" time="0" classname="PhantomJS_1_9_8_(Mac_OS_X_0_0_0).unit.A Common Service"/>
  <testcase name="should return an empty array" time="0" classname="PhantomJS_1_9_8_(Mac_OS_X_0_0_0).unit.A Common Service"/>
  <testcase name="should return the view" time="0" classname="PhantomJS_1_9_8_(Mac_OS_X_0_0_0).unit.A Common Service"/>
  <testcase name="should return an array containing the view" time="0" classname="PhantomJS_1_9_8_(Mac_OS_X_0_0_0).unit.A Common Service"/>
  <testcase name="should return the first view" time="0" classname="PhantomJS_1_9_8_(Mac_OS_X_0_0_0).unit.A Common Service"/>
  <testcase name="should return an array containing the first and second views" time="0" classname="PhantomJS_1_9_8_(Mac_OS_X_0_0_0).unit.A Common Service"/>
  <testcase name="should return the first view" time="0" classname="PhantomJS_1_9_8_(Mac_OS_X_0_0_0).unit.A Common Service"/>
  <testcase name="should return an array containing the first and second views" time="0" classname="PhantomJS_1_9_8_(Mac_OS_X_0_0_0).unit.A Common Service"/>
  <testcase name="should return the first embedded view" time="0" classname="PhantomJS_1_9_8_(Mac_OS_X_0_0_0).unit.A Common Service"/>
  <testcase name="should return an array containing the first and second embedded views" time="0" classname="PhantomJS_1_9_8_(Mac_OS_X_0_0_0).unit.A Common Service"/>
  <testcase name="should return the first embedded view" time="0" classname="PhantomJS_1_9_8_(Mac_OS_X_0_0_0).unit.A Common Service"/>
  <testcase name="should return an array containing the first and second embedded views" time="0" classname="PhantomJS_1_9_8_(Mac_OS_X_0_0_0).unit.A Common Service"/>
  <testcase name="should return null" time="0" classname="PhantomJS_1_9_8_(Mac_OS_X_0_0_0).unit.A Common Service"/>
  <testcase name="should return null" time="0" classname="PhantomJS_1_9_8_(Mac_OS_X_0_0_0).unit.A Common Service"/>
  <testcase name="should return the view" time="0" classname="PhantomJS_1_9_8_(Mac_OS_X_0_0_0).unit.A Common Service"/>
  <testcase name="should return the specified view" time="0" classname="PhantomJS_1_9_8_(Mac_OS_X_0_0_0).unit.A Common Service"/>
  <testcase name="should return the embedded view" time="0" classname="PhantomJS_1_9_8_(Mac_OS_X_0_0_0).unit.A Common Service"/>
  <testcase name="should return the specified view" time="0" classname="PhantomJS_1_9_8_(Mac_OS_X_0_0_0).unit.A Common Service"/>
  <testcase name="should return null" time="0" classname="PhantomJS_1_9_8_(Mac_OS_X_0_0_0).unit.A Common Service"/>
  <testcase name="should return the view" time="0" classname="PhantomJS_1_9_8_(Mac_OS_X_0_0_0).unit.A Common Service"/>
  <testcase name="should return null" time="0" classname="PhantomJS_1_9_8_(Mac_OS_X_0_0_0).unit.A Common Service"/>
  <testcase name="should return null" time="0" classname="PhantomJS_1_9_8_(Mac_OS_X_0_0_0).unit.A Common Service"/>
  <testcase name="should return the view" time="0" classname="PhantomJS_1_9_8_(Mac_OS_X_0_0_0).unit.A Common Service"/>
  <testcase name="should return the specified view" time="0" classname="PhantomJS_1_9_8_(Mac_OS_X_0_0_0).unit.A Common Service"/>
  <testcase name="should return the view" time="0" classname="PhantomJS_1_9_8_(Mac_OS_X_0_0_0).unit.A Common Service"/>
  <testcase name="should return the specified view" time="0" classname="PhantomJS_1_9_8_(Mac_OS_X_0_0_0).unit.A Common Service"/>
  <testcase name="should return the first view" time="0" classname="PhantomJS_1_9_8_(Mac_OS_X_0_0_0).unit.A Common Service"/>
  <testcase name="should return the first specified view" time="0" classname="PhantomJS_1_9_8_(Mac_OS_X_0_0_0).unit.A Common Service"/>
  <testcase name="should return the first embedded view" time="0" classname="PhantomJS_1_9_8_(Mac_OS_X_0_0_0).unit.A Common Service"/>
  <testcase name="should return the first specified view" time="0" classname="PhantomJS_1_9_8_(Mac_OS_X_0_0_0).unit.A Common Service"/>
  <testcase name="should return the second opposite embedded view" time="0" classname="PhantomJS_1_9_8_(Mac_OS_X_0_0_0).unit.A Common Service"/>
  <testcase name="should return the second specified opposite view" time="0" classname="PhantomJS_1_9_8_(Mac_OS_X_0_0_0).unit.A Common Service"/>
  <testcase name="should return null" time="0" classname="PhantomJS_1_9_8_(Mac_OS_X_0_0_0).unit.A Common Service"/>
  <testcase name="should return the view" time="0" classname="PhantomJS_1_9_8_(Mac_OS_X_0_0_0).unit.A Common Service"/>
  <testcase name="should return the specified view" time="0" classname="PhantomJS_1_9_8_(Mac_OS_X_0_0_0).unit.A Common Service"/>
  <testcase name="should call findViewByStatesInOrder with the expected values" time="0" classname="PhantomJS_1_9_8_(Mac_OS_X_0_0_0).unit.A Common Service">
    <skipped/>
  </testcase>
  <testcase name="should return null" time="0" classname="PhantomJS_1_9_8_(Mac_OS_X_0_0_0).unit.A Common Service"/>
  <testcase name="should return the content" time="0" classname="PhantomJS_1_9_8_(Mac_OS_X_0_0_0).unit.A Common Service"/>
  <testcase name="should return null" time="0" classname="PhantomJS_1_9_8_(Mac_OS_X_0_0_0).unit.A Common Service"/>
  <testcase name="should return null" time="0" classname="PhantomJS_1_9_8_(Mac_OS_X_0_0_0).unit.A Common Service"/>
  <testcase name="should return the content" time="0" classname="PhantomJS_1_9_8_(Mac_OS_X_0_0_0).unit.A Common Service"/>
  <testcase name="should call findNavBarByStatesInOrder with the expected values" time="0" classname="PhantomJS_1_9_8_(Mac_OS_X_0_0_0).unit.A Common Service">
    <skipped/>
  </testcase>
  <testcase name="should call findNavBarByStatesInOrder with the expected values" time="0" classname="PhantomJS_1_9_8_(Mac_OS_X_0_0_0).unit.A Common Service">
    <skipped/>
  </testcase>
  <testcase name="should call findViewByStatesInOrder with the expected values" time="0" classname="PhantomJS_1_9_8_(Mac_OS_X_0_0_0).unit.A Common Service">
    <skipped/>
  </testcase>
  <testcase name="should call findViewByStatesInOrder with the expected values" time="0" classname="PhantomJS_1_9_8_(Mac_OS_X_0_0_0).unit.A Common Service">
    <skipped/>
  </testcase>
  <testcase name="should return false when value is null" time="0" classname="PhantomJS_1_9_8_(Mac_OS_X_0_0_0).unit.A Common Service"/>
  <testcase name="should return false when value is an empty string" time="0" classname="PhantomJS_1_9_8_(Mac_OS_X_0_0_0).unit.A Common Service"/>
  <testcase name="should return false when value is an object" time="0" classname="PhantomJS_1_9_8_(Mac_OS_X_0_0_0).unit.A Common Service"/>
  <testcase name="should return false when value is an array" time="0" classname="PhantomJS_1_9_8_(Mac_OS_X_0_0_0).unit.A Common Service"/>
  <testcase name="should return false when value is a boolean" time="0" classname="PhantomJS_1_9_8_(Mac_OS_X_0_0_0).unit.A Common Service"/>
  <testcase name="should return false when value is a number" time="0" classname="PhantomJS_1_9_8_(Mac_OS_X_0_0_0).unit.A Common Service"/>
  <testcase name="should return true for acceptable values" time="0" classname="PhantomJS_1_9_8_(Mac_OS_X_0_0_0).unit.A Common Service"/>
  <testcase name="should return false for unacceptable values" time="0" classname="PhantomJS_1_9_8_(Mac_OS_X_0_0_0).unit.A Common Service"/>
  <testcase name="should return false for strings starting with a number" time="0" classname="PhantomJS_1_9_8_(Mac_OS_X_0_0_0).unit.A Common Service"/>
  <testcase name="should call navigator.app.exitApp()" time="0" classname="PhantomJS_1_9_8_(Mac_OS_X_0_0_0).unit.A Common Service"/>
  <testcase name="should redirect to the login state" time="0" classname="PhantomJS_1_9_8_(Mac_OS_X_0_0_0).unit.A Common Service"/>
  <testcase name="should redirect to the login state" time="0" classname="PhantomJS_1_9_8_(Mac_OS_X_0_0_0).unit.A Common Service"/>
  <testcase name="should call the back button's goBack function" time="0" classname="PhantomJS_1_9_8_(Mac_OS_X_0_0_0).unit.A Common Service"/>
  <testcase name="should return true" time="0" classname="PhantomJS_1_9_8_(Mac_OS_X_0_0_0).unit.A Common Service"/>
  <testcase name="should throw an error" time="0" classname="PhantomJS_1_9_8_(Mac_OS_X_0_0_0).unit.A Common Service"/>
  <testcase name="should throw an error" time="0" classname="PhantomJS_1_9_8_(Mac_OS_X_0_0_0).unit.A Common Service"/>
  <testcase name="should call the back button's goBack function" time="0" classname="PhantomJS_1_9_8_(Mac_OS_X_0_0_0).unit.A Common Service">
    <skipped/>
  </testcase>
  <testcase name="should return true" time="0" classname="PhantomJS_1_9_8_(Mac_OS_X_0_0_0).unit.A Common Service">
    <skipped/>
  </testcase>
  <testcase name="should throw an error" time="0" classname="PhantomJS_1_9_8_(Mac_OS_X_0_0_0).unit.A Common Service">
    <skipped/>
  </testcase>
  <testcase name="should throw an error" time="0" classname="PhantomJS_1_9_8_(Mac_OS_X_0_0_0).unit.A Common Service"/>
  <testcase name="should be defined" time="0" classname="PhantomJS_1_9_8_(Mac_OS_X_0_0_0).unit.A Core Module Route Config"/>
  <testcase name="should be abstract" time="0" classname="PhantomJS_1_9_8_(Mac_OS_X_0_0_0).unit.A Core Module Route Config"/>
  <testcase name="should have the expected URL" time="0" classname="PhantomJS_1_9_8_(Mac_OS_X_0_0_0).unit.A Core Module Route Config"/>
  <testcase name="should have the expected template" time="0" classname="PhantomJS_1_9_8_(Mac_OS_X_0_0_0).unit.A Core Module Route Config"/>
  <testcase name="should be defined" time="0" classname="PhantomJS_1_9_8_(Mac_OS_X_0_0_0).unit.A Core Module Route Config"/>
  <testcase name="should not be abstract" time="0" classname="PhantomJS_1_9_8_(Mac_OS_X_0_0_0).unit.A Core Module Route Config"/>
  <testcase name="should have the expected URL" time="0" classname="PhantomJS_1_9_8_(Mac_OS_X_0_0_0).unit.A Core Module Route Config"/>
  <testcase name="should call CommonService.exitApp" time="0" classname="PhantomJS_1_9_8_(Mac_OS_X_0_0_0).unit.A Core Module Route Config"/>
  <testcase name="should use the Cordova toast plugin" time="0" classname="PhantomJS_1_9_8_(Mac_OS_X_0_0_0).unit.A Toast Service"/>
  <testcase name="should call $ionicLoading.show with the expected values" time="0" classname="PhantomJS_1_9_8_(Mac_OS_X_0_0_0).unit.A Toast Service"/>
  <testcase name="should call $ionicLoading.show with the expected values" time="0" classname="PhantomJS_1_9_8_(Mac_OS_X_0_0_0).unit.A Toast Service"/>
  <testcase name="should call $ionicLoading.show with the expected values" time="0" classname="PhantomJS_1_9_8_(Mac_OS_X_0_0_0).unit.A Toast Service"/>
  <testcase name="should call $ionicLoading.show with the expected values" time="0" classname="PhantomJS_1_9_8_(Mac_OS_X_0_0_0).unit.A Toast Service"/>
  <testcase name="should call $ionicLoading.show with the expected values" time="0" classname="PhantomJS_1_9_8_(Mac_OS_X_0_0_0).unit.A Toast Service"/>
  <testcase name="should call $ionicLoading.show with the expected values" time="0" classname="PhantomJS_1_9_8_(Mac_OS_X_0_0_0).unit.A Toast Service"/>
  <testcase name="should call $ionicLoading.show with the expected values" time="0" classname="PhantomJS_1_9_8_(Mac_OS_X_0_0_0).unit.A Toast Service"/>
  <testcase name="should call $ionicLoading.show with the expected values" time="0" classname="PhantomJS_1_9_8_(Mac_OS_X_0_0_0).unit.A Toast Service"/>
  <testcase name="should call $ionicLoading.show with the expected values" time="0" classname="PhantomJS_1_9_8_(Mac_OS_X_0_0_0).unit.A Toast Service"/>
  <testcase name="should not call $log.debug" time="-8.665" classname="PhantomJS_1_9_8_(Mac_OS_X_0_0_0).unit.A Logger Service"/>
  <testcase name="should call $log.debug" time="0" classname="PhantomJS_1_9_8_(Mac_OS_X_0_0_0).unit.A Logger Service"/>
  <testcase name="should not call $log.error" time="0" classname="PhantomJS_1_9_8_(Mac_OS_X_0_0_0).unit.A Logger Service"/>
  <testcase name="should call $log.error" time="0" classname="PhantomJS_1_9_8_(Mac_OS_X_0_0_0).unit.A Logger Service"/>
  <testcase name="should not call $log.info" time="0" classname="PhantomJS_1_9_8_(Mac_OS_X_0_0_0).unit.A Logger Service"/>
  <testcase name="should call $log.info" time="0" classname="PhantomJS_1_9_8_(Mac_OS_X_0_0_0).unit.A Logger Service"/>
  <testcase name="should not call $log.log" time="0" classname="PhantomJS_1_9_8_(Mac_OS_X_0_0_0).unit.A Logger Service"/>
  <testcase name="should call $log.log" time="0" classname="PhantomJS_1_9_8_(Mac_OS_X_0_0_0).unit.A Logger Service"/>
  <testcase name="should not call $log.warn" time="0" classname="PhantomJS_1_9_8_(Mac_OS_X_0_0_0).unit.A Logger Service"/>
  <testcase name="should call $log.warn" time="0" classname="PhantomJS_1_9_8_(Mac_OS_X_0_0_0).unit.A Logger Service"/>
  <testcase name="should have a BaseUrl" time="0" classname="PhantomJS_1_9_8_(Mac_OS_X_0_0_0).unit.An Account Maintenance Restangular Service"/>
  <testcase name="should have a getIdFromElem function" time="0" classname="PhantomJS_1_9_8_(Mac_OS_X_0_0_0).unit.An Account Maintenance Restangular Service"/>
  <testcase name="should have a setIdToElem function" time="0" classname="PhantomJS_1_9_8_(Mac_OS_X_0_0_0).unit.An Account Maintenance Restangular Service"/>
  <testcase name="should set Full Response to true" time="0" classname="PhantomJS_1_9_8_(Mac_OS_X_0_0_0).unit.An Account Maintenance Restangular Service"/>
  <testcase name="should call AuthorizationHeaderRequestInterceptor.request" time="0" classname="PhantomJS_1_9_8_(Mac_OS_X_0_0_0).unit.An Account Maintenance Restangular Service"/>
  <testcase name="should be at least 1 of" time="0" classname="PhantomJS_1_9_8_(Mac_OS_X_0_0_0).unit.An Account Maintenance Restangular Service"/>
  <testcase name="should call DataExtractorResponseInterceptor.response" time="0" classname="PhantomJS_1_9_8_(Mac_OS_X_0_0_0).unit.An Account Maintenance Restangular Service"/>
  <testcase name="should be at least 1 of" time="0" classname="PhantomJS_1_9_8_(Mac_OS_X_0_0_0).unit.An Account Maintenance Restangular Service"/>
  <testcase name="should return undefined when elem.accountId does not exist on element with route of 'secure/accounts'" time="0" classname="PhantomJS_1_9_8_(Mac_OS_X_0_0_0).unit.An Account Maintenance Restangular Service"/>
  <testcase name="should return elem.accountId when passed an element with route of 'secure/accounts'" time="0" classname="PhantomJS_1_9_8_(Mac_OS_X_0_0_0).unit.An Account Maintenance Restangular Service"/>
  <testcase name="should return elem.cardId when passed an element with route of 'secure/cards'" time="0" classname="PhantomJS_1_9_8_(Mac_OS_X_0_0_0).unit.An Account Maintenance Restangular Service"/>
  <testcase name="should return elem.driverId when passed an element with route of 'secure/drivers'" time="0" classname="PhantomJS_1_9_8_(Mac_OS_X_0_0_0).unit.An Account Maintenance Restangular Service"/>
  <testcase name="should set elem.accountId when passed an element with route of 'secure/accounts'" time="0" classname="PhantomJS_1_9_8_(Mac_OS_X_0_0_0).unit.An Account Maintenance Restangular Service"/>
  <testcase name="should set elem.cardId when passed an element with route of 'secure/cards'" time="0" classname="PhantomJS_1_9_8_(Mac_OS_X_0_0_0).unit.An Account Maintenance Restangular Service"/>
  <testcase name="should set elem.driverId when passed an element with route of 'secure/drivers'" time="0" classname="PhantomJS_1_9_8_(Mac_OS_X_0_0_0).unit.An Account Maintenance Restangular Service"/>
  <testcase name="should be at least 1 of" time="0" classname="PhantomJS_1_9_8_(Mac_OS_X_0_0_0).unit.An API Module"/>
  <testcase name="should call HttpResponseReporterInterceptor.response" time="0" classname="PhantomJS_1_9_8_(Mac_OS_X_0_0_0).unit.An API Module"/>
  <testcase name="should be at least 1 of" time="0" classname="PhantomJS_1_9_8_(Mac_OS_X_0_0_0).unit.An API Module"/>
  <testcase name="should call HttpResponseReporterInterceptor.responseError" time="0" classname="PhantomJS_1_9_8_(Mac_OS_X_0_0_0).unit.An API Module"/>
  <testcase name="should call AuthenticationErrorInterceptor.responseError" time="0" classname="PhantomJS_1_9_8_(Mac_OS_X_0_0_0).unit.An API Module"/>
  <testcase name="should have a BaseUrl" time="0" classname="PhantomJS_1_9_8_(Mac_OS_X_0_0_0).unit.An Auth API Restangular Service"/>
  <testcase name="should set Full Response to true" time="0" classname="PhantomJS_1_9_8_(Mac_OS_X_0_0_0).unit.An Auth API Restangular Service"/>
  <testcase name="should set the Default Headers" time="0" classname="PhantomJS_1_9_8_(Mac_OS_X_0_0_0).unit.An Auth API Restangular Service"/>
  <testcase name="should return false" time="0" classname="PhantomJS_1_9_8_(Mac_OS_X_0_0_0).unit.An Authentication Error Interceptor"/>
  <testcase name="should try to refresh the Authentication" time="0" classname="PhantomJS_1_9_8_(Mac_OS_X_0_0_0).unit.An Authentication Error Interceptor"/>
  <testcase name="should retry the failed request" time="0" classname="PhantomJS_1_9_8_(Mac_OS_X_0_0_0).unit.An Authentication Error Interceptor"/>
  <testcase name="should try to refresh the Authentication" time="0" classname="PhantomJS_1_9_8_(Mac_OS_X_0_0_0).unit.An Authentication Error Interceptor"/>
  <testcase name="should redirect to the login page with a TOKEN_EXPIRED reason" time="0" classname="PhantomJS_1_9_8_(Mac_OS_X_0_0_0).unit.An Authentication Error Interceptor"/>
  <testcase name="should throw an error" time="0" classname="PhantomJS_1_9_8_(Mac_OS_X_0_0_0).unit.An Authentication Error Interceptor"/>
  <testcase name="should redirect to the login page with a TOKEN_EXPIRED reason" time="0" classname="PhantomJS_1_9_8_(Mac_OS_X_0_0_0).unit.An Authentication Error Interceptor"/>
  <testcase name="should redirect to the login page with a TOKEN_EXPIRED reason" time="0" classname="PhantomJS_1_9_8_(Mac_OS_X_0_0_0).unit.An Authentication Error Interceptor"/>
  <testcase name="should return true" time="0" classname="PhantomJS_1_9_8_(Mac_OS_X_0_0_0).unit.An Authentication Error Interceptor"/>
  <testcase name="should make a POST request to the token URL" time="0" classname="PhantomJS_1_9_8_(Mac_OS_X_0_0_0).unit.An Authentication Manager"/>
  <testcase name="should use the correct parameters and headers" time="0" classname="PhantomJS_1_9_8_(Mac_OS_X_0_0_0).unit.An Authentication Manager"/>
  <testcase name="should form encode the parameters" time="0" classname="PhantomJS_1_9_8_(Mac_OS_X_0_0_0).unit.An Authentication Manager"/>
  <testcase name="should set the username" time="0" classname="PhantomJS_1_9_8_(Mac_OS_X_0_0_0).unit.An Authentication Manager"/>
  <testcase name="should log in the user" time="0" classname="PhantomJS_1_9_8_(Mac_OS_X_0_0_0).unit.An Authentication Manager"/>
  <testcase name="should resolve with the expected response data" time="0" classname="PhantomJS_1_9_8_(Mac_OS_X_0_0_0).unit.An Authentication Manager"/>
  <testcase name="should NOT update the username" time="0" classname="PhantomJS_1_9_8_(Mac_OS_X_0_0_0).unit.An Authentication Manager"/>
  <testcase name="should NOT log in the user" time="0" classname="PhantomJS_1_9_8_(Mac_OS_X_0_0_0).unit.An Authentication Manager"/>
  <testcase name="should throw an error" time="0" classname="PhantomJS_1_9_8_(Mac_OS_X_0_0_0).unit.An Authentication Manager"/>
  <testcase name="should NOT update the username" time="0" classname="PhantomJS_1_9_8_(Mac_OS_X_0_0_0).unit.An Authentication Manager"/>
  <testcase name="should NOT log in the user" time="0" classname="PhantomJS_1_9_8_(Mac_OS_X_0_0_0).unit.An Authentication Manager"/>
  <testcase name="should throw an error" time="0" classname="PhantomJS_1_9_8_(Mac_OS_X_0_0_0).unit.An Authentication Manager"/>
  <testcase name="should log the user out" time="0" classname="PhantomJS_1_9_8_(Mac_OS_X_0_0_0).unit.An Authentication Manager"/>
  <testcase name="should make a POST request to the token URL" time="0" classname="PhantomJS_1_9_8_(Mac_OS_X_0_0_0).unit.An Authentication Manager"/>
  <testcase name="should use the correct parameters and headers" time="0" classname="PhantomJS_1_9_8_(Mac_OS_X_0_0_0).unit.An Authentication Manager"/>
  <testcase name="should form encode the parameters" time="0" classname="PhantomJS_1_9_8_(Mac_OS_X_0_0_0).unit.An Authentication Manager"/>
  <testcase name="should set the username" time="0" classname="PhantomJS_1_9_8_(Mac_OS_X_0_0_0).unit.An Authentication Manager"/>
  <testcase name="should log in the user" time="0" classname="PhantomJS_1_9_8_(Mac_OS_X_0_0_0).unit.An Authentication Manager"/>
  <testcase name="should resolve with the expected data" time="0" classname="PhantomJS_1_9_8_(Mac_OS_X_0_0_0).unit.An Authentication Manager"/>
  <testcase name="should NOT update the username" time="0" classname="PhantomJS_1_9_8_(Mac_OS_X_0_0_0).unit.An Authentication Manager"/>
  <testcase name="should NOT log in the user" time="0" classname="PhantomJS_1_9_8_(Mac_OS_X_0_0_0).unit.An Authentication Manager"/>
  <testcase name="should throw an error" time="0" classname="PhantomJS_1_9_8_(Mac_OS_X_0_0_0).unit.An Authentication Manager"/>
  <testcase name="should NOT update the username" time="0" classname="PhantomJS_1_9_8_(Mac_OS_X_0_0_0).unit.An Authentication Manager"/>
  <testcase name="should NOT log in the user" time="0" classname="PhantomJS_1_9_8_(Mac_OS_X_0_0_0).unit.An Authentication Manager"/>
  <testcase name="should throw an error" time="0" classname="PhantomJS_1_9_8_(Mac_OS_X_0_0_0).unit.An Authentication Manager"/>
  <testcase name="should return true" time="0" classname="PhantomJS_1_9_8_(Mac_OS_X_0_0_0).unit.An Authentication Manager"/>
  <testcase name="should return false" time="0" classname="PhantomJS_1_9_8_(Mac_OS_X_0_0_0).unit.An Authentication Manager"/>
  <testcase name="should return true" time="0" classname="PhantomJS_1_9_8_(Mac_OS_X_0_0_0).unit.An Authentication Manager"/>
  <testcase name="should return false" time="0" classname="PhantomJS_1_9_8_(Mac_OS_X_0_0_0).unit.An Authentication Manager"/>
  <testcase name="should return false" time="0" classname="PhantomJS_1_9_8_(Mac_OS_X_0_0_0).unit.An Authentication Manager"/>
  <testcase name="should return false" time="0" classname="PhantomJS_1_9_8_(Mac_OS_X_0_0_0).unit.An Authentication Manager"/>
  <testcase name="should log out the user" time="0" classname="PhantomJS_1_9_8_(Mac_OS_X_0_0_0).unit.An Authentication Manager"/>
  <testcase name="should set the Authorization Header" time="0" classname="PhantomJS_1_9_8_(Mac_OS_X_0_0_0).unit.A AuthorizationHeader Request Interceptor"/>
  <testcase name="should NOT set the Authorization header" time="0" classname="PhantomJS_1_9_8_(Mac_OS_X_0_0_0).unit.A AuthorizationHeader Request Interceptor"/>
  <testcase name="should set the result with the data" time="0" classname="PhantomJS_1_9_8_(Mac_OS_X_0_0_0).unit.A DataExtractor Response Interceptor"/>
  <testcase name="should set the result with the data" time="0" classname="PhantomJS_1_9_8_(Mac_OS_X_0_0_0).unit.A DataExtractor Response Interceptor"/>
  <testcase name="should set the result with the data" time="0" classname="PhantomJS_1_9_8_(Mac_OS_X_0_0_0).unit.A DataExtractor Response Interceptor"/>
  <testcase name="should set the message property on the result" time="0" classname="PhantomJS_1_9_8_(Mac_OS_X_0_0_0).unit.A DataExtractor Response Interceptor"/>
  <testcase name="should set the message property on the result to null" time="0" classname="PhantomJS_1_9_8_(Mac_OS_X_0_0_0).unit.A DataExtractor Response Interceptor"/>
  <testcase name="should return an array with an empty object" time="0" classname="PhantomJS_1_9_8_(Mac_OS_X_0_0_0).unit.A DataExtractor Response Interceptor"/>
  <testcase name="should return an empty object" time="0" classname="PhantomJS_1_9_8_(Mac_OS_X_0_0_0).unit.A DataExtractor Response Interceptor"/>
  <testcase name="should return an array with an empty object" time="0" classname="PhantomJS_1_9_8_(Mac_OS_X_0_0_0).unit.A DataExtractor Response Interceptor"/>
  <testcase name="should return an empty object" time="0" classname="PhantomJS_1_9_8_(Mac_OS_X_0_0_0).unit.A DataExtractor Response Interceptor"/>
  <testcase name="should return an array with an empty object" time="0" classname="PhantomJS_1_9_8_(Mac_OS_X_0_0_0).unit.A DataExtractor Response Interceptor"/>
  <testcase name="should return an empty object" time="0" classname="PhantomJS_1_9_8_(Mac_OS_X_0_0_0).unit.A DataExtractor Response Interceptor"/>
  <testcase name="should return a form encoded string" time="0" classname="PhantomJS_1_9_8_(Mac_OS_X_0_0_0).unit.A Form Encoder"/>
  <testcase name="should URI Encode all the components" time="0" classname="PhantomJS_1_9_8_(Mac_OS_X_0_0_0).unit.A Form Encoder"/>
  <testcase name="should replace all space characters with + characters" time="0" classname="PhantomJS_1_9_8_(Mac_OS_X_0_0_0).unit.A Form Encoder"/>
  <testcase name="should use = and &amp; as delimiters for names, values and the pairs respectively" time="0" classname="PhantomJS_1_9_8_(Mac_OS_X_0_0_0).unit.A Form Encoder"/>
  <testcase name="should emit an event that a server error occurred" time="0" classname="PhantomJS_1_9_8_(Mac_OS_X_0_0_0).unit.An HTTP Response Reporter Interceptor"/>
  <testcase name="should return true" time="0" classname="PhantomJS_1_9_8_(Mac_OS_X_0_0_0).unit.An HTTP Response Reporter Interceptor"/>
  <testcase name="should emit an event that a server error occurred" time="0" classname="PhantomJS_1_9_8_(Mac_OS_X_0_0_0).unit.An HTTP Response Reporter Interceptor"/>
  <testcase name="should return true" time="0" classname="PhantomJS_1_9_8_(Mac_OS_X_0_0_0).unit.An HTTP Response Reporter Interceptor"/>
  <testcase name="should NOT emit an event that a server error occurred" time="0" classname="PhantomJS_1_9_8_(Mac_OS_X_0_0_0).unit.An HTTP Response Reporter Interceptor"/>
  <testcase name="should return true" time="0" classname="PhantomJS_1_9_8_(Mac_OS_X_0_0_0).unit.An HTTP Response Reporter Interceptor"/>
  <testcase name="should NOT emit an event that a server error occurred" time="0" classname="PhantomJS_1_9_8_(Mac_OS_X_0_0_0).unit.An HTTP Response Reporter Interceptor"/>
  <testcase name="should return true" time="0" classname="PhantomJS_1_9_8_(Mac_OS_X_0_0_0).unit.An HTTP Response Reporter Interceptor"/>
  <testcase name="should NOT emit an event that a server error occurred" time="0" classname="PhantomJS_1_9_8_(Mac_OS_X_0_0_0).unit.An HTTP Response Reporter Interceptor"/>
  <testcase name="should return true" time="0" classname="PhantomJS_1_9_8_(Mac_OS_X_0_0_0).unit.An HTTP Response Reporter Interceptor"/>
  <testcase name="should NOT emit an event that a server error occurred" time="0" classname="PhantomJS_1_9_8_(Mac_OS_X_0_0_0).unit.An HTTP Response Reporter Interceptor"/>
  <testcase name="should return true" time="0" classname="PhantomJS_1_9_8_(Mac_OS_X_0_0_0).unit.An HTTP Response Reporter Interceptor"/>
  <testcase name="should emit an event that a server error occurred" time="0" classname="PhantomJS_1_9_8_(Mac_OS_X_0_0_0).unit.An HTTP Response Reporter Interceptor"/>
  <testcase name="should pass on the response object without modifying it" time="0" classname="PhantomJS_1_9_8_(Mac_OS_X_0_0_0).unit.An HTTP Response Reporter Interceptor"/>
  <testcase name="should NOT emit an event that a server error occurred" time="0" classname="PhantomJS_1_9_8_(Mac_OS_X_0_0_0).unit.An HTTP Response Reporter Interceptor"/>
  <testcase name="should pass on the response object without modifying it" time="0" classname="PhantomJS_1_9_8_(Mac_OS_X_0_0_0).unit.An HTTP Response Reporter Interceptor"/>
  <testcase name="should set isOnline to true" time="0" classname="PhantomJS_1_9_8_(Mac_OS_X_0_0_0).unit.A NetworkStatusController"/>
  <testcase name="should NOT hide the modal" time="0" classname="PhantomJS_1_9_8_(Mac_OS_X_0_0_0).unit.A NetworkStatusController"/>
  <testcase name="should set isOnline to true" time="0" classname="PhantomJS_1_9_8_(Mac_OS_X_0_0_0).unit.A NetworkStatusController"/>
  <testcase name="should hide the modal" time="0" classname="PhantomJS_1_9_8_(Mac_OS_X_0_0_0).unit.A NetworkStatusController"/>
  <testcase name="should set isOnline to false" time="0" classname="PhantomJS_1_9_8_(Mac_OS_X_0_0_0).unit.A NetworkStatusController"/>
  <testcase name="should NOT show the modal" time="0" classname="PhantomJS_1_9_8_(Mac_OS_X_0_0_0).unit.A NetworkStatusController"/>
  <testcase name="should set isOnline to false" time="0" classname="PhantomJS_1_9_8_(Mac_OS_X_0_0_0).unit.A NetworkStatusController"/>
  <testcase name="should show the modal" time="0" classname="PhantomJS_1_9_8_(Mac_OS_X_0_0_0).unit.A NetworkStatusController"/>
  <testcase name="should load the modal template" time="0" classname="PhantomJS_1_9_8_(Mac_OS_X_0_0_0).unit.A NetworkStatusController"/>
  <testcase name="should set isConnected to true" time="0" classname="PhantomJS_1_9_8_(Mac_OS_X_0_0_0).unit.A ServerConnectionErrorBannerController"/>
  <testcase name="should set isConnected to false" time="0" classname="PhantomJS_1_9_8_(Mac_OS_X_0_0_0).unit.A ServerConnectionErrorBannerController"/>
  <testcase name="should set isConnected to true" time="0" classname="PhantomJS_1_9_8_(Mac_OS_X_0_0_0).unit.A ServerConnectionErrorBannerController"/>
  <testcase name="should call $rootScope.$emit" time="0" classname="PhantomJS_1_9_8_(Mac_OS_X_0_0_0).unit.A Shared Module"/>
  <testcase name="should call $rootScope.$emit" time="0" classname="PhantomJS_1_9_8_(Mac_OS_X_0_0_0).unit.A Shared Module">
    <skipped/>
  </testcase>
  <testcase name="should call $ionicLoading.show" time="0" classname="PhantomJS_1_9_8_(Mac_OS_X_0_0_0).unit.A Shared Module"/>
  <testcase name="should display an ion-spinner" time="0" classname="PhantomJS_1_9_8_(Mac_OS_X_0_0_0).unit.A Shared Module"/>
  <testcase name="should call $ionicLoading.hide" time="0" classname="PhantomJS_1_9_8_(Mac_OS_X_0_0_0).unit.A Shared Module"/>
  <testcase name="should pass validation when the input is null" time="0" classname="PhantomJS_1_9_8_(Mac_OS_X_0_0_0).unit.A Validate Email Directive"/>
  <testcase name="should pass validation when the input is empty" time="0" classname="PhantomJS_1_9_8_(Mac_OS_X_0_0_0).unit.A Validate Email Directive"/>
  <testcase name="should pass validation when the input is an email address" time="0" classname="PhantomJS_1_9_8_(Mac_OS_X_0_0_0).unit.A Validate Email Directive"/>
  <testcase name="should fail validation when the input is not an email address" time="0" classname="PhantomJS_1_9_8_(Mac_OS_X_0_0_0).unit.A Validate Email Directive"/>
  <testcase name="should return a properly formatted Account Number" time="0" classname="PhantomJS_1_9_8_(Mac_OS_X_0_0_0).unit.A WEX Account Number Filter"/>
  <testcase name="should set the backState to the provided value" time="0" classname="PhantomJS_1_9_8_(Mac_OS_X_0_0_0).unit.A Wex Back Button Directive"/>
  <testcase name="the backState should be falsy" time="0" classname="PhantomJS_1_9_8_(Mac_OS_X_0_0_0).unit.A Wex Back Button Directive"/>
  <testcase name="should set hide to a getter function returning the provided value" time="0" classname="PhantomJS_1_9_8_(Mac_OS_X_0_0_0).unit.A Wex Back Button Directive"/>
  <testcase name="should set hide to a function returning false" time="0" classname="PhantomJS_1_9_8_(Mac_OS_X_0_0_0).unit.A Wex Back Button Directive"/>
  <testcase name="should return the override state" time="0" classname="PhantomJS_1_9_8_(Mac_OS_X_0_0_0).unit.A Wex Back Button Directive"/>
  <testcase name="should return a falsy value" time="0" classname="PhantomJS_1_9_8_(Mac_OS_X_0_0_0).unit.A Wex Back Button Directive"/>
  <testcase name="should call $state.go with the back state" time="0" classname="PhantomJS_1_9_8_(Mac_OS_X_0_0_0).unit.A Wex Back Button Directive"/>
  <testcase name="should call $ionicHistory.goBack" time="0" classname="PhantomJS_1_9_8_(Mac_OS_X_0_0_0).unit.A Wex Back Button Directive"/>
  <testcase name="should return the provided value" time="0" classname="PhantomJS_1_9_8_(Mac_OS_X_0_0_0).unit.A Wex Back Button Directive"/>
  <testcase name="should return false" time="0" classname="PhantomJS_1_9_8_(Mac_OS_X_0_0_0).unit.A Wex Back Button Directive"/>
  <testcase name="should set backState to the provided value" time="0" classname="PhantomJS_1_9_8_(Mac_OS_X_0_0_0).unit.A Wex Back Button Directive"/>
  <testcase name="should set backState to null" time="0" classname="PhantomJS_1_9_8_(Mac_OS_X_0_0_0).unit.A Wex Back Button Directive"/>
  <testcase name="should set backState to null" time="0" classname="PhantomJS_1_9_8_(Mac_OS_X_0_0_0).unit.A Wex Back Button Directive"/>
  <testcase name="should set backState to null" time="0" classname="PhantomJS_1_9_8_(Mac_OS_X_0_0_0).unit.A Wex Back Button Directive"/>
  <testcase name="should set backState to null" time="0" classname="PhantomJS_1_9_8_(Mac_OS_X_0_0_0).unit.A Wex Back Button Directive"/>
  <testcase name="should return false" time="0" classname="PhantomJS_1_9_8_(Mac_OS_X_0_0_0).unit.A Wex Back Button Directive"/>
  <testcase name="should return true" time="0" classname="PhantomJS_1_9_8_(Mac_OS_X_0_0_0).unit.A Wex Back Button Directive"/>
  <testcase name="should return true" time="0" classname="PhantomJS_1_9_8_(Mac_OS_X_0_0_0).unit.A Wex Back Button Directive"/>
  <testcase name="should return false" time="0" classname="PhantomJS_1_9_8_(Mac_OS_X_0_0_0).unit.A Wex Back Button Directive"/>
  <testcase name="should set hide to a getter returning true" time="0" classname="PhantomJS_1_9_8_(Mac_OS_X_0_0_0).unit.A Wex Back Button Directive"/>
  <testcase name="should set hide to a getter returning false" time="0" classname="PhantomJS_1_9_8_(Mac_OS_X_0_0_0).unit.A Wex Back Button Directive"/>
  <testcase name="should call headerController.align after 35ms" time="0" classname="PhantomJS_1_9_8_(Mac_OS_X_0_0_0).unit.A Wex Back Button Directive"/>
  <testcase name="should set prevState to null" time="0" classname="PhantomJS_1_9_8_(Mac_OS_X_0_0_0).unit.A Wex Back State Directive"/>
  <testcase name="should set stateApplied to false" time="0" classname="PhantomJS_1_9_8_(Mac_OS_X_0_0_0).unit.A Wex Back State Directive"/>
  <testcase name="should set backButtonScope to null" time="0" classname="PhantomJS_1_9_8_(Mac_OS_X_0_0_0).unit.A Wex Back State Directive"/>
  <testcase name="should set activeViewState to null" time="0" classname="PhantomJS_1_9_8_(Mac_OS_X_0_0_0).unit.A Wex Back State Directive"/>
  <testcase name="should set a scope event listener for $ionicView.afterEnter" time="0" classname="PhantomJS_1_9_8_(Mac_OS_X_0_0_0).unit.A Wex Back State Directive"/>
  <testcase name="should set a root scope event listener for $stateChangeSuccess" time="0" classname="PhantomJS_1_9_8_(Mac_OS_X_0_0_0).unit.A Wex Back State Directive"/>
  <testcase name="should set wexBackState to the provided value" time="0" classname="PhantomJS_1_9_8_(Mac_OS_X_0_0_0).unit.A Wex Back State Directive"/>
  <testcase name="wexBackState should be falsy" time="0" classname="PhantomJS_1_9_8_(Mac_OS_X_0_0_0).unit.A Wex Back State Directive"/>
  <testcase name="should set prevState to the button's override back state" time="0" classname="PhantomJS_1_9_8_(Mac_OS_X_0_0_0).unit.A Wex Back State Directive"/>
  <testcase name="should call WexBackButton.overrideBackState with the back state" time="0" classname="PhantomJS_1_9_8_(Mac_OS_X_0_0_0).unit.A Wex Back State Directive"/>
  <testcase name="should set backButtonScope to the button's scope" time="0" classname="PhantomJS_1_9_8_(Mac_OS_X_0_0_0).unit.A Wex Back State Directive"/>
  <testcase name="should set prevState to the button's override back state" time="0" classname="PhantomJS_1_9_8_(Mac_OS_X_0_0_0).unit.A Wex Back State Directive"/>
  <testcase name="should call WexBackButton.overrideBackState with the back state" time="0" classname="PhantomJS_1_9_8_(Mac_OS_X_0_0_0).unit.A Wex Back State Directive"/>
  <testcase name="should set backButtonScope to the button's scope" time="0" classname="PhantomJS_1_9_8_(Mac_OS_X_0_0_0).unit.A Wex Back State Directive"/>
  <testcase name="should throw an error" time="0" classname="PhantomJS_1_9_8_(Mac_OS_X_0_0_0).unit.A Wex Back State Directive"/>
  <testcase name="should set stateApplied to true" time="0" classname="PhantomJS_1_9_8_(Mac_OS_X_0_0_0).unit.A Wex Back State Directive"/>
  <testcase name="should set activeViewState to the current state name" time="0" classname="PhantomJS_1_9_8_(Mac_OS_X_0_0_0).unit.A Wex Back State Directive"/>
  <testcase name="should call applyBackState" time="0" classname="PhantomJS_1_9_8_(Mac_OS_X_0_0_0).unit.A Wex Back State Directive"/>
  <testcase name="should NOT set activeViewState to the current state name" time="0" classname="PhantomJS_1_9_8_(Mac_OS_X_0_0_0).unit.A Wex Back State Directive"/>
  <testcase name="should NOT call applyBackState" time="0" classname="PhantomJS_1_9_8_(Mac_OS_X_0_0_0).unit.A Wex Back State Directive"/>
  <testcase name="should NOT set stateApplied to true" time="0" classname="PhantomJS_1_9_8_(Mac_OS_X_0_0_0).unit.A Wex Back State Directive"/>
  <testcase name="should NOT set activeViewState to the current state name" time="0" classname="PhantomJS_1_9_8_(Mac_OS_X_0_0_0).unit.A Wex Back State Directive"/>
  <testcase name="should NOT call applyBackState" time="0" classname="PhantomJS_1_9_8_(Mac_OS_X_0_0_0).unit.A Wex Back State Directive"/>
  <testcase name="should call removeBackState" time="0" classname="PhantomJS_1_9_8_(Mac_OS_X_0_0_0).unit.A Wex Back State Directive"/>
  <testcase name="should set stateApplied to false" time="0" classname="PhantomJS_1_9_8_(Mac_OS_X_0_0_0).unit.A Wex Back State Directive"/>
  <testcase name="should set activeViewState to null" time="0" classname="PhantomJS_1_9_8_(Mac_OS_X_0_0_0).unit.A Wex Back State Directive"/>
  <testcase name="should NOT call removeBackState" time="0" classname="PhantomJS_1_9_8_(Mac_OS_X_0_0_0).unit.A Wex Back State Directive"/>
  <testcase name="should NOT set activeViewState to null" time="0" classname="PhantomJS_1_9_8_(Mac_OS_X_0_0_0).unit.A Wex Back State Directive"/>
  <testcase name="should NOT call removeBackState" time="0" classname="PhantomJS_1_9_8_(Mac_OS_X_0_0_0).unit.A Wex Back State Directive"/>
  <testcase name="should NOT set activeViewState to null" time="0" classname="PhantomJS_1_9_8_(Mac_OS_X_0_0_0).unit.A Wex Back State Directive"/>
  <testcase name="should call WexBackButton.overrideBackState with prevState" time="0" classname="PhantomJS_1_9_8_(Mac_OS_X_0_0_0).unit.A Wex Back State Directive"/>
  <testcase name="should set backButtonScope to null" time="0" classname="PhantomJS_1_9_8_(Mac_OS_X_0_0_0).unit.A Wex Back State Directive"/>
  <testcase name="should throw an error" time="0" classname="PhantomJS_1_9_8_(Mac_OS_X_0_0_0).unit.A Wex Back State Directive"/>
  <testcase name="should return a properly formatted Card Number" time="0" classname="PhantomJS_1_9_8_(Mac_OS_X_0_0_0).unit.A WEX Card Number Filter"/>
  <testcase name="should pass validation when the input is formatted as a card suffix" time="0" classname="PhantomJS_1_9_8_(Mac_OS_X_0_0_0).unit.A Wex Card Suffix Directive"/>
  <testcase name="should fail validation when the input is not an integer" time="0" classname="PhantomJS_1_9_8_(Mac_OS_X_0_0_0).unit.A Wex Card Suffix Directive"/>
  <testcase name="should add a hyphen after 4 numbers have been entered" time="0" classname="PhantomJS_1_9_8_(Mac_OS_X_0_0_0).unit.A Wex Card Suffix Directive"/>
  <testcase name="should add the tel type to the input field" time="0" classname="PhantomJS_1_9_8_(Mac_OS_X_0_0_0).unit.A Wex Card Suffix Directive"/>
  <testcase name="should return a properly formatted Card Suffix number" time="0" classname="PhantomJS_1_9_8_(Mac_OS_X_0_0_0).unit.A WEX CardSuffix Filter"/>
  <testcase name="should add the 'balance-positive' class to the content element" time="0" classname="PhantomJS_1_9_8_(Mac_OS_X_0_0_0).unit.A WEX Colored Currency directive"/>
  <testcase name="should NOT add the 'balance-positive' class to the content element" time="0" classname="PhantomJS_1_9_8_(Mac_OS_X_0_0_0).unit.A WEX Colored Currency directive"/>
  <testcase name="should NOT add the 'balance-positive' class to the content element" time="0" classname="PhantomJS_1_9_8_(Mac_OS_X_0_0_0).unit.A WEX Colored Currency directive"/>
  <testcase name="should add the 'balance-positive' class to the content element" time="0" classname="PhantomJS_1_9_8_(Mac_OS_X_0_0_0).unit.A WEX Colored Currency directive"/>
  <testcase name="should NOT add the 'balance-positive' class to the content element" time="0" classname="PhantomJS_1_9_8_(Mac_OS_X_0_0_0).unit.A WEX Colored Currency directive"/>
  <testcase name="should add the 'balance-positive' class to the content element" time="0" classname="PhantomJS_1_9_8_(Mac_OS_X_0_0_0).unit.A WEX Colored Currency directive"/>
  <testcase name="should NOT add the 'balance-positive' class to the content element" time="0" classname="PhantomJS_1_9_8_(Mac_OS_X_0_0_0).unit.A WEX Colored Currency directive"/>
  <testcase name="should NOT add the 'balance-positive' class to the content element" time="0" classname="PhantomJS_1_9_8_(Mac_OS_X_0_0_0).unit.A WEX Colored Currency directive"/>
  <testcase name="should NOT add the 'balance-positive' class to the content element" time="0" classname="PhantomJS_1_9_8_(Mac_OS_X_0_0_0).unit.A WEX Colored Currency directive"/>
  <testcase name="should NOT add the 'balance-positive' class to the content element" time="0" classname="PhantomJS_1_9_8_(Mac_OS_X_0_0_0).unit.A WEX Colored Currency directive"/>
  <testcase name="should NOT add the 'balance-positive' class to the content element" time="0" classname="PhantomJS_1_9_8_(Mac_OS_X_0_0_0).unit.A WEX Colored Currency directive"/>
  <testcase name="should NOT add the 'balance-positive' class to the content element" time="0" classname="PhantomJS_1_9_8_(Mac_OS_X_0_0_0).unit.A WEX Colored Currency directive"/>
  <testcase name="should NOT add the 'balance-positive' class to the content element" time="0" classname="PhantomJS_1_9_8_(Mac_OS_X_0_0_0).unit.A WEX Colored Currency directive"/>
  <testcase name="should NOT add the 'balance-positive' class to the content element" time="0" classname="PhantomJS_1_9_8_(Mac_OS_X_0_0_0).unit.A WEX Colored Currency directive"/>
  <testcase name="should format a date to the expected string" time="0" classname="PhantomJS_1_9_8_(Mac_OS_X_0_0_0).unit.A WEX Default Date Format filter"/>
  <testcase name="should format a date to the expected string" time="0" classname="PhantomJS_1_9_8_(Mac_OS_X_0_0_0).unit.A WEX Default Date Time Format filter"/>
  <testcase name="should exist" time="0" classname="PhantomJS_1_9_8_(Mac_OS_X_0_0_0).unit.A WEX Field Error directive"/>
  <testcase name="should have the expected error icon" time="0" classname="PhantomJS_1_9_8_(Mac_OS_X_0_0_0).unit.A WEX Field Error directive"/>
  <testcase name="should have the transcluded child content" time="0" classname="PhantomJS_1_9_8_(Mac_OS_X_0_0_0).unit.A WEX Field Error directive"/>
  <testcase name="should have the expected CSS input-label class" time="0" classname="PhantomJS_1_9_8_(Mac_OS_X_0_0_0).unit.A WEX Field Label directive"/>
  <testcase name="should have the transcluded child content" time="0" classname="PhantomJS_1_9_8_(Mac_OS_X_0_0_0).unit.A WEX Field Label directive"/>
  <testcase name="should NOT have the error-text class" time="0" classname="PhantomJS_1_9_8_(Mac_OS_X_0_0_0).unit.A WEX Field Label directive"/>
  <testcase name="should have the error-text class" time="0" classname="PhantomJS_1_9_8_(Mac_OS_X_0_0_0).unit.A WEX Field Label directive"/>
  <testcase name="should NOT have the error-text class" time="0" classname="PhantomJS_1_9_8_(Mac_OS_X_0_0_0).unit.A WEX Field Label directive"/>
  <testcase name="should NOT have the error-text class" time="0" classname="PhantomJS_1_9_8_(Mac_OS_X_0_0_0).unit.A WEX Field Label directive"/>
  <testcase name="should NOT have the error-text class" time="0" classname="PhantomJS_1_9_8_(Mac_OS_X_0_0_0).unit.A WEX Field Label directive"/>
  <testcase name="should set prevState to null" time="0" classname="PhantomJS_1_9_8_(Mac_OS_X_0_0_0).unit.A Wex Hide Back Button Directive"/>
  <testcase name="should set stateApplied to false" time="0" classname="PhantomJS_1_9_8_(Mac_OS_X_0_0_0).unit.A Wex Hide Back Button Directive"/>
  <testcase name="should set backButtonScope to null" time="0" classname="PhantomJS_1_9_8_(Mac_OS_X_0_0_0).unit.A Wex Hide Back Button Directive"/>
  <testcase name="should set activeViewState to null" time="0" classname="PhantomJS_1_9_8_(Mac_OS_X_0_0_0).unit.A Wex Hide Back Button Directive"/>
  <testcase name="should set a scope event listener for $ionicView.afterEnter" time="0" classname="PhantomJS_1_9_8_(Mac_OS_X_0_0_0).unit.A Wex Hide Back Button Directive"/>
  <testcase name="should set a root scope event listener for $stateChangeSuccess" time="0" classname="PhantomJS_1_9_8_(Mac_OS_X_0_0_0).unit.A Wex Hide Back Button Directive"/>
  <testcase name="should set wexHideBackButton to the provided value" time="0" classname="PhantomJS_1_9_8_(Mac_OS_X_0_0_0).unit.A Wex Hide Back Button Directive"/>
  <testcase name="wexHideBackButton should be falsy" time="0" classname="PhantomJS_1_9_8_(Mac_OS_X_0_0_0).unit.A Wex Hide Back Button Directive"/>
  <testcase name="should set prevState to the button's hide state" time="0" classname="PhantomJS_1_9_8_(Mac_OS_X_0_0_0).unit.A Wex Hide Back Button Directive"/>
  <testcase name="should call WexBackButton.setHidden with the hide state" time="0" classname="PhantomJS_1_9_8_(Mac_OS_X_0_0_0).unit.A Wex Hide Back Button Directive"/>
  <testcase name="should set backButtonScope to the button's scope" time="0" classname="PhantomJS_1_9_8_(Mac_OS_X_0_0_0).unit.A Wex Hide Back Button Directive"/>
  <testcase name="should set prevState to the button's hide state" time="0" classname="PhantomJS_1_9_8_(Mac_OS_X_0_0_0).unit.A Wex Hide Back Button Directive"/>
  <testcase name="should call WexBackButton.setHidden with the hide state" time="0" classname="PhantomJS_1_9_8_(Mac_OS_X_0_0_0).unit.A Wex Hide Back Button Directive"/>
  <testcase name="should set backButtonScope to the button's scope" time="0" classname="PhantomJS_1_9_8_(Mac_OS_X_0_0_0).unit.A Wex Hide Back Button Directive"/>
  <testcase name="should throw an error" time="0" classname="PhantomJS_1_9_8_(Mac_OS_X_0_0_0).unit.A Wex Hide Back Button Directive"/>
  <testcase name="should set stateApplied to true" time="0" classname="PhantomJS_1_9_8_(Mac_OS_X_0_0_0).unit.A Wex Hide Back Button Directive"/>
  <testcase name="should set activeViewState to the current state name" time="0" classname="PhantomJS_1_9_8_(Mac_OS_X_0_0_0).unit.A Wex Hide Back Button Directive"/>
  <testcase name="should call applyHideState" time="0" classname="PhantomJS_1_9_8_(Mac_OS_X_0_0_0).unit.A Wex Hide Back Button Directive"/>
  <testcase name="should NOT set activeViewState to the current state name" time="0" classname="PhantomJS_1_9_8_(Mac_OS_X_0_0_0).unit.A Wex Hide Back Button Directive"/>
  <testcase name="should NOT call applyHideState" time="0" classname="PhantomJS_1_9_8_(Mac_OS_X_0_0_0).unit.A Wex Hide Back Button Directive"/>
  <testcase name="should call removeHideState" time="0" classname="PhantomJS_1_9_8_(Mac_OS_X_0_0_0).unit.A Wex Hide Back Button Directive"/>
  <testcase name="should set stateApplied to false" time="0" classname="PhantomJS_1_9_8_(Mac_OS_X_0_0_0).unit.A Wex Hide Back Button Directive"/>
  <testcase name="should set activeViewState to null" time="0" classname="PhantomJS_1_9_8_(Mac_OS_X_0_0_0).unit.A Wex Hide Back Button Directive"/>
  <testcase name="should NOT call removeHideState" time="0" classname="PhantomJS_1_9_8_(Mac_OS_X_0_0_0).unit.A Wex Hide Back Button Directive"/>
  <testcase name="should NOT set activeViewState to null" time="0" classname="PhantomJS_1_9_8_(Mac_OS_X_0_0_0).unit.A Wex Hide Back Button Directive"/>
  <testcase name="should NOT call removeHideState" time="0" classname="PhantomJS_1_9_8_(Mac_OS_X_0_0_0).unit.A Wex Hide Back Button Directive"/>
  <testcase name="should NOT set activeViewState to null" time="0" classname="PhantomJS_1_9_8_(Mac_OS_X_0_0_0).unit.A Wex Hide Back Button Directive"/>
  <testcase name="should call WexBackButton.setHidden with prevState" time="0" classname="PhantomJS_1_9_8_(Mac_OS_X_0_0_0).unit.A Wex Hide Back Button Directive"/>
  <testcase name="should set backButtonScope to null" time="0" classname="PhantomJS_1_9_8_(Mac_OS_X_0_0_0).unit.A Wex Hide Back Button Directive"/>
  <testcase name="should throw an error" time="0" classname="PhantomJS_1_9_8_(Mac_OS_X_0_0_0).unit.A Wex Hide Back Button Directive"/>
  <testcase name="should initialize allDataLoaded to false" time="0" classname="PhantomJS_1_9_8_(Mac_OS_X_0_0_0).unit.A WEX Infinite List Directive"/>
  <testcase name="should initialize reloadDistance to the given value" time="0" classname="PhantomJS_1_9_8_(Mac_OS_X_0_0_0).unit.A WEX Infinite List Directive"/>
  <testcase name="should initialize reloadDistance to the default value" time="0" classname="PhantomJS_1_9_8_(Mac_OS_X_0_0_0).unit.A WEX Infinite List Directive"/>
  <testcase name="should initialize loadingComplete to a getter for the given value" time="0" classname="PhantomJS_1_9_8_(Mac_OS_X_0_0_0).unit.A WEX Infinite List Directive"/>
  <testcase name="should initialize loadingComplete to a getter for allDataLoaded" time="0" classname="PhantomJS_1_9_8_(Mac_OS_X_0_0_0).unit.A WEX Infinite List Directive"/>
  <testcase name="should NOT call onReload" time="0" classname="PhantomJS_1_9_8_(Mac_OS_X_0_0_0).unit.A WEX Infinite List Directive"/>
  <testcase name="should NOT change the value of allDataLoaded" time="0" classname="PhantomJS_1_9_8_(Mac_OS_X_0_0_0).unit.A WEX Infinite List Directive"/>
  <testcase name="should call onPageLoaded" time="0" classname="PhantomJS_1_9_8_(Mac_OS_X_0_0_0).unit.A WEX Infinite List Directive"/>
  <testcase name="should broadcast scroll.infiniteScrollComplete" time="0" classname="PhantomJS_1_9_8_(Mac_OS_X_0_0_0).unit.A WEX Infinite List Directive"/>
  <testcase name="should call onReload" time="0" classname="PhantomJS_1_9_8_(Mac_OS_X_0_0_0).unit.A WEX Infinite List Directive"/>
  <testcase name="should set allDataLoaded to true" time="0" classname="PhantomJS_1_9_8_(Mac_OS_X_0_0_0).unit.A WEX Infinite List Directive"/>
  <testcase name="should call onPageLoaded" time="0" classname="PhantomJS_1_9_8_(Mac_OS_X_0_0_0).unit.A WEX Infinite List Directive"/>
  <testcase name="should broadcast scroll.infiniteScrollComplete" time="0" classname="PhantomJS_1_9_8_(Mac_OS_X_0_0_0).unit.A WEX Infinite List Directive"/>
  <testcase name="should set allDataLoaded to false" time="0" classname="PhantomJS_1_9_8_(Mac_OS_X_0_0_0).unit.A WEX Infinite List Directive"/>
  <testcase name="should call onPageLoaded" time="0" classname="PhantomJS_1_9_8_(Mac_OS_X_0_0_0).unit.A WEX Infinite List Directive"/>
  <testcase name="should broadcast scroll.infiniteScrollComplete" time="0" classname="PhantomJS_1_9_8_(Mac_OS_X_0_0_0).unit.A WEX Infinite List Directive"/>
  <testcase name="should set allDataLoaded to false" time="0" classname="PhantomJS_1_9_8_(Mac_OS_X_0_0_0).unit.A WEX Infinite List Directive"/>
  <testcase name="should call onPageLoaded" time="0" classname="PhantomJS_1_9_8_(Mac_OS_X_0_0_0).unit.A WEX Infinite List Directive"/>
  <testcase name="should broadcast scroll.infiniteScrollComplete" time="0" classname="PhantomJS_1_9_8_(Mac_OS_X_0_0_0).unit.A WEX Infinite List Directive"/>
  <testcase name="should NOT change the value of allDataLoaded" time="0" classname="PhantomJS_1_9_8_(Mac_OS_X_0_0_0).unit.A WEX Infinite List Directive"/>
  <testcase name="should call onPageLoaded" time="0" classname="PhantomJS_1_9_8_(Mac_OS_X_0_0_0).unit.A WEX Infinite List Directive"/>
  <testcase name="should broadcast scroll.infiniteScrollComplete" time="0" classname="PhantomJS_1_9_8_(Mac_OS_X_0_0_0).unit.A WEX Infinite List Directive"/>
  <testcase name="should NOT call onReload" time="0" classname="PhantomJS_1_9_8_(Mac_OS_X_0_0_0).unit.A WEX Infinite List Directive"/>
  <testcase name="should NOT change the value of allDataLoaded" time="0" classname="PhantomJS_1_9_8_(Mac_OS_X_0_0_0).unit.A WEX Infinite List Directive"/>
  <testcase name="should call onPageLoaded" time="0" classname="PhantomJS_1_9_8_(Mac_OS_X_0_0_0).unit.A WEX Infinite List Directive"/>
  <testcase name="should broadcast scroll.infiniteScrollComplete" time="0" classname="PhantomJS_1_9_8_(Mac_OS_X_0_0_0).unit.A WEX Infinite List Directive"/>
  <testcase name="should call onReload" time="0" classname="PhantomJS_1_9_8_(Mac_OS_X_0_0_0).unit.A WEX Infinite List Directive"/>
  <testcase name="should set allDataLoaded to true" time="0" classname="PhantomJS_1_9_8_(Mac_OS_X_0_0_0).unit.A WEX Infinite List Directive"/>
  <testcase name="should call onPageLoaded" time="0" classname="PhantomJS_1_9_8_(Mac_OS_X_0_0_0).unit.A WEX Infinite List Directive"/>
  <testcase name="should broadcast scroll.infiniteScrollComplete" time="0" classname="PhantomJS_1_9_8_(Mac_OS_X_0_0_0).unit.A WEX Infinite List Directive"/>
  <testcase name="should set allDataLoaded to false" time="0" classname="PhantomJS_1_9_8_(Mac_OS_X_0_0_0).unit.A WEX Infinite List Directive"/>
  <testcase name="should call onPageLoaded" time="0" classname="PhantomJS_1_9_8_(Mac_OS_X_0_0_0).unit.A WEX Infinite List Directive"/>
  <testcase name="should broadcast scroll.infiniteScrollComplete" time="0" classname="PhantomJS_1_9_8_(Mac_OS_X_0_0_0).unit.A WEX Infinite List Directive"/>
  <testcase name="should set allDataLoaded to false" time="0" classname="PhantomJS_1_9_8_(Mac_OS_X_0_0_0).unit.A WEX Infinite List Directive"/>
  <testcase name="should call onPageLoaded" time="0" classname="PhantomJS_1_9_8_(Mac_OS_X_0_0_0).unit.A WEX Infinite List Directive"/>
  <testcase name="should broadcast scroll.infiniteScrollComplete" time="0" classname="PhantomJS_1_9_8_(Mac_OS_X_0_0_0).unit.A WEX Infinite List Directive"/>
  <testcase name="should NOT change the value of allDataLoaded" time="0" classname="PhantomJS_1_9_8_(Mac_OS_X_0_0_0).unit.A WEX Infinite List Directive"/>
  <testcase name="should call onPageLoaded" time="0" classname="PhantomJS_1_9_8_(Mac_OS_X_0_0_0).unit.A WEX Infinite List Directive"/>
  <testcase name="should broadcast scroll.infiniteScrollComplete" time="0" classname="PhantomJS_1_9_8_(Mac_OS_X_0_0_0).unit.A WEX Infinite List Directive"/>
  <testcase name="should pass validation when the input is an integer" time="0" classname="PhantomJS_1_9_8_(Mac_OS_X_0_0_0).unit.A Wex Integer Directive"/>
  <testcase name="should fail validation when the input is not an integer" time="0" classname="PhantomJS_1_9_8_(Mac_OS_X_0_0_0).unit.A Wex Integer Directive"/>
  <testcase name="should add the tel type to the input field" time="0" classname="PhantomJS_1_9_8_(Mac_OS_X_0_0_0).unit.A Wex Integer Directive"/>
  <testcase name="should NOT modify the value when the input length is less than the max length" time="0" classname="PhantomJS_1_9_8_(Mac_OS_X_0_0_0).unit.A WEX Max Length directive"/>
  <testcase name="should NOT modify the value when the input length equals the max length" time="0" classname="PhantomJS_1_9_8_(Mac_OS_X_0_0_0).unit.A WEX Max Length directive"/>
  <testcase name="should modify the value when the input length is greater than the max length" time="0" classname="PhantomJS_1_9_8_(Mac_OS_X_0_0_0).unit.A WEX Max Length directive"/>
  <testcase name="should register the expected event listeners" time="0" classname="PhantomJS_1_9_8_(Mac_OS_X_0_0_0).unit.A WEX No Transition directive"/>
  <testcase name="should set the attribute 'last-transition' to the value of 'nav-view-transition' on the ion-nav-view" time="0" classname="PhantomJS_1_9_8_(Mac_OS_X_0_0_0).unit.A WEX No Transition directive"/>
  <testcase name="should set the attribute 'nav-view-transition' on the ion-nav-view to 'none'" time="0" classname="PhantomJS_1_9_8_(Mac_OS_X_0_0_0).unit.A WEX No Transition directive"/>
  <testcase name="should set the attribute 'nav-view-transition' to the value of 'last-transition' on the ion-nav-view" time="0" classname="PhantomJS_1_9_8_(Mac_OS_X_0_0_0).unit.A WEX No Transition directive"/>
  <testcase name="should remove the attribute 'last-transition' from the ion-nav-view" time="0" classname="PhantomJS_1_9_8_(Mac_OS_X_0_0_0).unit.A WEX No Transition directive"/>
  <testcase name="should exist" time="0" classname="PhantomJS_1_9_8_(Mac_OS_X_0_0_0).unit.A WEX Notification Bar directive"/>
  <testcase name="should be a ion-header-bar" time="0" classname="PhantomJS_1_9_8_(Mac_OS_X_0_0_0).unit.A WEX Notification Bar directive"/>
  <testcase name="should be a header" time="0" classname="PhantomJS_1_9_8_(Mac_OS_X_0_0_0).unit.A WEX Notification Bar directive"/>
  <testcase name="should align the title to the center" time="0" classname="PhantomJS_1_9_8_(Mac_OS_X_0_0_0).unit.A WEX Notification Bar directive"/>
  <testcase name="should have the transcluded child content" time="0" classname="PhantomJS_1_9_8_(Mac_OS_X_0_0_0).unit.A WEX Notification Bar directive"/>
  <testcase name="should exist" time="0" classname="PhantomJS_1_9_8_(Mac_OS_X_0_0_0).unit.A WEX Notification Bar directive"/>
  <testcase name="should contain the title text" time="0" classname="PhantomJS_1_9_8_(Mac_OS_X_0_0_0).unit.A WEX Notification Bar directive"/>
  <testcase name="should add a close button" time="0" classname="PhantomJS_1_9_8_(Mac_OS_X_0_0_0).unit.A WEX Notification Bar directive"/>
  <testcase name="should not add a close button" time="0" classname="PhantomJS_1_9_8_(Mac_OS_X_0_0_0).unit.A WEX Notification Bar directive"/>
  <testcase name="should apply the has-subheader class to the active ion-content" time="0" classname="PhantomJS_1_9_8_(Mac_OS_X_0_0_0).unit.A WEX Notification Bar directive"/>
  <testcase name="should NOT apply the has-header class to the active ion-content" time="0" classname="PhantomJS_1_9_8_(Mac_OS_X_0_0_0).unit.A WEX Notification Bar directive"/>
  <testcase name="should apply the has-header class to the active ion-content" time="0" classname="PhantomJS_1_9_8_(Mac_OS_X_0_0_0).unit.A WEX Notification Bar directive"/>
  <testcase name="should NOT apply the has-subheader class to the active ion-content" time="0" classname="PhantomJS_1_9_8_(Mac_OS_X_0_0_0).unit.A WEX Notification Bar directive"/>
  <testcase name="should NOT apply the has-header class to the active ion-content" time="0" classname="PhantomJS_1_9_8_(Mac_OS_X_0_0_0).unit.A WEX Notification Bar directive"/>
  <testcase name="should NOT apply the has-subheader class to the active ion-content" time="0" classname="PhantomJS_1_9_8_(Mac_OS_X_0_0_0).unit.A WEX Notification Bar directive"/>
  <testcase name="should be a subheader" time="0" classname="PhantomJS_1_9_8_(Mac_OS_X_0_0_0).unit.A WEX Notification Bar directive"/>
  <testcase name="should NOT be a subheader" time="0" classname="PhantomJS_1_9_8_(Mac_OS_X_0_0_0).unit.A WEX Notification Bar directive"/>
  <testcase name="should allow decimals by default" time="0" classname="PhantomJS_1_9_8_(Mac_OS_X_0_0_0).unit.A WEX Numeric Input Field directive"/>
  <testcase name="should allow keypad toggling by default" time="0" classname="PhantomJS_1_9_8_(Mac_OS_X_0_0_0).unit.A WEX Numeric Input Field directive"/>
  <testcase name="should set the model display element to the directive's element by default" time="0" classname="PhantomJS_1_9_8_(Mac_OS_X_0_0_0).unit.A WEX Numeric Input Field directive"/>
  <testcase name="should add a numeric keypad to the active view content" time="0" classname="PhantomJS_1_9_8_(Mac_OS_X_0_0_0).unit.A WEX Numeric Input Field directive">
    <skipped/>
  </testcase>
  <testcase name="should set a click handler on the directive element" time="0" classname="PhantomJS_1_9_8_(Mac_OS_X_0_0_0).unit.A WEX Numeric Input Field directive"/>
  <testcase name="should add a native.keyboardshow listener" time="0" classname="PhantomJS_1_9_8_(Mac_OS_X_0_0_0).unit.A WEX Numeric Input Field directive"/>
  <testcase name="should allow decimals" time="0" classname="PhantomJS_1_9_8_(Mac_OS_X_0_0_0).unit.A WEX Numeric Input Field directive"/>
  <testcase name="should not allow decimals" time="0" classname="PhantomJS_1_9_8_(Mac_OS_X_0_0_0).unit.A WEX Numeric Input Field directive"/>
  <testcase name="should allow keypad toggling" time="0" classname="PhantomJS_1_9_8_(Mac_OS_X_0_0_0).unit.A WEX Numeric Input Field directive"/>
  <testcase name="should NOT allow keypad toggling" time="0" classname="PhantomJS_1_9_8_(Mac_OS_X_0_0_0).unit.A WEX Numeric Input Field directive"/>
  <testcase name="should NOT apply any filters to the model" time="0" classname="PhantomJS_1_9_8_(Mac_OS_X_0_0_0).unit.A WEX Numeric Input Field directive"/>
  <testcase name="should apply the filter to the model" time="0" classname="PhantomJS_1_9_8_(Mac_OS_X_0_0_0).unit.A WEX Numeric Input Field directive"/>
  <testcase name="should apply the filters to the model in order" time="0" classname="PhantomJS_1_9_8_(Mac_OS_X_0_0_0).unit.A WEX Numeric Input Field directive"/>
  <testcase name="should set the model display element to that element" time="0" classname="PhantomJS_1_9_8_(Mac_OS_X_0_0_0).unit.A WEX Numeric Input Field directive"/>
  <testcase name="should set the model display element to the directive's element" time="0" classname="PhantomJS_1_9_8_(Mac_OS_X_0_0_0).unit.A WEX Numeric Input Field directive"/>
  <testcase name="should call removeEventListeners" time="0" classname="PhantomJS_1_9_8_(Mac_OS_X_0_0_0).unit.A WEX Numeric Input Field directive">
    <skipped/>
  </testcase>
  <testcase name="should return false" time="0" classname="PhantomJS_1_9_8_(Mac_OS_X_0_0_0).unit.A WEX Numeric Input Field directive"/>
  <testcase name="should return false" time="0" classname="PhantomJS_1_9_8_(Mac_OS_X_0_0_0).unit.A WEX Numeric Input Field directive"/>
  <testcase name="should return true" time="0" classname="PhantomJS_1_9_8_(Mac_OS_X_0_0_0).unit.A WEX Numeric Input Field directive"/>
  <testcase name="should return false" time="0" classname="PhantomJS_1_9_8_(Mac_OS_X_0_0_0).unit.A WEX Numeric Input Field directive"/>
  <testcase name="should set keypadVisible to true" time="0" classname="PhantomJS_1_9_8_(Mac_OS_X_0_0_0).unit.A WEX Numeric Input Field directive"/>
  <testcase name="should add the 'has-numeric-keypad' class to the content element" time="0" classname="PhantomJS_1_9_8_(Mac_OS_X_0_0_0).unit.A WEX Numeric Input Field directive"/>
  <testcase name="should set keypadVisible to false" time="0" classname="PhantomJS_1_9_8_(Mac_OS_X_0_0_0).unit.A WEX Numeric Input Field directive"/>
  <testcase name="should remove the 'has-numeric-keypad' class from the content element" time="0" classname="PhantomJS_1_9_8_(Mac_OS_X_0_0_0).unit.A WEX Numeric Input Field directive"/>
  <testcase name="should set keypadVisible to false" time="0" classname="PhantomJS_1_9_8_(Mac_OS_X_0_0_0).unit.A WEX Numeric Input Field directive"/>
  <testcase name="should set keypadVisible to true" time="0" classname="PhantomJS_1_9_8_(Mac_OS_X_0_0_0).unit.A WEX Numeric Input Field directive"/>
  <testcase name="should NOT change keypadVisible" time="0" classname="PhantomJS_1_9_8_(Mac_OS_X_0_0_0).unit.A WEX Numeric Input Field directive"/>
  <testcase name="should NOT change keypadVisible" time="0" classname="PhantomJS_1_9_8_(Mac_OS_X_0_0_0).unit.A WEX Numeric Input Field directive"/>
  <testcase name="should append the value to the model" time="0" classname="PhantomJS_1_9_8_(Mac_OS_X_0_0_0).unit.A WEX Numeric Input Field directive"/>
  <testcase name="should append the value to the model" time="0" classname="PhantomJS_1_9_8_(Mac_OS_X_0_0_0).unit.A WEX Numeric Input Field directive"/>
  <testcase name="should remove the last character from the model" time="0" classname="PhantomJS_1_9_8_(Mac_OS_X_0_0_0).unit.A WEX Numeric Input Field directive"/>
  <testcase name="should have no effect on the model" time="0" classname="PhantomJS_1_9_8_(Mac_OS_X_0_0_0).unit.A WEX Numeric Input Field directive"/>
  <testcase name="should call the callback with the expected values" time="0" classname="PhantomJS_1_9_8_(Mac_OS_X_0_0_0).unit.A WEX Numeric Input Field directive"/>
  <testcase name="should remove the native.keyboardshow listener" time="0" classname="PhantomJS_1_9_8_(Mac_OS_X_0_0_0).unit.A WEX Numeric Input Field directive"/>
  <testcase name="should remove the directive element's click handler" time="0" classname="PhantomJS_1_9_8_(Mac_OS_X_0_0_0).unit.A WEX Numeric Input Field directive"/>
  <testcase name="should return 0" time="0" classname="PhantomJS_1_9_8_(Mac_OS_X_0_0_0).unit.A WEX Payment Amount filter"/>
  <testcase name="should return the amount divided by 100" time="0" classname="PhantomJS_1_9_8_(Mac_OS_X_0_0_0).unit.A WEX Payment Amount filter"/>
  <testcase name="should NOT set the target field's required error to true" time="0" classname="PhantomJS_1_9_8_(Mac_OS_X_0_0_0).unit.A WEX Required directive"/>
  <testcase name="should set the target field's required error to true" time="0" classname="PhantomJS_1_9_8_(Mac_OS_X_0_0_0).unit.A WEX Required directive"/>
  <testcase name="should set the target field's required error to true" time="0" classname="PhantomJS_1_9_8_(Mac_OS_X_0_0_0).unit.A WEX Required directive"/>
  <testcase name="should NOT set the target field's required error to true" time="0" classname="PhantomJS_1_9_8_(Mac_OS_X_0_0_0).unit.A WEX Required directive"/>
  <testcase name="should set the target field's required error to true" time="0" classname="PhantomJS_1_9_8_(Mac_OS_X_0_0_0).unit.A WEX Required directive"/>
  <testcase name="should exist" time="0" classname="PhantomJS_1_9_8_(Mac_OS_X_0_0_0).unit.A WEX Required Submit directive"/>
  <testcase name="should have the expected label text" time="0" classname="PhantomJS_1_9_8_(Mac_OS_X_0_0_0).unit.A WEX Required Submit directive"/>
  <testcase name="should be disabled by default" time="0" classname="PhantomJS_1_9_8_(Mac_OS_X_0_0_0).unit.A WEX Required Submit directive"/>
  <testcase name="should be disabled" time="0" classname="PhantomJS_1_9_8_(Mac_OS_X_0_0_0).unit.A WEX Required Submit directive"/>
  <testcase name="should be enabled" time="0" classname="PhantomJS_1_9_8_(Mac_OS_X_0_0_0).unit.A WEX Required Submit directive"/>
  <testcase name="should have the img-scalable CSS class" time="0" classname="PhantomJS_1_9_8_(Mac_OS_X_0_0_0).unit.A WEX Scalable Img directive"/>
  <testcase name="should have a background-image CSS style that points to the image source" time="0" classname="PhantomJS_1_9_8_(Mac_OS_X_0_0_0).unit.A WEX Scalable Img directive"/>
  <testcase name="should be a submit button" time="0" classname="PhantomJS_1_9_8_(Mac_OS_X_0_0_0).unit.A Wex Submit Directive"/>
  <testcase name="should set the scope's submitted value when clicked" time="0" classname="PhantomJS_1_9_8_(Mac_OS_X_0_0_0).unit.A Wex Submit Directive"/>
  <testcase name="should set the button's text to be the text within the wex-submit tag" time="0" classname="PhantomJS_1_9_8_(Mac_OS_X_0_0_0).unit.A Wex Submit Directive"/>
  <testcase name="should replace the wex-tool-tip element with a help button" time="0" classname="PhantomJS_1_9_8_(Mac_OS_X_0_0_0).unit.A WEX ToolTip Directive"/>
  <testcase name="should set the title on the directive's scope" time="0" classname="PhantomJS_1_9_8_(Mac_OS_X_0_0_0).unit.A WEX ToolTip Directive">
    <skipped/>
  </testcase>
  <testcase name="should set the body on the directive's scope" time="0" classname="PhantomJS_1_9_8_(Mac_OS_X_0_0_0).unit.A WEX ToolTip Directive">
    <skipped/>
  </testcase>
  <testcase name="should set the closeButton on the directive's scope" time="0" classname="PhantomJS_1_9_8_(Mac_OS_X_0_0_0).unit.A WEX ToolTip Directive">
    <skipped/>
  </testcase>
  <testcase name="should set the title on the directive's scope" time="0" classname="PhantomJS_1_9_8_(Mac_OS_X_0_0_0).unit.A WEX ToolTip Directive"/>
  <testcase name="should set the body on the directive's scope" time="0" classname="PhantomJS_1_9_8_(Mac_OS_X_0_0_0).unit.A WEX ToolTip Directive"/>
  <testcase name="should set the closeButton on the directive's scope" time="0" classname="PhantomJS_1_9_8_(Mac_OS_X_0_0_0).unit.A WEX ToolTip Directive"/>
  <testcase name="should set the title on the directive's scope to empty string" time="0" classname="PhantomJS_1_9_8_(Mac_OS_X_0_0_0).unit.A WEX ToolTip Directive"/>
  <testcase name="should set the body on the directive's scope to empty string" time="0" classname="PhantomJS_1_9_8_(Mac_OS_X_0_0_0).unit.A WEX ToolTip Directive"/>
  <testcase name="should set the closeButton on the directive's scope to empty string" time="0" classname="PhantomJS_1_9_8_(Mac_OS_X_0_0_0).unit.A WEX ToolTip Directive"/>
  <testcase name="should set the title on the directive's scope to empty string" time="0" classname="PhantomJS_1_9_8_(Mac_OS_X_0_0_0).unit.A WEX ToolTip Directive"/>
  <testcase name="should set the body on the directive's scope to empty string" time="0" classname="PhantomJS_1_9_8_(Mac_OS_X_0_0_0).unit.A WEX ToolTip Directive"/>
  <testcase name="should set the closeButton on the directive's scope to empty string" time="0" classname="PhantomJS_1_9_8_(Mac_OS_X_0_0_0).unit.A WEX ToolTip Directive"/>
  <testcase name="should create a Modal from a ToolTip Modal Template" time="0" classname="PhantomJS_1_9_8_(Mac_OS_X_0_0_0).unit.A WEX ToolTip Directive"/>
  <testcase name="should set the scope on the Modal to the directive's scope" time="0" classname="PhantomJS_1_9_8_(Mac_OS_X_0_0_0).unit.A WEX ToolTip Directive"/>
  <testcase name="should set the ToolTip's animation to slide-in-up" time="0" classname="PhantomJS_1_9_8_(Mac_OS_X_0_0_0).unit.A WEX ToolTip Directive"/>
  <testcase name="should disable the ability to close the ToolTip by clicking on the Backdrop" time="0" classname="PhantomJS_1_9_8_(Mac_OS_X_0_0_0).unit.A WEX ToolTip Directive"/>
  <testcase name="should add the ToolTip Modal to the directive's scope" time="0" classname="PhantomJS_1_9_8_(Mac_OS_X_0_0_0).unit.A WEX ToolTip Directive"/>
  <testcase name="should call the modal's show function" time="0" classname="PhantomJS_1_9_8_(Mac_OS_X_0_0_0).unit.A WEX ToolTip Directive"/>
  <testcase name="should call the modal's hide function" time="0" classname="PhantomJS_1_9_8_(Mac_OS_X_0_0_0).unit.A WEX ToolTip Directive"/>
  <testcase name="should call the registered onShow handler" time="0" classname="PhantomJS_1_9_8_(Mac_OS_X_0_0_0).unit.A WEX ToolTip Directive"/>
  <testcase name="should call the registered onHide handler" time="0" classname="PhantomJS_1_9_8_(Mac_OS_X_0_0_0).unit.A WEX ToolTip Directive"/>
  <testcase name="should call the registered onClose handler" time="0" classname="PhantomJS_1_9_8_(Mac_OS_X_0_0_0).unit.A WEX ToolTip Directive"/>
  <testcase name="should call the modal's remove function" time="0" classname="PhantomJS_1_9_8_(Mac_OS_X_0_0_0).unit.A WEX ToolTip Directive"/>
  <system-out>
    <![CDATA[
]]>
  </system-out>
  <system-err/>
</testsuite>